<?xml version="1.0" encoding="UTF-8"?>
<coverage generated="1611097418744" clover="3.2.0">
  <project timestamp="1611097418744" name="All files">
    <metrics statements="11363" coveredstatements="6238" conditionals="7404" coveredconditionals="3530" methods="2400" coveredmethods="1300" elements="21167" coveredelements="11068" complexity="0" loc="11363" ncloc="11363" packages="80" files="227" classes="227"/>
    <package name="src">
      <metrics statements="28" coveredstatements="25" conditionals="23" coveredconditionals="16" methods="3" coveredmethods="2"/>
      <file name="index.js" path="/Users/jlong/Documents/grapesJS/grapesjs/src/index.js">
        <metrics statements="28" coveredstatements="25" conditionals="23" coveredconditionals="16" methods="3" coveredmethods="2"/>
        <line num="7" count="70" type="stmt"/>
        <line num="9" count="70" type="stmt"/>
        <line num="10" count="70" type="stmt"/>
        <line num="11" count="70" type="stmt"/>
        <line num="12" count="70" type="stmt"/>
        <line num="53" count="60" type="stmt"/>
        <line num="54" count="60" type="cond" truecount="1" falsecount="1"/>
        <line num="55" count="60" type="stmt"/>
        <line num="56" count="60" type="cond" truecount="2" falsecount="0"/>
        <line num="57" count="60" type="stmt"/>
        <line num="60" count="60" type="stmt"/>
        <line num="61" count="6" type="stmt"/>
        <line num="62" count="6" type="cond" truecount="2" falsecount="0"/>
        <line num="65" count="6" type="cond" truecount="2" falsecount="0"/>
        <line num="66" count="3" type="stmt"/>
        <line num="67" count="3" type="cond" truecount="3" falsecount="1"/>
        <line num="70" count="6" type="cond" truecount="2" falsecount="0"/>
        <line num="71" count="4" type="stmt"/>
        <line num="72" count="2" type="cond" truecount="1" falsecount="1"/>
        <line num="73" count="2" type="stmt"/>
        <line num="75" count="0" type="stmt"/>
        <line num="82" count="60" type="stmt"/>
        <line num="83" count="60" type="cond" truecount="2" falsecount="0"/>
        <line num="85" count="60" type="cond" truecount="1" falsecount="1"/>
        <line num="86" count="0" type="stmt"/>
        <line num="88" count="60" type="stmt"/>
        <line num="91" count="60" type="stmt"/>
        <line num="100" count="0" type="cond" truecount="0" falsecount="2"/>
      </file>
    </package>
    <package name="src.asset_manager">
      <metrics statements="68" coveredstatements="57" conditionals="32" coveredconditionals="25" methods="28" coveredmethods="17"/>
      <file name="index.js" path="/Users/jlong/Documents/grapesJS/grapesjs/src/asset_manager/index.js">
        <metrics statements="68" coveredstatements="57" conditionals="32" coveredconditionals="25" methods="28" coveredmethods="17"/>
        <line num="39" count="500" type="stmt"/>
        <line num="42" count="500" type="stmt"/>
        <line num="58" count="0" type="stmt"/>
        <line num="67" count="500" type="cond" truecount="2" falsecount="0"/>
        <line num="69" count="500" type="stmt"/>
        <line num="70" count="9500" type="cond" truecount="1" falsecount="1"/>
        <line num="73" count="500" type="stmt"/>
        <line num="74" count="500" type="stmt"/>
        <line num="76" count="500" type="cond" truecount="2" falsecount="0"/>
        <line num="77" count="52" type="stmt"/>
        <line num="81" count="500" type="stmt"/>
        <line num="82" count="500" type="stmt"/>
        <line num="88" count="500" type="stmt"/>
        <line num="89" count="500" type="stmt"/>
        <line num="90" count="500" type="stmt"/>
        <line num="93" count="500" type="stmt"/>
        <line num="94" count="8" type="stmt"/>
        <line num="95" count="8" type="cond" truecount="1" falsecount="1"/>
        <line num="98" count="500" type="stmt"/>
        <line num="99" count="2" type="stmt"/>
        <line num="100" count="2" type="cond" truecount="1" falsecount="1"/>
        <line num="103" count="500" type="stmt"/>
        <line num="131" count="7" type="cond" truecount="1" falsecount="1"/>
        <line num="132" count="7" type="stmt"/>
        <line num="135" count="7" type="stmt"/>
        <line num="146" count="5" type="stmt"/>
        <line num="154" count="81" type="stmt"/>
        <line num="162" count="10" type="stmt"/>
        <line num="173" count="2" type="stmt"/>
        <line num="174" count="2" type="stmt"/>
        <line num="175" count="2" type="stmt"/>
        <line num="186" count="1" type="stmt"/>
        <line num="187" count="1" type="stmt"/>
        <line num="188" count="1" type="stmt"/>
        <line num="189" count="1" type="cond" truecount="3" falsecount="1"/>
        <line num="190" count="1" type="stmt"/>
        <line num="205" count="2" type="stmt"/>
        <line num="206" count="2" type="cond" truecount="2" falsecount="0"/>
        <line num="208" count="2" type="cond" truecount="2" falsecount="0"/>
        <line num="209" count="1" type="stmt"/>
        <line num="210" count="1" type="stmt"/>
        <line num="214" count="2" type="cond" truecount="4" falsecount="0"/>
        <line num="215" count="1" type="stmt"/>
        <line num="218" count="2" type="stmt"/>
        <line num="226" count="11" type="stmt"/>
        <line num="234" count="0" type="stmt"/>
        <line num="253" count="11" type="cond" truecount="2" falsecount="0"/>
        <line num="255" count="11" type="cond" truecount="2" falsecount="0"/>
        <line num="256" count="10" type="stmt"/>
        <line num="259" count="11" type="stmt"/>
        <line num="260" count="11" type="stmt"/>
        <line num="278" count="0" type="stmt"/>
        <line num="287" count="0" type="stmt"/>
        <line num="295" count="0" type="stmt"/>
        <line num="301" count="0" type="stmt"/>
        <line num="305" count="0" type="stmt"/>
        <line num="309" count="60" type="stmt"/>
        <line num="313" count="39" type="cond" truecount="1" falsecount="1"/>
        <line num="322" count="0" type="stmt"/>
        <line num="331" count="0" type="stmt"/>
        <line num="340" count="0" type="stmt"/>
        <line num="349" count="0" type="stmt"/>
        <line num="353" count="9" type="stmt"/>
        <line num="354" count="9" type="stmt"/>
        <line num="355" count="9" type="stmt"/>
        <line num="356" count="9" type="stmt"/>
        <line num="357" count="27" type="stmt"/>
        <line num="358" count="9" type="stmt"/>
      </file>
    </package>
    <package name="src.asset_manager.config">
      <metrics statements="0" coveredstatements="0" conditionals="0" coveredconditionals="0" methods="0" coveredmethods="0"/>
      <file name="config.js" path="/Users/jlong/Documents/grapesJS/grapesjs/src/asset_manager/config/config.js">
        <metrics statements="0" coveredstatements="0" conditionals="0" coveredconditionals="0" methods="0" coveredmethods="0"/>
      </file>
    </package>
    <package name="src.asset_manager.model">
      <metrics statements="5" coveredstatements="5" conditionals="2" coveredconditionals="2" methods="3" coveredmethods="3"/>
      <file name="Asset.js" path="/Users/jlong/Documents/grapesJS/grapesjs/src/asset_manager/model/Asset.js">
        <metrics statements="2" coveredstatements="2" conditionals="0" coveredconditionals="0" methods="2" coveredmethods="2"/>
        <line num="17" count="29" type="stmt"/>
        <line num="28" count="4" type="stmt"/>
      </file>
      <file name="AssetImage.js" path="/Users/jlong/Documents/grapesJS/grapesjs/src/asset_manager/model/AssetImage.js">
        <metrics statements="0" coveredstatements="0" conditionals="0" coveredconditionals="0" methods="0" coveredmethods="0"/>
      </file>
      <file name="Assets.js" path="/Users/jlong/Documents/grapesJS/grapesjs/src/asset_manager/model/Assets.js">
        <metrics statements="3" coveredstatements="3" conditionals="2" coveredconditionals="2" methods="1" coveredmethods="1"/>
        <line num="13" count="11" type="cond" truecount="2" falsecount="0"/>
        <line num="14" count="4" type="stmt"/>
        <line num="19" count="7" type="stmt"/>
      </file>
    </package>
    <package name="src.asset_manager.view">
      <metrics statements="285" coveredstatements="137" conditionals="145" coveredconditionals="69" methods="56" coveredmethods="28"/>
      <file name="AssetImageView.js" path="/Users/jlong/Documents/grapesJS/grapesjs/src/asset_manager/view/AssetImageView.js">
        <metrics statements="31" coveredstatements="29" conditionals="14" coveredconditionals="10" methods="6" coveredmethods="6"/>
        <line num="12" count="21" type="stmt"/>
        <line num="13" count="21" type="stmt"/>
        <line num="14" count="21" type="stmt"/>
        <line num="21" count="21" type="stmt"/>
        <line num="22" count="21" type="stmt"/>
        <line num="23" count="21" type="stmt"/>
        <line num="24" count="21" type="stmt"/>
        <line num="25" count="21" type="stmt"/>
        <line num="26" count="21" type="stmt"/>
        <line num="27" count="21" type="cond" truecount="4" falsecount="0"/>
        <line num="28" count="21" type="cond" truecount="2" falsecount="0"/>
        <line num="29" count="21" type="stmt"/>
        <line num="36" count="21" type="stmt"/>
        <line num="37" count="21" type="stmt"/>
        <line num="45" count="1" type="stmt"/>
        <line num="46" count="1" type="stmt"/>
        <line num="47" count="1" type="stmt"/>
        <line num="48" count="1" type="stmt"/>
        <line num="50" count="1" type="cond" truecount="1" falsecount="1"/>
        <line num="51" count="0" type="stmt"/>
        <line num="53" count="1" type="stmt"/>
        <line num="62" count="1" type="stmt"/>
        <line num="63" count="1" type="stmt"/>
        <line num="65" count="1" type="cond" truecount="1" falsecount="1"/>
        <line num="66" count="0" type="stmt"/>
        <line num="68" count="1" type="stmt"/>
        <line num="69" count="1" type="cond" truecount="1" falsecount="1"/>
        <line num="72" count="1" type="stmt"/>
        <line num="73" count="1" type="cond" truecount="1" falsecount="1"/>
        <line num="81" count="1" type="stmt"/>
        <line num="82" count="1" type="stmt"/>
      </file>
      <file name="AssetView.js" path="/Users/jlong/Documents/grapesJS/grapesjs/src/asset_manager/view/AssetView.js">
        <metrics statements="23" coveredstatements="21" conditionals="15" coveredconditionals="11" methods="6" coveredmethods="6"/>
        <line num="6" count="23" type="stmt"/>
        <line num="7" count="23" type="stmt"/>
        <line num="8" count="23" type="cond" truecount="1" falsecount="1"/>
        <line num="9" count="23" type="stmt"/>
        <line num="10" count="23" type="cond" truecount="2" falsecount="0"/>
        <line num="11" count="23" type="cond" truecount="2" falsecount="0"/>
        <line num="12" count="23" type="stmt"/>
        <line num="13" count="23" type="stmt"/>
        <line num="14" count="23" type="stmt"/>
        <line num="15" count="23" type="stmt"/>
        <line num="16" count="23" type="cond" truecount="2" falsecount="0"/>
        <line num="17" count="23" type="cond" truecount="2" falsecount="0"/>
        <line num="21" count="23" type="stmt"/>
        <line num="22" count="23" type="stmt"/>
        <line num="41" count="1" type="cond" truecount="2" falsecount="2"/>
        <line num="42" count="0" type="stmt"/>
        <line num="43" count="0" type="stmt"/>
        <line num="48" count="2" type="stmt"/>
        <line num="52" count="2" type="stmt"/>
        <line num="56" count="23" type="stmt"/>
        <line num="57" count="23" type="stmt"/>
        <line num="58" count="23" type="stmt"/>
        <line num="59" count="23" type="stmt"/>
      </file>
      <file name="AssetsView.js" path="/Users/jlong/Documents/grapesJS/grapesjs/src/asset_manager/view/AssetsView.js">
        <metrics statements="64" coveredstatements="62" conditionals="33" coveredconditionals="26" methods="13" coveredmethods="13"/>
        <line num="9" count="24" type="stmt"/>
        <line num="10" count="24" type="cond" truecount="2" falsecount="0"/>
        <line num="11" count="12" type="stmt"/>
        <line num="23" count="24" type="stmt"/>
        <line num="35" count="514" type="stmt"/>
        <line num="36" count="514" type="stmt"/>
        <line num="37" count="514" type="cond" truecount="2" falsecount="0"/>
        <line num="38" count="514" type="cond" truecount="2" falsecount="0"/>
        <line num="39" count="514" type="stmt"/>
        <line num="40" count="514" type="stmt"/>
        <line num="41" count="514" type="stmt"/>
        <line num="42" count="514" type="stmt"/>
        <line num="43" count="514" type="stmt"/>
        <line num="44" count="514" type="stmt"/>
        <line num="54" count="1" type="stmt"/>
        <line num="55" count="1" type="stmt"/>
        <line num="56" count="1" type="cond" truecount="2" falsecount="0"/>
        <line num="57" count="1" type="stmt"/>
        <line num="59" count="1" type="cond" truecount="1" falsecount="1"/>
        <line num="60" count="0" type="stmt"/>
        <line num="63" count="1" type="stmt"/>
        <line num="64" count="1" type="stmt"/>
        <line num="66" count="1" type="cond" truecount="1" falsecount="1"/>
        <line num="67" count="0" type="stmt"/>
        <line num="69" count="1" type="stmt"/>
        <line num="80" count="19" type="stmt"/>
        <line num="89" count="4" type="cond" truecount="4" falsecount="0"/>
        <line num="90" count="3" type="stmt"/>
        <line num="91" count="4" type="stmt"/>
        <line num="100" count="3" type="cond" truecount="1" falsecount="1"/>
        <line num="101" count="3" type="stmt"/>
        <line num="110" count="14" type="cond" truecount="2" falsecount="0"/>
        <line num="111" count="11" type="stmt"/>
        <line num="113" count="14" type="stmt"/>
        <line num="124" count="14" type="stmt"/>
        <line num="125" count="14" type="stmt"/>
        <line num="126" count="14" type="stmt"/>
        <line num="127" count="14" type="stmt"/>
        <line num="133" count="14" type="cond" truecount="2" falsecount="0"/>
        <line num="134" count="1" type="stmt"/>
        <line num="136" count="13" type="stmt"/>
        <line num="137" count="13" type="cond" truecount="1" falsecount="1"/>
        <line num="138" count="13" type="stmt"/>
        <line num="142" count="14" type="stmt"/>
        <line num="151" count="69" type="stmt"/>
        <line num="153" count="69" type="cond" truecount="2" falsecount="0"/>
        <line num="154" count="12" type="stmt"/>
        <line num="156" count="57" type="stmt"/>
        <line num="157" count="57" type="cond" truecount="1" falsecount="1"/>
        <line num="166" count="1" type="stmt"/>
        <line num="167" count="1" type="stmt"/>
        <line num="171" count="55" type="stmt"/>
        <line num="172" count="55" type="stmt"/>
        <line num="173" count="55" type="stmt"/>
        <line num="174" count="55" type="stmt"/>
        <line num="175" count="55" type="stmt"/>
        <line num="176" count="55" type="stmt"/>
        <line num="180" count="24" type="stmt"/>
        <line num="181" count="24" type="stmt"/>
        <line num="182" count="24" type="stmt"/>
        <line num="183" count="24" type="stmt"/>
        <line num="184" count="24" type="stmt"/>
        <line num="185" count="24" type="stmt"/>
        <line num="186" count="24" type="stmt"/>
      </file>
      <file name="FileUploader.js" path="/Users/jlong/Documents/grapesJS/grapesjs/src/asset_manager/view/FileUploader.js">
        <metrics statements="167" coveredstatements="25" conditionals="83" coveredconditionals="22" methods="31" coveredmethods="3"/>
        <line num="18" count="526" type="stmt"/>
        <line num="19" count="526" type="cond" truecount="2" falsecount="0"/>
        <line num="20" count="526" type="stmt"/>
        <line num="21" count="526" type="stmt"/>
        <line num="22" count="526" type="cond" truecount="2" falsecount="0"/>
        <line num="23" count="526" type="cond" truecount="2" falsecount="0"/>
        <line num="24" count="526" type="cond" truecount="2" falsecount="0"/>
        <line num="25" count="526" type="stmt"/>
        <line num="26" count="526" type="stmt"/>
        <line num="30" count="526" type="cond" truecount="2" falsecount="0"/>
        <line num="31" count="526" type="stmt"/>
        <line num="32" count="526" type="stmt"/>
        <line num="34" count="526" type="cond" truecount="1" falsecount="1"/>
        <line num="35" count="0" type="stmt"/>
        <line num="36" count="526" type="cond" truecount="4" falsecount="0"/>
        <line num="37" count="501" type="stmt"/>
        <line num="40" count="526" type="stmt"/>
        <line num="48" count="0" type="stmt"/>
        <line num="49" count="0" type="cond" truecount="0" falsecount="2"/>
        <line num="58" count="0" type="stmt"/>
        <line num="59" count="0" type="stmt"/>
        <line num="60" count="0" type="cond" truecount="0" falsecount="2"/>
        <line num="61" count="0" type="stmt"/>
        <line num="62" count="0" type="cond" truecount="0" falsecount="2"/>
        <line num="71" count="0" type="stmt"/>
        <line num="72" count="0" type="stmt"/>
        <line num="73" count="0" type="stmt"/>
        <line num="74" count="0" type="cond" truecount="0" falsecount="2"/>
        <line num="83" count="0" type="stmt"/>
        <line num="84" count="0" type="stmt"/>
        <line num="85" count="0" type="stmt"/>
        <line num="87" count="0" type="stmt"/>
        <line num="88" count="0" type="cond" truecount="0" falsecount="2"/>
        <line num="90" count="0" type="stmt"/>
        <line num="93" count="0" type="cond" truecount="0" falsecount="2"/>
        <line num="95" count="0" type="cond" truecount="0" falsecount="4"/>
        <line num="96" count="0" type="stmt"/>
        <line num="99" count="0" type="stmt"/>
        <line num="100" count="0" type="cond" truecount="0" falsecount="2"/>
        <line num="110" count="0" type="cond" truecount="0" falsecount="2"/>
        <line num="111" count="0" type="stmt"/>
        <line num="112" count="0" type="stmt"/>
        <line num="114" count="0" type="cond" truecount="0" falsecount="2"/>
        <line num="115" count="0" type="cond" truecount="0" falsecount="2"/>
        <line num="117" count="0" type="stmt"/>
        <line num="118" count="0" type="stmt"/>
        <line num="120" count="0" type="stmt"/>
        <line num="121" count="0" type="stmt"/>
        <line num="124" count="0" type="cond" truecount="0" falsecount="2"/>
        <line num="125" count="0" type="stmt"/>
        <line num="126" count="0" type="stmt"/>
        <line num="128" count="0" type="cond" truecount="0" falsecount="2"/>
        <line num="129" count="0" type="stmt"/>
        <line num="132" count="0" type="stmt"/>
        <line num="133" count="0" type="stmt"/>
        <line num="134" count="0" type="stmt"/>
        <line num="135" count="0" type="stmt"/>
        <line num="137" count="0" type="cond" truecount="0" falsecount="2"/>
        <line num="138" count="0" type="stmt"/>
        <line num="141" count="0" type="cond" truecount="0" falsecount="2"/>
        <line num="142" count="0" type="stmt"/>
        <line num="143" count="0" type="stmt"/>
        <line num="149" count="0" type="cond" truecount="0" falsecount="2"/>
        <line num="152" count="0" type="cond" truecount="0" falsecount="2"/>
        <line num="154" count="0" type="stmt"/>
        <line num="156" count="0" type="stmt"/>
        <line num="157" count="0" type="stmt"/>
        <line num="158" count="0" type="stmt"/>
        <line num="167" count="36" type="stmt"/>
        <line num="168" count="36" type="cond" truecount="1" falsecount="1"/>
        <line num="169" count="36" type="stmt"/>
        <line num="170" count="36" type="cond" truecount="1" falsecount="1"/>
        <line num="171" count="0" type="stmt"/>
        <line num="172" count="0" type="stmt"/>
        <line num="173" count="0" type="stmt"/>
        <line num="174" count="0" type="stmt"/>
        <line num="176" count="0" type="stmt"/>
        <line num="177" count="0" type="stmt"/>
        <line num="178" count="0" type="stmt"/>
        <line num="180" count="0" type="stmt"/>
        <line num="181" count="0" type="stmt"/>
        <line num="182" count="0" type="stmt"/>
        <line num="183" count="0" type="stmt"/>
        <line num="184" count="0" type="stmt"/>
        <line num="191" count="0" type="stmt"/>
        <line num="192" count="0" type="stmt"/>
        <line num="193" count="0" type="stmt"/>
        <line num="194" count="0" type="stmt"/>
        <line num="195" count="0" type="stmt"/>
        <line num="196" count="0" type="stmt"/>
        <line num="197" count="0" type="stmt"/>
        <line num="198" count="0" type="stmt"/>
        <line num="199" count="0" type="stmt"/>
        <line num="200" count="0" type="stmt"/>
        <line num="201" count="0" type="stmt"/>
        <line num="202" count="0" type="stmt"/>
        <line num="203" count="0" type="stmt"/>
        <line num="205" count="0" type="stmt"/>
        <line num="206" count="0" type="cond" truecount="0" falsecount="2"/>
        <line num="207" count="0" type="stmt"/>
        <line num="208" count="0" type="stmt"/>
        <line num="210" count="0" type="stmt"/>
        <line num="212" count="0" type="stmt"/>
        <line num="213" count="0" type="stmt"/>
        <line num="214" count="0" type="stmt"/>
        <line num="216" count="0" type="stmt"/>
        <line num="217" count="0" type="stmt"/>
        <line num="218" count="0" type="stmt"/>
        <line num="219" count="0" type="stmt"/>
        <line num="220" count="0" type="stmt"/>
        <line num="222" count="0" type="cond" truecount="0" falsecount="4"/>
        <line num="223" count="0" type="stmt"/>
        <line num="224" count="0" type="stmt"/>
        <line num="227" count="0" type="stmt"/>
        <line num="228" count="0" type="stmt"/>
        <line num="233" count="0" type="stmt"/>
        <line num="236" count="0" type="stmt"/>
        <line num="237" count="0" type="stmt"/>
        <line num="239" count="0" type="cond" truecount="0" falsecount="2"/>
        <line num="240" count="0" type="stmt"/>
        <line num="241" count="0" type="stmt"/>
        <line num="242" count="0" type="stmt"/>
        <line num="243" count="0" type="stmt"/>
        <line num="249" count="36" type="stmt"/>
        <line num="250" count="36" type="stmt"/>
        <line num="259" count="36" type="stmt"/>
        <line num="260" count="36" type="stmt"/>
        <line num="261" count="36" type="stmt"/>
        <line num="267" count="0" type="cond" truecount="0" falsecount="2"/>
        <line num="268" count="0" type="stmt"/>
        <line num="271" count="0" type="cond" truecount="0" falsecount="2"/>
        <line num="272" count="0" type="stmt"/>
        <line num="275" count="0" type="stmt"/>
        <line num="278" count="0" type="stmt"/>
        <line num="279" count="0" type="stmt"/>
        <line num="281" count="0" type="stmt"/>
        <line num="284" count="0" type="stmt"/>
        <line num="285" count="0" type="stmt"/>
        <line num="286" count="0" type="stmt"/>
        <line num="288" count="0" type="stmt"/>
        <line num="291" count="0" type="stmt"/>
        <line num="292" count="0" type="cond" truecount="0" falsecount="2"/>
        <line num="293" count="0" type="stmt"/>
        <line num="295" count="0" type="stmt"/>
        <line num="319" count="0" type="cond" truecount="0" falsecount="2"/>
        <line num="320" count="0" type="stmt"/>
        <line num="328" count="0" type="stmt"/>
        <line num="329" count="0" type="stmt"/>
        <line num="330" count="0" type="stmt"/>
        <line num="332" count="0" type="stmt"/>
        <line num="333" count="0" type="stmt"/>
        <line num="334" count="0" type="stmt"/>
        <line num="335" count="0" type="stmt"/>
        <line num="337" count="0" type="stmt"/>
        <line num="338" count="0" type="cond" truecount="0" falsecount="2"/>
        <line num="340" count="0" type="stmt"/>
        <line num="347" count="0" type="stmt"/>
        <line num="350" count="0" type="stmt"/>
        <line num="351" count="0" type="stmt"/>
        <line num="353" count="0" type="stmt"/>
        <line num="354" count="0" type="stmt"/>
        <line num="357" count="0" type="stmt"/>
        <line num="360" count="0" type="stmt"/>
        <line num="363" count="0" type="stmt"/>
        <line num="365" count="0" type="stmt"/>
        <line num="366" count="0" type="stmt"/>
        <line num="369" count="0" type="stmt"/>
      </file>
    </package>
    <package name="src.block_manager">
      <metrics statements="56" coveredstatements="48" conditionals="27" coveredconditionals="16" methods="18" coveredmethods="15"/>
      <file name="index.js" path="/Users/jlong/Documents/grapesJS/grapesjs/src/block_manager/index.js">
        <metrics statements="56" coveredstatements="48" conditionals="27" coveredconditionals="16" methods="18" coveredmethods="15"/>
        <line num="35" count="499" type="stmt"/>
        <line num="37" count="499" type="stmt"/>
        <line num="39" count="499" type="stmt"/>
        <line num="54" count="499" type="cond" truecount="2" falsecount="0"/>
        <line num="55" count="499" type="stmt"/>
        <line num="57" count="499" type="stmt"/>
        <line num="58" count="1996" type="cond" truecount="1" falsecount="1"/>
        <line num="59" count="1996" type="stmt"/>
        <line num="64" count="499" type="stmt"/>
        <line num="65" count="499" type="stmt"/>
        <line num="66" count="499" type="stmt"/>
        <line num="69" count="499" type="stmt"/>
        <line num="70" count="5" type="stmt"/>
        <line num="71" count="5" type="cond" truecount="1" falsecount="1"/>
        <line num="74" count="499" type="stmt"/>
        <line num="75" count="0" type="stmt"/>
        <line num="76" count="0" type="cond" truecount="0" falsecount="2"/>
        <line num="79" count="499" type="stmt"/>
        <line num="80" count="69" type="stmt"/>
        <line num="83" count="499" type="stmt"/>
        <line num="91" count="48" type="stmt"/>
        <line num="98" count="60" type="stmt"/>
        <line num="99" count="60" type="cond" truecount="2" falsecount="0"/>
        <line num="107" count="48" type="stmt"/>
        <line num="108" count="48" type="stmt"/>
        <line num="109" count="48" type="stmt"/>
        <line num="111" count="48" type="cond" truecount="1" falsecount="1"/>
        <line num="112" count="0" type="cond" truecount="0" falsecount="2"/>
        <line num="113" count="0" type="stmt"/>
        <line num="141" count="6" type="cond" truecount="1" falsecount="1"/>
        <line num="142" count="6" type="stmt"/>
        <line num="143" count="6" type="stmt"/>
        <line num="155" count="1" type="stmt"/>
        <line num="167" count="72" type="stmt"/>
        <line num="175" count="0" type="stmt"/>
        <line num="188" count="0" type="stmt"/>
        <line num="197" count="1" type="stmt"/>
        <line num="205" count="11" type="stmt"/>
        <line num="237" count="10" type="cond" truecount="2" falsecount="0"/>
        <line num="239" count="10" type="cond" truecount="1" falsecount="1"/>
        <line num="240" count="0" type="stmt"/>
        <line num="241" count="0" type="stmt"/>
        <line num="247" count="10" type="cond" truecount="1" falsecount="1"/>
        <line num="248" count="10" type="stmt"/>
        <line num="249" count="10" type="stmt"/>
        <line num="251" count="10" type="cond" truecount="2" falsecount="0"/>
        <line num="252" count="9" type="stmt"/>
        <line num="253" count="9" type="stmt"/>
        <line num="257" count="10" type="stmt"/>
        <line num="261" count="9" type="stmt"/>
        <line num="262" count="9" type="stmt"/>
        <line num="263" count="9" type="stmt"/>
        <line num="264" count="9" type="stmt"/>
        <line num="265" count="9" type="cond" truecount="1" falsecount="1"/>
        <line num="266" count="36" type="stmt"/>
        <line num="267" count="9" type="stmt"/>
      </file>
    </package>
    <package name="src.block_manager.config">
      <metrics statements="0" coveredstatements="0" conditionals="0" coveredconditionals="0" methods="0" coveredmethods="0"/>
      <file name="config.js" path="/Users/jlong/Documents/grapesJS/grapesjs/src/block_manager/config/config.js">
        <metrics statements="0" coveredstatements="0" conditionals="0" coveredconditionals="0" methods="0" coveredmethods="0"/>
      </file>
    </package>
    <package name="src.block_manager.model">
      <metrics statements="4" coveredstatements="2" conditionals="5" coveredconditionals="1" methods="1" coveredmethods="1"/>
      <file name="Block.js" path="/Users/jlong/Documents/grapesJS/grapesjs/src/block_manager/model/Block.js">
        <metrics statements="4" coveredstatements="2" conditionals="5" coveredconditionals="1" methods="1" coveredmethods="1"/>
        <line num="25" count="23" type="stmt"/>
        <line num="27" count="23" type="cond" truecount="1" falsecount="1"/>
        <line num="28" count="0" type="cond" truecount="0" falsecount="2"/>
        <line num="29" count="0" type="stmt"/>
      </file>
      <file name="Blocks.js" path="/Users/jlong/Documents/grapesJS/grapesjs/src/block_manager/model/Blocks.js">
        <metrics statements="0" coveredstatements="0" conditionals="0" coveredconditionals="0" methods="0" coveredmethods="0"/>
      </file>
      <file name="Categories.js" path="/Users/jlong/Documents/grapesJS/grapesjs/src/block_manager/model/Categories.js">
        <metrics statements="0" coveredstatements="0" conditionals="0" coveredconditionals="0" methods="0" coveredmethods="0"/>
      </file>
      <file name="Category.js" path="/Users/jlong/Documents/grapesJS/grapesjs/src/block_manager/model/Category.js">
        <metrics statements="0" coveredstatements="0" conditionals="0" coveredconditionals="0" methods="0" coveredmethods="0"/>
      </file>
    </package>
    <package name="src.block_manager.view">
      <metrics statements="209" coveredstatements="72" conditionals="128" coveredconditionals="37" methods="33" coveredmethods="10"/>
      <file name="BlockView.js" path="/Users/jlong/Documents/grapesJS/grapesjs/src/block_manager/view/BlockView.js">
        <metrics statements="80" coveredstatements="24" conditionals="58" coveredconditionals="13" methods="9" coveredmethods="2"/>
        <line num="15" count="23" type="stmt"/>
        <line num="16" count="23" type="stmt"/>
        <line num="17" count="23" type="stmt"/>
        <line num="18" count="23" type="stmt"/>
        <line num="19" count="23" type="cond" truecount="2" falsecount="0"/>
        <line num="20" count="23" type="stmt"/>
        <line num="21" count="23" type="stmt"/>
        <line num="25" count="0" type="stmt"/>
        <line num="26" count="0" type="cond" truecount="0" falsecount="2"/>
        <line num="27" count="0" type="stmt"/>
        <line num="28" count="0" type="stmt"/>
        <line num="29" count="0" type="stmt"/>
        <line num="30" count="0" type="stmt"/>
        <line num="35" count="0" type="cond" truecount="0" falsecount="2"/>
        <line num="36" count="0" type="stmt"/>
        <line num="38" count="0" type="cond" truecount="0" falsecount="2"/>
        <line num="39" count="0" type="stmt"/>
        <line num="41" count="0" type="stmt"/>
        <line num="42" count="0" type="stmt"/>
        <line num="43" count="0" type="cond" truecount="0" falsecount="2"/>
        <line num="48" count="0" type="cond" truecount="0" falsecount="2"/>
        <line num="49" count="0" type="stmt"/>
        <line num="50" count="0" type="stmt"/>
        <line num="51" count="0" type="cond" truecount="0" falsecount="2"/>
        <line num="54" count="0" type="cond" truecount="0" falsecount="2"/>
        <line num="55" count="0" type="cond" truecount="0" falsecount="2"/>
        <line num="63" count="0" type="stmt"/>
        <line num="64" count="0" type="stmt"/>
        <line num="66" count="0" type="cond" truecount="0" falsecount="6"/>
        <line num="67" count="0" type="stmt"/>
        <line num="68" count="0" type="stmt"/>
        <line num="69" count="0" type="stmt"/>
        <line num="70" count="0" type="stmt"/>
        <line num="71" count="0" type="stmt"/>
        <line num="72" count="0" type="stmt"/>
        <line num="73" count="0" type="stmt"/>
        <line num="77" count="0" type="stmt"/>
        <line num="78" count="0" type="stmt"/>
        <line num="79" count="0" type="stmt"/>
        <line num="80" count="0" type="cond" truecount="0" falsecount="2"/>
        <line num="81" count="0" type="stmt"/>
        <line num="86" count="0" type="stmt"/>
        <line num="87" count="0" type="stmt"/>
        <line num="88" count="0" type="stmt"/>
        <line num="92" count="0" type="stmt"/>
        <line num="96" count="0" type="stmt"/>
        <line num="97" count="0" type="stmt"/>
        <line num="99" count="0" type="cond" truecount="0" falsecount="2"/>
        <line num="100" count="0" type="stmt"/>
        <line num="101" count="0" type="cond" truecount="0" falsecount="2"/>
        <line num="103" count="0" type="cond" truecount="0" falsecount="4"/>
        <line num="104" count="0" type="stmt"/>
        <line num="105" count="0" type="stmt"/>
        <line num="108" count="0" type="cond" truecount="0" falsecount="2"/>
        <line num="109" count="0" type="stmt"/>
        <line num="112" count="0" type="cond" truecount="0" falsecount="2"/>
        <line num="113" count="0" type="stmt"/>
        <line num="117" count="0" type="stmt"/>
        <line num="122" count="0" type="stmt"/>
        <line num="130" count="0" type="stmt"/>
        <line num="131" count="0" type="stmt"/>
        <line num="137" count="0" type="stmt"/>
        <line num="138" count="0" type="stmt"/>
        <line num="142" count="23" type="stmt"/>
        <line num="143" count="23" type="stmt"/>
        <line num="144" count="23" type="cond" truecount="1" falsecount="1"/>
        <line num="145" count="23" type="cond" truecount="2" falsecount="0"/>
        <line num="146" count="23" type="stmt"/>
        <line num="148" count="23" type="cond" truecount="2" falsecount="1"/>
        <line num="149" count="23" type="stmt"/>
        <line num="150" count="23" type="stmt"/>
        <line num="151" count="23" type="cond" truecount="1" falsecount="1"/>
        <line num="152" count="23" type="stmt"/>
        <line num="153" count="23" type="stmt"/>
        <line num="154" count="23" type="stmt"/>
        <line num="158" count="23" type="stmt"/>
        <line num="159" count="23" type="cond" truecount="2" falsecount="2"/>
        <line num="160" count="23" type="cond" truecount="1" falsecount="1"/>
        <line num="161" count="23" type="cond" truecount="1" falsecount="1"/>
        <line num="162" count="23" type="stmt"/>
      </file>
      <file name="BlocksView.js" path="/Users/jlong/Documents/grapesJS/grapesjs/src/block_manager/view/BlocksView.js">
        <metrics statements="93" coveredstatements="48" conditionals="58" coveredconditionals="24" methods="15" coveredmethods="8"/>
        <line num="9" count="64" type="stmt"/>
        <line num="10" count="64" type="cond" truecount="2" falsecount="0"/>
        <line num="11" count="64" type="cond" truecount="2" falsecount="0"/>
        <line num="12" count="64" type="stmt"/>
        <line num="13" count="64" type="cond" truecount="2" falsecount="0"/>
        <line num="14" count="64" type="stmt"/>
        <line num="15" count="64" type="stmt"/>
        <line num="16" count="64" type="stmt"/>
        <line num="17" count="64" type="stmt"/>
        <line num="18" count="64" type="stmt"/>
        <line num="19" count="64" type="stmt"/>
        <line num="20" count="64" type="stmt"/>
        <line num="21" count="64" type="stmt"/>
        <line num="22" count="64" type="stmt"/>
        <line num="23" count="64" type="stmt"/>
        <line num="25" count="64" type="cond" truecount="2" falsecount="0"/>
        <line num="26" count="39" type="stmt"/>
        <line num="27" count="39" type="stmt"/>
        <line num="30" count="64" type="cond" truecount="2" falsecount="0"/>
        <line num="31" count="48" type="stmt"/>
        <line num="40" count="10" type="stmt"/>
        <line num="51" count="0" type="cond" truecount="0" falsecount="2"/>
        <line num="52" count="0" type="cond" truecount="0" falsecount="2"/>
        <line num="53" count="0" type="stmt"/>
        <line num="54" count="0" type="stmt"/>
        <line num="55" count="0" type="stmt"/>
        <line num="72" count="0" type="stmt"/>
        <line num="79" count="0" type="stmt"/>
        <line num="80" count="0" type="stmt"/>
        <line num="81" count="0" type="stmt"/>
        <line num="82" count="0" type="stmt"/>
        <line num="83" count="0" type="stmt"/>
        <line num="84" count="0" type="cond" truecount="0" falsecount="2"/>
        <line num="88" count="0" type="stmt"/>
        <line num="90" count="0" type="stmt"/>
        <line num="93" count="0" type="cond" truecount="0" falsecount="2"/>
        <line num="94" count="0" type="stmt"/>
        <line num="96" count="0" type="stmt"/>
        <line num="106" count="0" type="stmt"/>
        <line num="107" count="0" type="stmt"/>
        <line num="111" count="0" type="stmt"/>
        <line num="119" count="0" type="stmt"/>
        <line num="120" count="0" type="stmt"/>
        <line num="122" count="0" type="cond" truecount="0" falsecount="4"/>
        <line num="123" count="0" type="cond" truecount="0" falsecount="2"/>
        <line num="124" count="0" type="stmt"/>
        <line num="125" count="0" type="stmt"/>
        <line num="128" count="0" type="stmt"/>
        <line num="138" count="15" type="stmt"/>
        <line num="148" count="23" type="stmt"/>
        <line num="149" count="23" type="cond" truecount="2" falsecount="0"/>
        <line num="150" count="23" type="stmt"/>
        <line num="157" count="23" type="stmt"/>
        <line num="158" count="23" type="stmt"/>
        <line num="161" count="23" type="cond" truecount="2" falsecount="3"/>
        <line num="162" count="0" type="cond" truecount="0" falsecount="2"/>
        <line num="163" count="0" type="stmt"/>
        <line num="167" count="0" type="cond" truecount="0" falsecount="4"/>
        <line num="168" count="0" type="stmt"/>
        <line num="171" count="0" type="stmt"/>
        <line num="172" count="0" type="stmt"/>
        <line num="173" count="0" type="stmt"/>
        <line num="174" count="0" type="stmt"/>
        <line num="175" count="0" type="stmt"/>
        <line num="177" count="0" type="cond" truecount="0" falsecount="4"/>
        <line num="178" count="0" type="stmt"/>
        <line num="184" count="0" type="stmt"/>
        <line num="185" count="0" type="stmt"/>
        <line num="188" count="0" type="cond" truecount="0" falsecount="2"/>
        <line num="189" count="0" type="stmt"/>
        <line num="192" count="23" type="cond" truecount="2" falsecount="0"/>
        <line num="193" count="15" type="stmt"/>
        <line num="197" count="0" type="cond" truecount="0" falsecount="2"/>
        <line num="198" count="0" type="stmt"/>
        <line num="201" count="0" type="stmt"/>
        <line num="205" count="76" type="cond" truecount="2" falsecount="0"/>
        <line num="206" count="47" type="stmt"/>
        <line num="211" count="76" type="stmt"/>
        <line num="215" count="62" type="stmt"/>
        <line num="216" count="62" type="cond" truecount="2" falsecount="0"/>
        <line num="220" count="47" type="stmt"/>
        <line num="221" count="47" type="stmt"/>
        <line num="222" count="47" type="stmt"/>
        <line num="223" count="47" type="stmt"/>
        <line num="224" count="47" type="stmt"/>
        <line num="226" count="47" type="stmt"/>
        <line num="233" count="47" type="cond" truecount="2" falsecount="0"/>
        <line num="234" count="47" type="stmt"/>
        <line num="235" count="8" type="cond" truecount="2" falsecount="0"/>
        <line num="237" count="47" type="stmt"/>
        <line num="238" count="47" type="stmt"/>
        <line num="239" count="47" type="stmt"/>
        <line num="240" count="47" type="stmt"/>
      </file>
      <file name="CategoryView.js" path="/Users/jlong/Documents/grapesJS/grapesjs/src/block_manager/view/CategoryView.js">
        <metrics statements="36" coveredstatements="0" conditionals="12" coveredconditionals="0" methods="9" coveredmethods="0"/>
        <line num="16" count="0" type="stmt"/>
        <line num="17" count="0" type="cond" truecount="0" falsecount="2"/>
        <line num="18" count="0" type="stmt"/>
        <line num="19" count="0" type="stmt"/>
        <line num="20" count="0" type="stmt"/>
        <line num="21" count="0" type="stmt"/>
        <line num="22" count="0" type="stmt"/>
        <line num="23" count="0" type="stmt"/>
        <line num="24" count="0" type="stmt"/>
        <line num="25" count="0" type="stmt"/>
        <line num="26" count="0" type="stmt"/>
        <line num="27" count="0" type="stmt"/>
        <line num="31" count="0" type="cond" truecount="0" falsecount="2"/>
        <line num="32" count="0" type="stmt"/>
        <line num="36" count="0" type="stmt"/>
        <line num="37" count="0" type="stmt"/>
        <line num="38" count="0" type="stmt"/>
        <line num="42" count="0" type="stmt"/>
        <line num="43" count="0" type="stmt"/>
        <line num="44" count="0" type="stmt"/>
        <line num="48" count="0" type="stmt"/>
        <line num="49" count="0" type="stmt"/>
        <line num="53" count="0" type="cond" truecount="0" falsecount="2"/>
        <line num="54" count="0" type="stmt"/>
        <line num="57" count="0" type="stmt"/>
        <line num="61" count="0" type="cond" truecount="0" falsecount="2"/>
        <line num="62" count="0" type="stmt"/>
        <line num="65" count="0" type="stmt"/>
        <line num="69" count="0" type="stmt"/>
        <line num="73" count="0" type="stmt"/>
        <line num="75" count="0" type="cond" truecount="0" falsecount="2"/>
        <line num="76" count="0" type="stmt"/>
        <line num="80" count="0" type="stmt"/>
        <line num="81" count="0" type="stmt"/>
        <line num="82" count="0" type="stmt"/>
        <line num="84" count="0" type="stmt"/>
      </file>
    </package>
    <package name="src.canvas">
      <metrics statements="155" coveredstatements="43" conditionals="132" coveredconditionals="17" methods="58" coveredmethods="21"/>
      <file name="index.js" path="/Users/jlong/Documents/grapesJS/grapesjs/src/canvas/index.js">
        <metrics statements="155" coveredstatements="43" conditionals="132" coveredconditionals="17" methods="58" coveredmethods="21"/>
        <line num="40" count="490" type="stmt"/>
        <line num="44" count="490" type="stmt"/>
        <line num="50" count="0" type="stmt"/>
        <line num="66" count="490" type="stmt"/>
        <line num="72" count="490" type="stmt"/>
        <line num="73" count="490" type="stmt"/>
        <line num="74" count="490" type="cond" truecount="2" falsecount="0"/>
        <line num="76" count="490" type="stmt"/>
        <line num="77" count="490" type="stmt"/>
        <line num="82" count="490" type="stmt"/>
        <line num="83" count="490" type="cond" truecount="1" falsecount="1"/>
        <line num="85" count="490" type="stmt"/>
        <line num="86" count="490" type="stmt"/>
        <line num="87" count="490" type="stmt"/>
        <line num="88" count="490" type="stmt"/>
        <line num="96" count="3" type="stmt"/>
        <line num="105" count="490" type="stmt"/>
        <line num="113" count="239" type="stmt"/>
        <line num="117" count="1" type="cond" truecount="1" falsecount="1"/>
        <line num="125" count="7" type="stmt"/>
        <line num="126" count="7" type="cond" truecount="2" falsecount="0"/>
        <line num="130" count="0" type="stmt"/>
        <line num="138" count="0" type="stmt"/>
        <line num="146" count="4" type="stmt"/>
        <line num="147" count="4" type="cond" truecount="2" falsecount="0"/>
        <line num="155" count="1" type="stmt"/>
        <line num="156" count="1" type="cond" truecount="2" falsecount="0"/>
        <line num="164" count="0" type="stmt"/>
        <line num="165" count="0" type="cond" truecount="0" falsecount="2"/>
        <line num="169" count="339" type="cond" truecount="1" falsecount="1"/>
        <line num="173" count="339" type="stmt"/>
        <line num="174" count="339" type="stmt"/>
        <line num="175" count="339" type="cond" truecount="1" falsecount="1"/>
        <line num="177" count="339" type="stmt"/>
        <line num="186" count="0" type="stmt"/>
        <line num="195" count="339" type="stmt"/>
        <line num="204" count="0" type="stmt"/>
        <line num="213" count="0" type="stmt"/>
        <line num="222" count="0" type="stmt"/>
        <line num="231" count="0" type="stmt"/>
        <line num="240" count="0" type="stmt"/>
        <line num="249" count="0" type="stmt"/>
        <line num="258" count="0" type="stmt"/>
        <line num="271" count="0" type="stmt"/>
        <line num="279" count="78" type="stmt"/>
        <line num="288" count="0" type="stmt"/>
        <line num="289" count="0" type="stmt"/>
        <line num="290" count="0" type="stmt"/>
        <line num="303" count="0" type="stmt"/>
        <line num="315" count="0" type="stmt"/>
        <line num="325" count="0" type="stmt"/>
        <line num="335" count="0" type="stmt"/>
        <line num="343" count="0" type="stmt"/>
        <line num="344" count="0" type="stmt"/>
        <line num="368" count="0" type="cond" truecount="0" falsecount="2"/>
        <line num="369" count="0" type="stmt"/>
        <line num="370" count="0" type="cond" truecount="0" falsecount="2"/>
        <line num="371" count="0" type="cond" truecount="0" falsecount="2"/>
        <line num="372" count="0" type="cond" truecount="0" falsecount="2"/>
        <line num="373" count="0" type="cond" truecount="0" falsecount="2"/>
        <line num="374" count="0" type="cond" truecount="0" falsecount="2"/>
        <line num="375" count="0" type="cond" truecount="0" falsecount="2"/>
        <line num="377" count="0" type="stmt"/>
        <line num="378" count="0" type="stmt"/>
        <line num="379" count="0" type="cond" truecount="0" falsecount="2"/>
        <line num="380" count="0" type="cond" truecount="0" falsecount="2"/>
        <line num="382" count="0" type="cond" truecount="0" falsecount="2"/>
        <line num="383" count="0" type="cond" truecount="0" falsecount="2"/>
        <line num="384" count="0" type="cond" truecount="0" falsecount="2"/>
        <line num="386" count="0" type="stmt"/>
        <line num="402" count="0" type="cond" truecount="0" falsecount="4"/>
        <line num="403" count="0" type="stmt"/>
        <line num="406" count="0" type="stmt"/>
        <line num="410" count="0" type="stmt"/>
        <line num="411" count="0" type="stmt"/>
        <line num="412" count="0" type="cond" truecount="0" falsecount="2"/>
        <line num="415" count="0" type="cond" truecount="0" falsecount="1"/>
        <line num="416" count="0" type="stmt"/>
        <line num="417" count="0" type="cond" truecount="0" falsecount="2"/>
        <line num="418" count="0" type="stmt"/>
        <line num="419" count="0" type="cond" truecount="0" falsecount="4"/>
        <line num="422" count="0" type="cond" truecount="0" falsecount="4"/>
        <line num="423" count="0" type="cond" truecount="0" falsecount="2"/>
        <line num="424" count="0" type="cond" truecount="0" falsecount="2"/>
        <line num="430" count="0" type="stmt"/>
        <line num="433" count="0" type="stmt"/>
        <line num="440" count="0" type="cond" truecount="0" falsecount="2"/>
        <line num="441" count="0" type="cond" truecount="0" falsecount="2"/>
        <line num="442" count="0" type="cond" truecount="0" falsecount="2"/>
        <line num="443" count="0" type="cond" truecount="0" falsecount="2"/>
        <line num="444" count="0" type="stmt"/>
        <line num="445" count="0" type="stmt"/>
        <line num="446" count="0" type="stmt"/>
        <line num="447" count="0" type="stmt"/>
        <line num="448" count="0" type="stmt"/>
        <line num="450" count="0" type="stmt"/>
        <line num="451" count="0" type="stmt"/>
        <line num="452" count="0" type="cond" truecount="0" falsecount="2"/>
        <line num="453" count="0" type="cond" truecount="0" falsecount="2"/>
        <line num="457" count="0" type="stmt"/>
        <line num="458" count="0" type="stmt"/>
        <line num="460" count="0" type="cond" truecount="0" falsecount="2"/>
        <line num="461" count="0" type="cond" truecount="0" falsecount="2"/>
        <line num="462" count="0" type="stmt"/>
        <line num="464" count="0" type="cond" truecount="0" falsecount="2"/>
        <line num="468" count="0" type="stmt"/>
        <line num="476" count="0" type="cond" truecount="0" falsecount="2"/>
        <line num="478" count="0" type="stmt"/>
        <line num="491" count="0" type="cond" truecount="0" falsecount="2"/>
        <line num="492" count="0" type="stmt"/>
        <line num="493" count="0" type="stmt"/>
        <line num="494" count="0" type="stmt"/>
        <line num="495" count="0" type="stmt"/>
        <line num="496" count="0" type="cond" truecount="0" falsecount="2"/>
        <line num="497" count="0" type="stmt"/>
        <line num="498" count="0" type="cond" truecount="0" falsecount="2"/>
        <line num="499" count="0" type="cond" truecount="0" falsecount="2"/>
        <line num="501" count="0" type="cond" truecount="0" falsecount="2"/>
        <line num="502" count="0" type="stmt"/>
        <line num="503" count="0" type="cond" truecount="0" falsecount="2"/>
        <line num="504" count="0" type="cond" truecount="0" falsecount="2"/>
        <line num="507" count="0" type="stmt"/>
        <line num="520" count="0" type="stmt"/>
        <line num="521" count="0" type="stmt"/>
        <line num="523" count="0" type="stmt"/>
        <line num="534" count="0" type="stmt"/>
        <line num="543" count="3" type="stmt"/>
        <line num="544" count="3" type="stmt"/>
        <line num="545" count="3" type="stmt"/>
        <line num="546" count="3" type="cond" truecount="1" falsecount="1"/>
        <line num="547" count="3" type="cond" truecount="1" falsecount="1"/>
        <line num="551" count="3" type="cond" truecount="2" falsecount="0"/>
        <line num="570" count="0" type="stmt"/>
        <line num="571" count="0" type="cond" truecount="0" falsecount="2"/>
        <line num="572" count="0" type="cond" truecount="0" falsecount="2"/>
        <line num="580" count="0" type="cond" truecount="0" falsecount="3"/>
        <line num="581" count="0" type="cond" truecount="0" falsecount="2"/>
        <line num="589" count="0" type="cond" truecount="0" falsecount="3"/>
        <line num="590" count="0" type="cond" truecount="0" falsecount="2"/>
        <line num="594" count="39" type="cond" truecount="1" falsecount="1"/>
        <line num="603" count="0" type="stmt"/>
        <line num="604" count="0" type="stmt"/>
        <line num="612" count="0" type="stmt"/>
        <line num="616" count="0" type="stmt"/>
        <line num="620" count="0" type="stmt"/>
        <line num="621" count="0" type="cond" truecount="0" falsecount="2"/>
        <line num="625" count="0" type="stmt"/>
        <line num="626" count="0" type="cond" truecount="0" falsecount="2"/>
        <line num="636" count="0" type="stmt"/>
        <line num="640" count="173" type="stmt"/>
        <line num="667" count="0" type="stmt"/>
        <line num="679" count="9" type="stmt"/>
        <line num="680" count="9" type="stmt"/>
        <line num="681" count="27" type="stmt"/>
        <line num="682" count="27" type="stmt"/>
      </file>
    </package>
    <package name="src.canvas.config">
      <metrics statements="0" coveredstatements="0" conditionals="0" coveredconditionals="0" methods="0" coveredmethods="0"/>
      <file name="config.js" path="/Users/jlong/Documents/grapesJS/grapesjs/src/canvas/config/config.js">
        <metrics statements="0" coveredstatements="0" conditionals="0" coveredconditionals="0" methods="0" coveredmethods="0"/>
      </file>
    </package>
    <package name="src.canvas.model">
      <metrics statements="59" coveredstatements="33" conditionals="38" coveredconditionals="15" methods="23" coveredmethods="8"/>
      <file name="Canvas.js" path="/Users/jlong/Documents/grapesJS/grapesjs/src/canvas/model/Canvas.js">
        <metrics statements="20" coveredstatements="18" conditionals="13" coveredconditionals="9" methods="5" coveredmethods="2"/>
        <line num="17" count="490" type="stmt"/>
        <line num="18" count="490" type="cond" truecount="2" falsecount="0"/>
        <line num="19" count="490" type="cond" truecount="2" falsecount="0"/>
        <line num="20" count="490" type="cond" truecount="2" falsecount="0"/>
        <line num="21" count="490" type="stmt"/>
        <line num="22" count="490" type="stmt"/>
        <line num="23" count="490" type="stmt"/>
        <line num="24" count="490" type="stmt"/>
        <line num="25" count="490" type="stmt"/>
        <line num="26" count="490" type="stmt"/>
        <line num="27" count="490" type="stmt"/>
        <line num="28" count="490" type="stmt"/>
        <line num="32" count="1" type="stmt"/>
        <line num="33" count="1" type="stmt"/>
        <line num="34" count="1" type="stmt"/>
        <line num="36" count="1" type="cond" truecount="3" falsecount="1"/>
        <line num="37" count="1" type="stmt"/>
        <line num="38" count="1" type="stmt"/>
        <line num="43" count="0" type="stmt"/>
        <line num="44" count="0" type="cond" truecount="0" falsecount="2"/>
      </file>
      <file name="Frame.js" path="/Users/jlong/Documents/grapesJS/grapesjs/src/canvas/model/Frame.js">
        <metrics statements="30" coveredstatements="6" conditionals="21" coveredconditionals="3" methods="13" coveredmethods="1"/>
        <line num="21" count="490" type="stmt"/>
        <line num="22" count="490" type="stmt"/>
        <line num="23" count="490" type="stmt"/>
        <line num="24" count="490" type="stmt"/>
        <line num="30" count="490" type="cond" truecount="1" falsecount="1"/>
        <line num="42" count="490" type="cond" truecount="2" falsecount="1"/>
        <line num="47" count="0" type="stmt"/>
        <line num="48" count="0" type="stmt"/>
        <line num="49" count="0" type="cond" truecount="0" falsecount="2"/>
        <line num="53" count="0" type="stmt"/>
        <line num="57" count="0" type="stmt"/>
        <line num="61" count="0" type="stmt"/>
        <line num="62" count="0" type="stmt"/>
        <line num="63" count="0" type="stmt"/>
        <line num="67" count="0" type="stmt"/>
        <line num="68" count="0" type="stmt"/>
        <line num="70" count="0" type="cond" truecount="0" falsecount="4"/>
        <line num="77" count="0" type="stmt"/>
        <line num="78" count="0" type="stmt"/>
        <line num="79" count="0" type="stmt"/>
        <line num="81" count="0" type="cond" truecount="0" falsecount="2"/>
        <line num="82" count="0" type="stmt"/>
        <line num="83" count="0" type="stmt"/>
        <line num="88" count="0" type="stmt"/>
        <line num="89" count="0" type="cond" truecount="0" falsecount="2"/>
        <line num="100" count="0" type="stmt"/>
        <line num="104" count="0" type="stmt"/>
        <line num="105" count="0" type="cond" truecount="0" falsecount="2"/>
        <line num="113" count="0" type="stmt"/>
        <line num="117" count="0" type="stmt"/>
      </file>
      <file name="Frames.js" path="/Users/jlong/Documents/grapesJS/grapesjs/src/canvas/model/Frames.js">
        <metrics statements="9" coveredstatements="9" conditionals="4" coveredconditionals="3" methods="5" coveredmethods="5"/>
        <line num="9" count="490" type="stmt"/>
        <line num="13" count="39" type="stmt"/>
        <line num="15" count="39" type="cond" truecount="1" falsecount="1"/>
        <line num="16" count="39" type="stmt"/>
        <line num="17" count="39" type="stmt"/>
        <line num="22" count="78" type="stmt"/>
        <line num="23" count="78" type="stmt"/>
        <line num="24" count="78" type="stmt"/>
        <line num="28" count="117" type="cond" truecount="2" falsecount="0"/>
      </file>
    </package>
    <package name="src.canvas.view">
      <metrics statements="357" coveredstatements="178" conditionals="185" coveredconditionals="56" methods="83" coveredmethods="29"/>
      <file name="CanvasView.js" path="/Users/jlong/Documents/grapesJS/grapesjs/src/canvas/view/CanvasView.js">
        <metrics statements="150" coveredstatements="64" conditionals="84" coveredconditionals="11" methods="28" coveredmethods="8"/>
        <line num="13" count="70" type="stmt"/>
        <line num="22" count="78" type="stmt"/>
        <line num="23" count="78" type="stmt"/>
        <line num="30" count="490" type="stmt"/>
        <line num="31" count="490" type="stmt"/>
        <line num="32" count="490" type="stmt"/>
        <line num="33" count="490" type="stmt"/>
        <line num="34" count="490" type="cond" truecount="1" falsecount="1"/>
        <line num="35" count="490" type="cond" truecount="1" falsecount="1"/>
        <line num="36" count="490" type="cond" truecount="1" falsecount="1"/>
        <line num="37" count="490" type="cond" truecount="2" falsecount="0"/>
        <line num="38" count="490" type="stmt"/>
        <line num="39" count="490" type="stmt"/>
        <line num="40" count="490" type="stmt"/>
        <line num="48" count="490" type="stmt"/>
        <line num="49" count="490" type="stmt"/>
        <line num="50" count="490" type="stmt"/>
        <line num="51" count="490" type="stmt"/>
        <line num="52" count="490" type="stmt"/>
        <line num="56" count="24" type="stmt"/>
        <line num="57" count="24" type="stmt"/>
        <line num="59" count="24" type="cond" truecount="1" falsecount="1"/>
        <line num="61" count="0" type="cond" truecount="0" falsecount="2"/>
        <line num="66" count="9" type="stmt"/>
        <line num="67" count="9" type="stmt"/>
        <line num="68" count="9" type="stmt"/>
        <line num="69" count="9" type="stmt"/>
        <line num="70" count="9" type="stmt"/>
        <line num="71" count="9" type="stmt"/>
        <line num="75" count="0" type="cond" truecount="0" falsecount="2"/>
        <line num="76" count="0" type="stmt"/>
        <line num="77" count="0" type="cond" truecount="0" falsecount="2"/>
        <line num="89" count="499" type="stmt"/>
        <line num="90" count="499" type="cond" truecount="2" falsecount="0"/>
        <line num="91" count="499" type="stmt"/>
        <line num="96" count="0" type="stmt"/>
        <line num="97" count="0" type="stmt"/>
        <line num="99" count="0" type="cond" truecount="0" falsecount="2"/>
        <line num="104" count="0" type="stmt"/>
        <line num="105" count="0" type="stmt"/>
        <line num="110" count="0" type="cond" truecount="0" falsecount="5"/>
        <line num="111" count="0" type="stmt"/>
        <line num="112" count="0" type="stmt"/>
        <line num="113" count="0" type="cond" truecount="0" falsecount="2"/>
        <line num="114" count="0" type="stmt"/>
        <line num="115" count="0" type="stmt"/>
        <line num="120" count="0" type="stmt"/>
        <line num="121" count="0" type="stmt"/>
        <line num="122" count="0" type="stmt"/>
        <line num="123" count="0" type="stmt"/>
        <line num="124" count="0" type="cond" truecount="0" falsecount="2"/>
        <line num="125" count="0" type="stmt"/>
        <line num="127" count="0" type="stmt"/>
        <line num="128" count="0" type="stmt"/>
        <line num="129" count="0" type="stmt"/>
        <line num="130" count="0" type="cond" truecount="0" falsecount="2"/>
        <line num="131" count="0" type="stmt"/>
        <line num="135" count="0" type="stmt"/>
        <line num="144" count="0" type="stmt"/>
        <line num="145" count="0" type="stmt"/>
        <line num="146" count="0" type="stmt"/>
        <line num="147" count="0" type="stmt"/>
        <line num="148" count="0" type="stmt"/>
        <line num="149" count="0" type="stmt"/>
        <line num="163" count="0" type="stmt"/>
        <line num="164" count="0" type="stmt"/>
        <line num="165" count="0" type="stmt"/>
        <line num="167" count="0" type="stmt"/>
        <line num="180" count="1" type="stmt"/>
        <line num="181" count="1" type="stmt"/>
        <line num="190" count="0" type="cond" truecount="0" falsecount="4"/>
        <line num="191" count="0" type="stmt"/>
        <line num="192" count="0" type="cond" truecount="0" falsecount="2"/>
        <line num="193" count="0" type="cond" truecount="0" falsecount="2"/>
        <line num="195" count="0" type="stmt"/>
        <line num="204" count="0" type="cond" truecount="0" falsecount="2"/>
        <line num="205" count="0" type="stmt"/>
        <line num="215" count="0" type="stmt"/>
        <line num="216" count="0" type="cond" truecount="0" falsecount="2"/>
        <line num="217" count="0" type="stmt"/>
        <line num="218" count="0" type="stmt"/>
        <line num="219" count="0" type="stmt"/>
        <line num="221" count="0" type="cond" truecount="0" falsecount="2"/>
        <line num="222" count="0" type="cond" truecount="0" falsecount="2"/>
        <line num="224" count="0" type="stmt"/>
        <line num="225" count="0" type="stmt"/>
        <line num="226" count="0" type="stmt"/>
        <line num="227" count="0" type="stmt"/>
        <line num="229" count="0" type="stmt"/>
        <line num="239" count="0" type="cond" truecount="0" falsecount="4"/>
        <line num="240" count="0" type="stmt"/>
        <line num="241" count="0" type="stmt"/>
        <line num="242" count="0" type="stmt"/>
        <line num="252" count="0" type="stmt"/>
        <line num="255" count="0" type="stmt"/>
        <line num="264" count="0" type="stmt"/>
        <line num="265" count="0" type="cond" truecount="0" falsecount="2"/>
        <line num="266" count="0" type="stmt"/>
        <line num="267" count="0" type="stmt"/>
        <line num="268" count="0" type="stmt"/>
        <line num="269" count="0" type="stmt"/>
        <line num="270" count="0" type="stmt"/>
        <line num="272" count="0" type="stmt"/>
        <line num="286" count="0" type="stmt"/>
        <line num="287" count="0" type="stmt"/>
        <line num="289" count="0" type="cond" truecount="0" falsecount="2"/>
        <line num="290" count="0" type="stmt"/>
        <line num="291" count="0" type="stmt"/>
        <line num="294" count="0" type="stmt"/>
        <line num="295" count="0" type="stmt"/>
        <line num="298" count="0" type="stmt"/>
        <line num="299" count="0" type="stmt"/>
        <line num="300" count="0" type="cond" truecount="0" falsecount="2"/>
        <line num="303" count="0" type="stmt"/>
        <line num="304" count="0" type="stmt"/>
        <line num="312" count="0" type="stmt"/>
        <line num="320" count="0" type="stmt"/>
        <line num="321" count="0" type="cond" truecount="0" falsecount="2"/>
        <line num="325" count="0" type="cond" truecount="0" falsecount="3"/>
        <line num="329" count="78" type="stmt"/>
        <line num="330" count="78" type="stmt"/>
        <line num="331" count="78" type="stmt"/>
        <line num="332" count="78" type="stmt"/>
        <line num="333" count="78" type="stmt"/>
        <line num="334" count="78" type="stmt"/>
        <line num="335" count="78" type="stmt"/>
        <line num="337" count="78" type="cond" truecount="3" falsecount="1"/>
        <line num="338" count="78" type="stmt"/>
        <line num="345" count="78" type="stmt"/>
        <line num="346" count="78" type="stmt"/>
        <line num="347" count="78" type="stmt"/>
        <line num="362" count="78" type="stmt"/>
        <line num="363" count="78" type="stmt"/>
        <line num="364" count="78" type="stmt"/>
        <line num="365" count="78" type="stmt"/>
        <line num="366" count="78" type="stmt"/>
        <line num="367" count="78" type="stmt"/>
        <line num="368" count="78" type="stmt"/>
        <line num="369" count="78" type="stmt"/>
        <line num="370" count="78" type="stmt"/>
        <line num="371" count="78" type="stmt"/>
        <line num="372" count="78" type="stmt"/>
        <line num="373" count="78" type="stmt"/>
        <line num="376" count="78" type="stmt"/>
        <line num="377" count="78" type="stmt"/>
        <line num="378" count="78" type="stmt"/>
        <line num="379" count="78" type="stmt"/>
        <line num="380" count="78" type="stmt"/>
        <line num="381" count="78" type="stmt"/>
        <line num="383" count="78" type="stmt"/>
      </file>
      <file name="FrameView.js" path="/Users/jlong/Documents/grapesJS/grapesjs/src/canvas/view/FrameView.js">
        <metrics statements="126" coveredstatements="53" conditionals="55" coveredconditionals="15" methods="38" coveredmethods="13"/>
        <line num="24" count="78" type="stmt"/>
        <line num="31" count="78" type="stmt"/>
        <line num="32" count="78" type="stmt"/>
        <line num="36" count="78" type="cond" truecount="2" falsecount="0"/>
        <line num="37" count="78" type="stmt"/>
        <line num="38" count="78" type="stmt"/>
        <line num="39" count="78" type="stmt"/>
        <line num="40" count="78" type="stmt"/>
        <line num="47" count="0" type="stmt"/>
        <line num="48" count="0" type="stmt"/>
        <line num="49" count="0" type="stmt"/>
        <line num="53" count="401" type="stmt"/>
        <line num="57" count="182" type="stmt"/>
        <line num="61" count="219" type="stmt"/>
        <line num="65" count="39" type="stmt"/>
        <line num="69" count="141" type="stmt"/>
        <line num="73" count="0" type="stmt"/>
        <line num="77" count="39" type="cond" truecount="1" falsecount="1"/>
        <line num="78" count="39" type="stmt"/>
        <line num="81" count="39" type="stmt"/>
        <line num="85" count="52" type="stmt"/>
        <line num="86" count="52" type="cond" truecount="2" falsecount="0"/>
        <line num="90" count="0" type="stmt"/>
        <line num="94" count="0" type="stmt"/>
        <line num="98" count="0" type="stmt"/>
        <line num="102" count="0" type="stmt"/>
        <line num="106" count="0" type="cond" truecount="0" falsecount="2"/>
        <line num="107" count="0" type="stmt"/>
        <line num="110" count="0" type="stmt"/>
        <line num="117" count="0" type="stmt"/>
        <line num="118" count="0" type="stmt"/>
        <line num="119" count="0" type="stmt"/>
        <line num="120" count="0" type="stmt"/>
        <line num="122" count="0" type="stmt"/>
        <line num="135" count="0" type="stmt"/>
        <line num="137" count="0" type="cond" truecount="0" falsecount="2"/>
        <line num="138" count="0" type="stmt"/>
        <line num="141" count="0" type="stmt"/>
        <line num="145" count="0" type="stmt"/>
        <line num="146" count="0" type="stmt"/>
        <line num="147" count="0" type="stmt"/>
        <line num="148" count="0" type="stmt"/>
        <line num="149" count="0" type="stmt"/>
        <line num="153" count="0" type="stmt"/>
        <line num="157" count="0" type="stmt"/>
        <line num="158" count="0" type="stmt"/>
        <line num="159" count="0" type="stmt"/>
        <line num="164" count="0" type="cond" truecount="0" falsecount="2"/>
        <line num="165" count="0" type="stmt"/>
        <line num="166" count="0" type="stmt"/>
        <line num="167" count="0" type="stmt"/>
        <line num="168" count="0" type="stmt"/>
        <line num="169" count="0" type="stmt"/>
        <line num="170" count="0" type="cond" truecount="0" falsecount="2"/>
        <line num="171" count="0" type="stmt"/>
        <line num="172" count="0" type="stmt"/>
        <line num="173" count="0" type="stmt"/>
        <line num="175" count="0" type="cond" truecount="0" falsecount="2"/>
        <line num="176" count="0" type="stmt"/>
        <line num="179" count="0" type="cond" truecount="0" falsecount="2"/>
        <line num="180" count="0" type="stmt"/>
        <line num="183" count="0" type="cond" truecount="0" falsecount="2"/>
        <line num="189" count="0" type="stmt"/>
        <line num="190" count="0" type="stmt"/>
        <line num="191" count="0" type="stmt"/>
        <line num="192" count="0" type="stmt"/>
        <line num="195" count="0" type="stmt"/>
        <line num="200" count="0" type="stmt"/>
        <line num="201" count="0" type="stmt"/>
        <line num="205" count="0" type="stmt"/>
        <line num="209" count="0" type="cond" truecount="0" falsecount="2"/>
        <line num="213" count="0" type="stmt"/>
        <line num="214" count="0" type="stmt"/>
        <line num="215" count="0" type="cond" truecount="0" falsecount="2"/>
        <line num="216" count="0" type="stmt"/>
        <line num="217" count="0" type="stmt"/>
        <line num="218" count="0" type="stmt"/>
        <line num="222" count="78" type="stmt"/>
        <line num="223" count="78" type="stmt"/>
        <line num="225" count="78" type="cond" truecount="1" falsecount="1"/>
        <line num="226" count="0" type="stmt"/>
        <line num="227" count="78" type="cond" truecount="1" falsecount="1"/>
        <line num="228" count="78" type="stmt"/>
        <line num="231" count="78" type="stmt"/>
        <line num="235" count="0" type="stmt"/>
        <line num="236" count="0" type="stmt"/>
        <line num="237" count="0" type="cond" truecount="0" falsecount="2"/>
        <line num="238" count="0" type="stmt"/>
        <line num="239" count="0" type="stmt"/>
        <line num="243" count="0" type="stmt"/>
        <line num="244" count="0" type="stmt"/>
        <line num="246" count="0" type="stmt"/>
        <line num="250" count="0" type="stmt"/>
        <line num="254" count="39" type="stmt"/>
        <line num="255" count="39" type="stmt"/>
        <line num="256" count="39" type="stmt"/>
        <line num="257" count="39" type="stmt"/>
        <line num="258" count="39" type="stmt"/>
        <line num="259" count="39" type="stmt"/>
        <line num="260" count="39" type="stmt"/>
        <line num="261" count="39" type="stmt"/>
        <line num="262" count="39" type="stmt"/>
        <line num="263" count="39" type="stmt"/>
        <line num="264" count="39" type="stmt"/>
        <line num="266" count="39" type="stmt"/>
        <line num="267" count="0" type="stmt"/>
        <line num="282" count="39" type="cond" truecount="1" falsecount="1"/>
        <line num="284" count="39" type="stmt"/>
        <line num="294" count="39" type="stmt"/>
        <line num="357" count="39" type="stmt"/>
        <line num="364" count="39" type="stmt"/>
        <line num="365" count="39" type="stmt"/>
        <line num="375" count="39" type="stmt"/>
        <line num="380" count="39" type="stmt"/>
        <line num="383" count="0" type="cond" truecount="0" falsecount="3"/>
        <line num="385" count="39" type="cond" truecount="0" falsecount="2"/>
        <line num="389" count="39" type="stmt"/>
        <line num="394" count="117" type="stmt"/>
        <line num="395" count="195" type="stmt"/>
        <line num="396" count="0" type="stmt"/>
        <line num="401" count="39" type="stmt"/>
        <line num="402" count="39" type="stmt"/>
        <line num="406" count="39" type="cond" truecount="1" falsecount="1"/>
        <line num="407" count="39" type="stmt"/>
        <line num="408" count="39" type="stmt"/>
        <line num="412" count="0" type="stmt"/>
      </file>
      <file name="FrameWrapView.js" path="/Users/jlong/Documents/grapesJS/grapesjs/src/canvas/view/FrameWrapView.js">
        <metrics statements="77" coveredstatements="57" conditionals="44" coveredconditionals="28" methods="15" coveredmethods="6"/>
        <line num="14" count="78" type="stmt"/>
        <line num="22" count="78" type="stmt"/>
        <line num="23" count="78" type="stmt"/>
        <line num="27" count="78" type="stmt"/>
        <line num="28" count="78" type="stmt"/>
        <line num="29" count="78" type="stmt"/>
        <line num="30" count="78" type="stmt"/>
        <line num="31" count="78" type="cond" truecount="2" falsecount="0"/>
        <line num="32" count="78" type="cond" truecount="2" falsecount="0"/>
        <line num="33" count="78" type="stmt"/>
        <line num="34" count="78" type="stmt"/>
        <line num="35" count="78" type="stmt"/>
        <line num="36" count="78" type="stmt"/>
        <line num="37" count="78" type="stmt"/>
        <line num="38" count="78" type="stmt"/>
        <line num="39" count="78" type="stmt"/>
        <line num="40" count="78" type="stmt"/>
        <line num="44" count="78" type="stmt"/>
        <line num="46" count="78" type="stmt"/>
        <line num="47" count="0" type="stmt"/>
        <line num="50" count="78" type="stmt"/>
        <line num="52" count="0" type="stmt"/>
        <line num="53" count="0" type="stmt"/>
        <line num="54" count="0" type="stmt"/>
        <line num="55" count="0" type="stmt"/>
        <line num="56" count="0" type="stmt"/>
        <line num="58" count="0" type="stmt"/>
        <line num="60" count="0" type="stmt"/>
        <line num="69" count="0" type="cond" truecount="0" falsecount="2"/>
        <line num="73" count="0" type="stmt"/>
        <line num="74" count="0" type="stmt"/>
        <line num="75" count="0" type="stmt"/>
        <line num="76" count="0" type="stmt"/>
        <line num="80" count="0" type="stmt"/>
        <line num="81" count="0" type="stmt"/>
        <line num="82" count="0" type="stmt"/>
        <line num="83" count="0" type="stmt"/>
        <line num="87" count="78" type="stmt"/>
        <line num="88" count="78" type="stmt"/>
        <line num="89" count="78" type="stmt"/>
        <line num="90" count="78" type="stmt"/>
        <line num="91" count="78" type="cond" truecount="1" falsecount="1"/>
        <line num="92" count="78" type="cond" truecount="1" falsecount="1"/>
        <line num="93" count="78" type="cond" truecount="1" falsecount="1"/>
        <line num="97" count="0" type="stmt"/>
        <line num="105" count="39" type="stmt"/>
        <line num="106" count="39" type="stmt"/>
        <line num="107" count="39" type="stmt"/>
        <line num="108" count="39" type="cond" truecount="2" falsecount="0"/>
        <line num="109" count="39" type="cond" truecount="2" falsecount="0"/>
        <line num="110" count="39" type="cond" truecount="2" falsecount="0"/>
        <line num="111" count="39" type="cond" truecount="2" falsecount="0"/>
        <line num="112" count="39" type="cond" truecount="2" falsecount="0"/>
        <line num="113" count="39" type="stmt"/>
        <line num="114" count="39" type="stmt"/>
        <line num="115" count="39" type="stmt"/>
        <line num="116" count="39" type="cond" truecount="1" falsecount="1"/>
        <line num="117" count="39" type="cond" truecount="1" falsecount="1"/>
        <line num="120" count="39" type="cond" truecount="2" falsecount="2"/>
        <line num="121" count="39" type="stmt"/>
        <line num="125" count="39" type="stmt"/>
        <line num="130" count="39" type="stmt"/>
        <line num="131" count="39" type="cond" truecount="1" falsecount="1"/>
        <line num="135" count="0" type="stmt"/>
        <line num="136" count="0" type="stmt"/>
        <line num="144" count="39" type="stmt"/>
        <line num="145" count="39" type="stmt"/>
        <line num="146" count="39" type="stmt"/>
        <line num="150" count="78" type="stmt"/>
        <line num="151" count="78" type="stmt"/>
        <line num="152" count="78" type="stmt"/>
        <line num="153" count="78" type="stmt"/>
        <line num="174" count="78" type="stmt"/>
        <line num="206" count="78" type="stmt"/>
        <line num="207" count="78" type="stmt"/>
        <line num="208" count="78" type="cond" truecount="1" falsecount="1"/>
        <line num="220" count="78" type="stmt"/>
      </file>
      <file name="FramesView.js" path="/Users/jlong/Documents/grapesJS/grapesjs/src/canvas/view/FramesView.js">
        <metrics statements="4" coveredstatements="4" conditionals="2" coveredconditionals="2" methods="2" coveredmethods="2"/>
        <line num="9" count="490" type="stmt"/>
        <line num="13" count="78" type="stmt"/>
        <line num="14" count="78" type="stmt"/>
        <line num="15" count="78" type="cond" truecount="2" falsecount="0"/>
      </file>
    </package>
    <package name="src.code_manager">
      <metrics statements="47" coveredstatements="36" conditionals="18" coveredconditionals="8" methods="16" coveredmethods="13"/>
      <file name="index.js" path="/Users/jlong/Documents/grapesJS/grapesjs/src/code_manager/index.js">
        <metrics statements="47" coveredstatements="36" conditionals="18" coveredconditionals="8" methods="16" coveredmethods="13"/>
        <line num="30" count="495" type="stmt"/>
        <line num="31" count="495" type="stmt"/>
        <line num="32" count="495" type="stmt"/>
        <line num="33" count="495" type="stmt"/>
        <line num="34" count="495" type="stmt"/>
        <line num="36" count="495" type="stmt"/>
        <line num="38" count="495" type="stmt"/>
        <line num="40" count="0" type="stmt"/>
        <line num="59" count="490" type="cond" truecount="1" falsecount="1"/>
        <line num="60" count="490" type="stmt"/>
        <line num="61" count="980" type="cond" truecount="1" falsecount="1"/>
        <line num="64" count="490" type="stmt"/>
        <line num="65" count="490" type="cond" truecount="2" falsecount="0"/>
        <line num="67" count="490" type="stmt"/>
        <line num="68" count="490" type="stmt"/>
        <line num="69" count="490" type="stmt"/>
        <line num="70" count="490" type="stmt"/>
        <line num="71" count="490" type="stmt"/>
        <line num="72" count="490" type="stmt"/>
        <line num="74" count="490" type="stmt"/>
        <line num="91" count="1961" type="stmt"/>
        <line num="92" count="1961" type="stmt"/>
        <line num="106" count="15" type="cond" truecount="1" falsecount="1"/>
        <line num="114" count="1" type="stmt"/>
        <line num="136" count="491" type="stmt"/>
        <line num="137" count="491" type="stmt"/>
        <line num="148" count="1" type="cond" truecount="1" falsecount="1"/>
        <line num="156" count="1" type="stmt"/>
        <line num="160" count="0" type="cond" truecount="0" falsecount="2"/>
        <line num="161" count="0" type="cond" truecount="0" falsecount="2"/>
        <line num="162" count="0" type="stmt"/>
        <line num="163" count="0" type="stmt"/>
        <line num="164" count="0" type="stmt"/>
        <line num="165" count="0" type="stmt"/>
        <line num="166" count="0" type="stmt"/>
        <line num="167" count="0" type="stmt"/>
        <line num="169" count="0" type="stmt"/>
        <line num="184" count="0" type="stmt"/>
        <line num="197" count="14" type="stmt"/>
        <line num="198" count="14" type="stmt"/>
        <line num="199" count="14" type="cond" truecount="1" falsecount="1"/>
        <line num="208" count="1960" type="stmt"/>
        <line num="210" count="490" type="stmt"/>
[...]
        <line num="1036" count="0" type="stmt"/>
        <line num="1037" count="0" type="stmt"/>
        <line num="1041" count="0" type="cond" truecount="0" falsecount="2"/>
        <line num="1042" count="0" type="stmt"/>
        <line num="1043" count="0" type="cond" truecount="0" falsecount="4"/>
        <line num="1044" count="0" type="stmt"/>
        <line num="1045" count="0" type="stmt"/>
        <line num="1049" count="0" type="cond" truecount="0" falsecount="2"/>
        <line num="1050" count="0" type="stmt"/>
        <line num="1052" count="0" type="cond" truecount="0" falsecount="2"/>
        <line num="1053" count="0" type="stmt"/>
        <line num="1054" count="0" type="stmt"/>
        <line num="1057" count="0" type="stmt"/>
        <line num="1058" count="0" type="stmt"/>
        <line num="1059" count="0" type="stmt"/>
        <line num="1061" count="0" type="stmt"/>
        <line num="1062" count="0" type="stmt"/>
        <line num="1063" count="0" type="stmt"/>
        <line num="1065" count="0" type="cond" truecount="0" falsecount="2"/>
        <line num="1066" count="0" type="stmt"/>
        <line num="1071" count="0" type="cond" truecount="0" falsecount="2"/>
        <line num="1072" count="0" type="stmt"/>
        <line num="1084" count="0" type="stmt"/>
        <line num="1085" count="0" type="stmt"/>
        <line num="1086" count="0" type="cond" truecount="0" falsecount="2"/>
        <line num="1087" count="0" type="stmt"/>
        <line num="1088" count="0" type="stmt"/>
        <line num="1090" count="0" type="stmt"/>
        <line num="1091" count="0" type="stmt"/>
        <line num="1092" count="0" type="stmt"/>
        <line num="1093" count="0" type="stmt"/>
        <line num="1094" count="0" type="stmt"/>
        <line num="1095" count="0" type="stmt"/>
        <line num="1096" count="0" type="stmt"/>
        <line num="1097" count="0" type="stmt"/>
        <line num="1098" count="0" type="cond" truecount="0" falsecount="2"/>
        <line num="1099" count="0" type="stmt"/>
        <line num="1101" count="0" type="cond" truecount="0" falsecount="5"/>
        <line num="1102" count="0" type="cond" truecount="0" falsecount="2"/>
        <line num="1103" count="0" type="stmt"/>
        <line num="1105" count="0" type="cond" truecount="0" falsecount="2"/>
        <line num="1107" count="0" type="stmt"/>
        <line num="1108" count="0" type="stmt"/>
        <line num="1110" count="0" type="cond" truecount="0" falsecount="2"/>
        <line num="1111" count="0" type="stmt"/>
        <line num="1114" count="0" type="stmt"/>
        <line num="1115" count="0" type="stmt"/>
        <line num="1116" count="0" type="stmt"/>
        <line num="1119" count="0" type="cond" truecount="0" falsecount="2"/>
        <line num="1120" count="0" type="stmt"/>
        <line num="1121" count="0" type="stmt"/>
        <line num="1122" count="0" type="stmt"/>
        <line num="1123" count="0" type="stmt"/>
        <line num="1124" count="0" type="stmt"/>
        <line num="1125" count="0" type="stmt"/>
        <line num="1126" count="0" type="stmt"/>
        <line num="1127" count="0" type="stmt"/>
        <line num="1128" count="0" type="cond" truecount="0" falsecount="2"/>
        <line num="1130" count="0" type="stmt"/>
        <line num="1133" count="0" type="cond" truecount="0" falsecount="2"/>
        <line num="1134" count="0" type="stmt"/>
        <line num="1136" count="0" type="stmt"/>
        <line num="1140" count="0" type="stmt"/>
        <line num="1142" count="0" type="cond" truecount="0" falsecount="2"/>
        <line num="1143" count="0" type="stmt"/>
        <line num="1146" count="0" type="cond" truecount="0" falsecount="2"/>
        <line num="1147" count="0" type="stmt"/>
        <line num="1150" count="0" type="cond" truecount="0" falsecount="2"/>
        <line num="1151" count="0" type="stmt"/>
        <line num="1154" count="0" type="stmt"/>
        <line num="1157" count="0" type="cond" truecount="0" falsecount="2"/>
        <line num="1158" count="0" type="cond" truecount="0" falsecount="2"/>
        <line num="1168" count="0" type="stmt"/>
        <line num="1177" count="0" type="stmt"/>
        <line num="1178" count="0" type="cond" truecount="0" falsecount="2"/>
        <line num="1180" count="0" type="cond" truecount="0" falsecount="2"/>
        <line num="1181" count="0" type="stmt"/>
        <line num="1182" count="0" type="stmt"/>
      </file>
      <file name="dom.js" path="/Users/jlong/Documents/grapesJS/grapesjs/src/utils/dom.js">
        <metrics statements="50" coveredstatements="27" conditionals="27" coveredconditionals="9" methods="14" coveredmethods="4"/>
        <line num="4" count="70" type="stmt"/>
        <line num="5" count="70" type="stmt"/>
        <line num="6" count="70" type="stmt"/>
        <line num="9" count="70" type="stmt"/>
        <line num="11" count="70" type="cond" truecount="0" falsecount="2"/>
        <line num="13" count="70" type="stmt"/>
        <line num="14" count="0" type="stmt"/>
        <line num="19" count="70" type="stmt"/>
        <line num="20" count="0" type="stmt"/>
        <line num="23" count="70" type="stmt"/>
        <line num="24" count="0" type="stmt"/>
        <line num="27" count="70" type="stmt"/>
        <line num="28" count="3553" type="stmt"/>
        <line num="29" count="3553" type="stmt"/>
        <line num="30" count="3553" type="cond" truecount="1" falsecount="1"/>
        <line num="32" count="3553" type="cond" truecount="2" falsecount="0"/>
        <line num="33" count="39" type="stmt"/>
        <line num="34" count="39" type="stmt"/>
        <line num="35" count="39" type="stmt"/>
        <line num="38" count="3553" type="cond" truecount="1" falsecount="1"/>
        <line num="39" count="3553" type="stmt"/>
        <line num="41" count="0" type="stmt"/>
        <line num="45" count="156" type="stmt"/>
        <line num="47" count="70" type="cond" truecount="0" falsecount="1"/>
        <line num="48" count="117" type="stmt"/>
        <line num="49" count="195" type="cond" truecount="2" falsecount="0"/>
        <line num="51" count="117" type="cond" truecount="2" falsecount="0"/>
        <line num="52" count="78" type="cond" truecount="1" falsecount="1"/>
        <line num="53" count="0" type="stmt"/>
        <line num="56" count="117" type="stmt"/>
        <line num="63" count="70" type="stmt"/>
        <line num="65" count="0" type="stmt"/>
        <line num="66" count="0" type="stmt"/>
        <line num="68" count="0" type="stmt"/>
        <line num="69" count="0" type="stmt"/>
        <line num="71" count="0" type="stmt"/>
        <line num="72" count="0" type="stmt"/>
        <line num="73" count="0" type="stmt"/>
        <line num="74" count="0" type="stmt"/>
        <line num="76" count="0" type="stmt"/>
        <line num="80" count="0" type="stmt"/>
        <line num="88" count="70" type="cond" truecount="0" falsecount="1"/>
        <line num="89" count="0" type="cond" truecount="0" falsecount="2"/>
        <line num="90" count="0" type="stmt"/>
        <line num="91" count="0" type="cond" truecount="0" falsecount="2"/>
        <line num="92" count="0" type="cond" truecount="0" falsecount="2"/>
        <line num="93" count="0" type="stmt"/>
        <line num="95" count="0" type="stmt"/>
        <line num="96" count="0" type="stmt"/>
        <line num="99" count="0" type="stmt"/>
      </file>
      <file name="extender.js" path="/Users/jlong/Documents/grapesJS/grapesjs/src/utils/extender.js">
        <metrics statements="63" coveredstatements="36" conditionals="44" coveredconditionals="12" methods="18" coveredmethods="11"/>
        <line num="4" count="70" type="cond" truecount="3" falsecount="1"/>
        <line num="5" count="70" type="stmt"/>
        <line num="9" count="70" type="stmt"/>
        <line num="10" count="337" type="stmt"/>
        <line num="13" count="70" type="stmt"/>
        <line num="14" count="1175" type="stmt"/>
        <line num="17" count="70" type="stmt"/>
        <line num="18" count="2" type="stmt"/>
        <line num="19" count="2" type="cond" truecount="2" falsecount="0"/>
        <line num="20" count="2" type="stmt"/>
        <line num="56" count="70" type="stmt"/>
        <line num="57" count="1665" type="stmt"/>
        <line num="60" count="70" type="stmt"/>
        <line num="61" count="0" type="cond" truecount="0" falsecount="2"/>
        <line num="62" count="0" type="stmt"/>
        <line num="63" count="0" type="cond" truecount="0" falsecount="2"/>
        <line num="66" count="0" type="stmt"/>
        <line num="68" count="0" type="stmt"/>
        <line num="72" count="70" type="stmt"/>
        <line num="73" count="187" type="cond" truecount="2" falsecount="0"/>
        <line num="76" count="70" type="stmt"/>
        <line num="77" count="185" type="cond" truecount="1" falsecount="1"/>
        <line num="80" count="70" type="stmt"/>
        <line num="81" count="185" type="cond" truecount="1" falsecount="1"/>
        <line num="84" count="70" type="stmt"/>
        <line num="85" count="370" type="cond" truecount="2" falsecount="0"/>
        <line num="86" count="185" type="stmt"/>
        <line num="89" count="370" type="stmt"/>
        <line num="90" count="0" type="stmt"/>
        <line num="91" count="0" type="stmt"/>
        <line num="95" count="70" type="stmt"/>
        <line num="96" count="0" type="stmt"/>
        <line num="97" count="0" type="cond" truecount="0" falsecount="2"/>
        <line num="98" count="0" type="cond" truecount="0" falsecount="2"/>
        <line num="99" count="0" type="cond" truecount="0" falsecount="4"/>
        <line num="102" count="70" type="stmt"/>
        <line num="103" count="0" type="stmt"/>
        <line num="104" count="0" type="cond" truecount="0" falsecount="2"/>
        <line num="105" count="0" type="cond" truecount="0" falsecount="2"/>
        <line num="106" count="0" type="cond" truecount="0" falsecount="4"/>
        <line num="109" count="70" type="stmt"/>
        <line num="110" count="70" type="stmt"/>
        <line num="113" count="0" type="cond" truecount="0" falsecount="2"/>
        <line num="114" count="0" type="stmt"/>
        <line num="115" count="0" type="stmt"/>
        <line num="118" count="0" type="cond" truecount="0" falsecount="2"/>
        <line num="119" count="0" type="stmt"/>
        <line num="121" count="0" type="cond" truecount="0" falsecount="2"/>
        <line num="122" count="0" type="stmt"/>
        <line num="125" count="0" type="stmt"/>
        <line num="128" count="70" type="stmt"/>
        <line num="129" count="370" type="stmt"/>
        <line num="131" count="370" type="stmt"/>
        <line num="132" count="370" type="stmt"/>
        <line num="135" count="370" type="stmt"/>
        <line num="138" count="70" type="stmt"/>
        <line num="140" count="70" type="stmt"/>
        <line num="141" count="185" type="cond" truecount="1" falsecount="1"/>
        <line num="144" count="70" type="stmt"/>
        <line num="145" count="0" type="cond" truecount="0" falsecount="2"/>
        <line num="146" count="0" type="stmt"/>
        <line num="149" count="0" type="stmt"/>
        <line num="150" count="0" type="stmt"/>
      </file>
      <file name="fetch.js" path="/Users/jlong/Documents/grapesJS/grapesjs/src/utils/fetch.js">
        <metrics statements="14" coveredstatements="1" conditionals="14" coveredconditionals="2" methods="4" coveredmethods="0"/>
        <line num="3" count="70" type="cond" truecount="1" falsecount="1"/>
        <line num="8" count="0" type="stmt"/>
        <line num="9" count="0" type="stmt"/>
        <line num="10" count="0" type="cond" truecount="0" falsecount="2"/>
        <line num="11" count="0" type="stmt"/>
        <line num="13" count="0" type="cond" truecount="0" falsecount="2"/>
        <line num="14" count="0" type="stmt"/>
        <line num="17" count="0" type="stmt"/>
        <line num="18" count="0" type="stmt"/>
        <line num="21" count="0" type="stmt"/>
        <line num="23" count="0" type="stmt"/>
        <line num="26" count="0" type="cond" truecount="0" falsecount="4"/>
        <line num="27" count="0" type="stmt"/>
        <line num="31" count="0" type="cond" truecount="0" falsecount="2"/>
      </file>
      <file name="index.js" path="/Users/jlong/Documents/grapesJS/grapesjs/src/utils/index.js">
        <metrics statements="2" coveredstatements="2" conditionals="0" coveredconditionals="0" methods="3" coveredmethods="3"/>
        <line num="6" count="490" type="stmt"/>
        <line num="18" count="490" type="stmt"/>
      </file>
      <file name="mixins.js" path="/Users/jlong/Documents/grapesJS/grapesjs/src/utils/mixins.js">
        <metrics statements="92" coveredstatements="69" conditionals="84" coveredconditionals="36" methods="28" coveredmethods="15"/>
        <line num="3" count="70" type="stmt"/>
        <line num="5" count="70" type="cond" truecount="1" falsecount="3"/>
        <line num="14" count="70" type="cond" truecount="1" falsecount="0"/>
        <line num="15" count="156" type="cond" truecount="2" falsecount="0"/>
        <line num="17" count="156" type="cond" truecount="2" falsecount="0"/>
        <line num="18" count="78" type="stmt"/>
        <line num="20" count="78" type="cond" truecount="2" falsecount="0"/>
        <line num="24" count="6" type="stmt"/>
        <line num="25" count="6" type="stmt"/>
        <line num="26" count="6" type="stmt"/>
        <line num="27" count="6" type="stmt"/>
        <line num="29" count="6" type="cond" truecount="1" falsecount="1"/>
        <line num="30" count="6" type="stmt"/>
        <line num="32" count="0" type="stmt"/>
        <line num="36" count="78" type="stmt"/>
        <line num="51" count="70" type="stmt"/>
        <line num="52" count="752" type="stmt"/>
        <line num="53" count="752" type="stmt"/>
        <line num="55" count="752" type="stmt"/>
        <line num="56" count="26" type="cond" truecount="1" falsecount="1"/>
        <line num="57" count="26" type="stmt"/>
        <line num="58" count="26" type="stmt"/>
        <line num="60" count="26" type="cond" truecount="2" falsecount="0"/>
        <line num="61" count="20" type="cond" truecount="2" falsecount="0"/>
        <line num="62" count="16" type="stmt"/>
        <line num="65" count="6" type="stmt"/>
        <line num="70" count="752" type="stmt"/>
        <line num="71" count="752" type="cond" truecount="1" falsecount="1"/>
        <line num="72" count="752" type="cond" truecount="2" falsecount="0"/>
        <line num="73" count="732" type="stmt"/>
        <line num="78" count="752" type="stmt"/>
        <line num="81" count="70" type="stmt"/>
        <line num="82" count="1665" type="stmt"/>
        <line num="83" count="1665" type="cond" truecount="2" falsecount="0"/>
        <line num="85" count="1665" type="stmt"/>
        <line num="86" count="2324" type="stmt"/>
        <line num="90" count="70" type="stmt"/>
        <line num="91" count="339" type="stmt"/>
        <line num="92" count="339" type="cond" truecount="2" falsecount="0"/>
        <line num="94" count="339" type="stmt"/>
        <line num="95" count="391" type="stmt"/>
        <line num="99" count="70" type="stmt"/>
        <line num="100" count="0" type="stmt"/>
        <line num="103" count="2233" type="stmt"/>
        <line num="105" count="70" type="stmt"/>
        <line num="106" count="2055" type="stmt"/>
        <line num="107" count="2055" type="stmt"/>
        <line num="110" count="70" type="cond" truecount="0" falsecount="2"/>
        <line num="111" count="0" type="stmt"/>
        <line num="112" count="0" type="cond" truecount="0" falsecount="2"/>
        <line num="113" count="0" type="stmt"/>
        <line num="115" count="0" type="cond" truecount="0" falsecount="2"/>
        <line num="116" count="0" type="stmt"/>
        <line num="117" count="0" type="cond" truecount="0" falsecount="2"/>
        <line num="120" count="0" type="cond" truecount="0" falsecount="2"/>
        <line num="123" count="70" type="stmt"/>
        <line num="124" count="62" type="stmt"/>
        <line num="135" count="70" type="stmt"/>
        <line num="136" count="0" type="cond" truecount="0" falsecount="4"/>
        <line num="137" count="0" type="stmt"/>
        <line num="138" count="0" type="cond" truecount="0" falsecount="4"/>
        <line num="139" count="0" type="stmt"/>
        <line num="148" count="70" type="cond" truecount="2" falsecount="0"/>
        <line num="155" count="70" type="cond" truecount="2" falsecount="0"/>
        <line num="162" count="70" type="cond" truecount="3" falsecount="0"/>
        <line num="169" count="70" type="stmt"/>
        <line num="170" count="133" type="stmt"/>
        <line num="171" count="133" type="cond" truecount="2" falsecount="0"/>
        <line num="172" count="133" type="stmt"/>
        <line num="175" count="70" type="stmt"/>
        <line num="176" count="0" type="stmt"/>
        <line num="182" count="0" type="cond" truecount="0" falsecount="2"/>
        <line num="185" count="0" type="cond" truecount="0" falsecount="2"/>
        <line num="186" count="0" type="stmt"/>
        <line num="187" count="0" type="stmt"/>
        <line num="188" count="0" type="stmt"/>
        <line num="189" count="0" type="stmt"/>
        <line num="192" count="0" type="stmt"/>
        <line num="202" count="70" type="stmt"/>
        <line num="203" count="0" type="cond" truecount="0" falsecount="4"/>
        <line num="210" count="70" type="cond" truecount="0" falsecount="2"/>
        <line num="211" count="70" type="stmt"/>
        <line num="212" count="70" type="stmt"/>
        <line num="213" count="70" type="stmt"/>
        <line num="214" count="0" type="cond" truecount="0" falsecount="3"/>
        <line num="215" count="70" type="stmt"/>
        <line num="217" count="5493" type="cond" truecount="2" falsecount="0"/>
        <line num="218" count="70" type="cond" truecount="0" falsecount="2"/>
        <line num="219" count="70" type="cond" truecount="0" falsecount="2"/>
        <line num="221" count="70" type="stmt"/>
        <line num="222" count="70" type="stmt"/>
        <line num="223" count="947" type="stmt"/>
      </file>
      <file name="polyfills.js" path="/Users/jlong/Documents/grapesJS/grapesjs/src/utils/polyfills.js">
        <metrics statements="13" coveredstatements="9" conditionals="6" coveredconditionals="2" methods="3" coveredmethods="2"/>
        <line num="11" count="70" type="stmt"/>
        <line num="13" count="70" type="stmt"/>
        <line num="14" count="70" type="stmt"/>
        <line num="21" count="70" type="stmt"/>
        <line num="22" count="280" type="stmt"/>
        <line num="23" count="280" type="stmt"/>
        <line num="24" count="280" type="cond" truecount="1" falsecount="1"/>
        <line num="27" count="70" type="stmt"/>
        <line num="30" count="70" type="cond" truecount="1" falsecount="1"/>
        <line num="32" count="0" type="stmt"/>
        <line num="33" count="0" type="stmt"/>
        <line num="34" count="0" type="cond" truecount="0" falsecount="2"/>
        <line num="35" count="0" type="stmt"/>
      </file>
    </package>
    <package name="test">
      <metrics statements="6" coveredstatements="3" conditionals="0" coveredconditionals="0" methods="4" coveredmethods="1"/>
      <file name="test_utils.js" path="/Users/jlong/Documents/grapesJS/grapesjs/test/test_utils.js">
        <metrics statements="6" coveredstatements="3" conditionals="0" coveredconditionals="0" methods="4" coveredmethods="1"/>
        <line num="1" count="2" type="stmt"/>
        <line num="3" count="2" type="stmt"/>
        <line num="4" count="2" type="stmt"/>
        <line num="7" count="0" type="stmt"/>
        <line num="10" count="0" type="stmt"/>
        <line num="13" count="0" type="stmt"/>
      </file>
    </package>
  </project>
</coverage>
