TN:
SF:/Users/jlong/Documents/grapesJS/grapesjs/src/index.js
FN:52,(anonymous_0)
FN:60,(anonymous_1)
FN:99,(anonymous_2)
FNF:3
FNH:2
FNDA:60,(anonymous_0)
FNDA:6,(anonymous_1)
FNDA:0,(anonymous_2)
DA:7,70
DA:9,70
DA:10,70
DA:11,70
DA:12,70
DA:53,60
DA:54,60
DA:55,60
DA:56,60
DA:57,60
DA:60,60
DA:61,6
DA:62,6
DA:65,6
DA:66,3
DA:67,3
DA:70,6
DA:71,4
DA:72,2
DA:73,2
DA:75,0
DA:82,60
DA:83,60
DA:85,60
DA:86,0
DA:88,60
DA:91,60
DA:100,0
LF:28
LH:25
BRDA:52,0,0,0
BRDA:54,1,0,0
BRDA:54,1,1,60
BRDA:56,2,0,1
BRDA:56,2,1,59
BRDA:62,3,0,6
BRDA:62,3,1,3
BRDA:65,4,0,3
BRDA:65,4,1,3
BRDA:67,5,0,0
BRDA:67,5,1,3
BRDA:67,6,0,3
BRDA:67,6,1,1
BRDA:70,7,0,4
BRDA:70,7,1,2
BRDA:72,8,0,2
BRDA:72,8,1,0
BRDA:83,9,0,60
BRDA:83,9,1,60
BRDA:85,10,0,0
BRDA:85,10,1,60
BRDA:100,11,0,0
BRDA:100,11,1,0
BRF:23
BRH:16
end_of_record
TN:
SF:/Users/jlong/Documents/grapesJS/grapesjs/src/asset_manager/index.js
FN:38,(anonymous_0)
FN:57,(anonymous_1)
FN:66,(anonymous_2)
FN:93,(anonymous_3)
FN:98,(anonymous_4)
FN:129,(anonymous_5)
FN:145,(anonymous_6)
FN:153,(anonymous_7)
FN:161,(anonymous_8)
FN:172,(anonymous_9)
FN:185,(anonymous_10)
FN:204,(anonymous_11)
FN:225,(anonymous_12)
FN:233,(anonymous_13)
FN:252,(anonymous_14)
FN:277,(anonymous_15)
FN:286,(anonymous_16)
FN:294,(anonymous_17)
FN:300,(anonymous_18)
FN:304,(anonymous_19)
FN:308,(anonymous_20)
FN:312,(anonymous_21)
FN:321,(anonymous_22)
FN:330,(anonymous_23)
FN:339,(anonymous_24)
FN:348,(anonymous_25)
FN:352,(anonymous_26)
FN:357,(anonymous_27)
FNF:28
FNH:17
FNDA:500,(anonymous_0)
FNDA:0,(anonymous_1)
FNDA:500,(anonymous_2)
FNDA:8,(anonymous_3)
FNDA:2,(anonymous_4)
FNDA:7,(anonymous_5)
FNDA:5,(anonymous_6)
FNDA:81,(anonymous_7)
FNDA:10,(anonymous_8)
FNDA:2,(anonymous_9)
FNDA:1,(anonymous_10)
FNDA:2,(anonymous_11)
FNDA:11,(anonymous_12)
FNDA:0,(anonymous_13)
FNDA:11,(anonymous_14)
FNDA:0,(anonymous_15)
FNDA:0,(anonymous_16)
FNDA:0,(anonymous_17)
FNDA:0,(anonymous_18)
FNDA:0,(anonymous_19)
FNDA:60,(anonymous_20)
FNDA:39,(anonymous_21)
FNDA:0,(anonymous_22)
FNDA:0,(anonymous_23)
FNDA:0,(anonymous_24)
FNDA:0,(anonymous_25)
FNDA:9,(anonymous_26)
FNDA:27,(anonymous_27)
DA:39,500
DA:42,500
DA:58,0
DA:67,500
DA:69,500
DA:70,9500
DA:73,500
DA:74,500
DA:76,500
DA:77,52
DA:81,500
DA:82,500
DA:88,500
DA:89,500
DA:90,500
DA:93,500
DA:94,8
DA:95,8
DA:98,500
DA:99,2
DA:100,2
DA:103,500
DA:131,7
DA:132,7
DA:135,7
DA:146,5
DA:154,81
DA:162,10
DA:173,2
DA:174,2
DA:175,2
DA:186,1
DA:187,1
DA:188,1
DA:189,1
DA:190,1
DA:205,2
DA:206,2
DA:208,2
DA:209,1
DA:210,1
DA:214,2
DA:215,1
DA:218,2
DA:226,11
DA:234,0
DA:253,11
DA:255,11
DA:256,10
DA:259,11
DA:260,11
DA:278,0
DA:287,0
DA:295,0
DA:301,0
DA:305,0
DA:309,60
DA:313,39
DA:322,0
DA:331,0
DA:340,0
DA:349,0
DA:353,9
DA:354,9
DA:355,9
DA:356,9
DA:357,27
DA:358,9
LF:68
LH:57
BRDA:67,0,0,500
BRDA:67,0,1,9
BRDA:70,1,0,9500
BRDA:70,1,1,0
BRDA:76,2,0,52
BRDA:76,2,1,448
BRDA:95,3,0,8
BRDA:95,3,1,0
BRDA:100,4,0,2
BRDA:100,4,1,0
BRDA:129,5,0,7
BRDA:131,6,0,7
BRDA:131,6,1,0
BRDA:189,7,0,1
BRDA:189,7,1,0
BRDA:189,8,0,1
BRDA:189,8,1,1
BRDA:204,9,0,0
BRDA:206,10,0,2
BRDA:206,10,1,1
BRDA:208,11,0,1
BRDA:208,11,1,1
BRDA:214,12,0,1
BRDA:214,12,1,1
BRDA:214,13,0,2
BRDA:214,13,1,2
BRDA:253,14,0,11
BRDA:253,14,1,11
BRDA:255,15,0,10
BRDA:255,15,1,1
BRDA:313,16,0,39
BRDA:313,16,1,0
BRF:32
BRH:25
end_of_record
TN:
SF:/Users/jlong/Documents/grapesJS/grapesjs/src/asset_manager/config/config.js
FNF:0
FNH:0
LF:0
LH:0
BRF:0
BRH:0
end_of_record
TN:
SF:/Users/jlong/Documents/grapesJS/grapesjs/src/asset_manager/model/Asset.js
FN:16,(anonymous_0)
FN:27,(anonymous_1)
FNF:2
FNH:2
FNDA:29,(anonymous_0)
FNDA:4,(anonymous_1)
DA:17,29
DA:28,4
LF:2
LH:2
BRF:0
BRH:0
end_of_record
TN:
SF:/Users/jlong/Documents/grapesJS/grapesjs/src/asset_manager/model/AssetImage.js
FNF:0
FNH:0
LF:0
LH:0
BRF:0
BRH:0
end_of_record
TN:
SF:/Users/jlong/Documents/grapesJS/grapesjs/src/asset_manager/model/Assets.js
FN:12,(anonymous_0)
FNF:1
FNH:1
FNDA:11,(anonymous_0)
DA:13,11
DA:14,4
DA:19,7
LF:3
LH:3
BRDA:13,0,0,4
BRDA:13,0,1,7
BRF:2
BRH:2
end_of_record
TN:
SF:/Users/jlong/Documents/grapesJS/grapesjs/src/asset_manager/view/AssetImageView.js
FN:11,(anonymous_0)
FN:20,(anonymous_1)
FN:35,(anonymous_2)
FN:44,(anonymous_3)
FN:61,(anonymous_4)
FN:80,(anonymous_5)
FNF:6
FNH:6
FNDA:21,(anonymous_0)
FNDA:21,(anonymous_1)
FNDA:21,(anonymous_2)
FNDA:1,(anonymous_3)
FNDA:1,(anonymous_4)
FNDA:1,(anonymous_5)
DA:12,21
DA:13,21
DA:14,21
DA:21,21
DA:22,21
DA:23,21
DA:24,21
DA:25,21
DA:26,21
DA:27,21
DA:28,21
DA:29,21
DA:36,21
DA:37,21
DA:45,1
DA:46,1
DA:47,1
DA:48,1
DA:50,1
DA:51,0
DA:53,1
DA:62,1
DA:63,1
DA:65,1
DA:66,0
DA:68,1
DA:69,1
DA:72,1
DA:73,1
DA:81,1
DA:82,1
LF:31
LH:29
BRDA:27,0,0,6
BRDA:27,0,1,15
BRDA:27,1,0,21
BRDA:27,1,1,6
BRDA:28,2,0,21
BRDA:28,2,1,21
BRDA:50,3,0,0
BRDA:50,3,1,1
BRDA:65,4,0,0
BRDA:65,4,1,1
BRDA:69,5,0,1
BRDA:69,5,1,0
BRDA:73,6,0,1
BRDA:73,6,1,0
BRF:14
BRH:10
end_of_record
TN:
SF:/Users/jlong/Documents/grapesJS/grapesjs/src/asset_manager/view/AssetView.js
FN:5,(anonymous_0)
FN:20,(anonymous_1)
FN:40,(anonymous_2)
FN:47,(anonymous_3)
FN:51,(anonymous_4)
FN:55,(anonymous_5)
FNF:6
FNH:6
FNDA:23,(anonymous_0)
FNDA:23,(anonymous_1)
FNDA:1,(anonymous_2)
FNDA:2,(anonymous_3)
FNDA:2,(anonymous_4)
FNDA:23,(anonymous_5)
DA:6,23
DA:7,23
DA:8,23
DA:9,23
DA:10,23
DA:11,23
DA:12,23
DA:13,23
DA:14,23
DA:15,23
DA:16,23
DA:17,23
DA:21,23
DA:22,23
DA:41,1
DA:42,0
DA:43,0
DA:48,2
DA:52,2
DA:56,23
DA:57,23
DA:58,23
DA:59,23
LF:23
LH:21
BRDA:5,0,0,0
BRDA:8,1,0,23
BRDA:8,1,1,0
BRDA:10,2,0,23
BRDA:10,2,1,14
BRDA:11,3,0,23
BRDA:11,3,1,23
BRDA:16,4,0,23
BRDA:16,4,1,21
BRDA:17,5,0,23
BRDA:17,5,1,21
BRDA:41,6,0,0
BRDA:41,6,1,1
BRDA:41,7,0,1
BRDA:41,7,1,0
BRF:15
BRH:11
end_of_record
TN:
SF:/Users/jlong/Documents/grapesJS/grapesjs/src/asset_manager/view/AssetsView.js
FN:8,(anonymous_0)
FN:34,(anonymous_1)
FN:53,(anonymous_2)
FN:78,(anonymous_3)
FN:88,(anonymous_4)
FN:99,(anonymous_5)
FN:109,(anonymous_6)
FN:123,(anonymous_7)
FN:150,(anonymous_8)
FN:165,(anonymous_9)
FN:170,(anonymous_10)
FN:175,(anonymous_11)
FN:179,(anonymous_12)
FNF:13
FNH:13
FNDA:24,(anonymous_0)
FNDA:514,(anonymous_1)
FNDA:1,(anonymous_2)
FNDA:19,(anonymous_3)
FNDA:4,(anonymous_4)
FNDA:3,(anonymous_5)
FNDA:14,(anonymous_6)
FNDA:14,(anonymous_7)
FNDA:69,(anonymous_8)
FNDA:1,(anonymous_9)
FNDA:55,(anonymous_10)
FNDA:1,(anonymous_11)
FNDA:24,(anonymous_12)
DA:9,24
DA:10,24
DA:11,12
DA:23,24
DA:35,514
DA:36,514
DA:37,514
DA:38,514
DA:39,514
DA:40,514
DA:41,514
DA:42,514
DA:43,514
DA:44,514
DA:54,1
DA:55,1
DA:56,1
DA:57,1
DA:59,1
DA:60,0
DA:63,1
DA:64,1
DA:66,1
DA:67,0
DA:69,1
DA:80,19
DA:89,4
DA:90,3
DA:91,4
DA:100,3
DA:101,3
DA:110,14
DA:111,11
DA:113,14
DA:124,14
DA:125,14
DA:126,14
DA:127,14
DA:133,14
DA:134,1
DA:136,13
DA:137,13
DA:138,13
DA:142,14
DA:151,69
DA:153,69
DA:154,12
DA:156,57
DA:157,57
DA:166,1
DA:167,1
DA:171,55
DA:172,55
DA:173,55
DA:174,55
DA:175,55
DA:176,55
DA:180,24
DA:181,24
DA:182,24
DA:183,24
DA:184,24
DA:185,24
DA:186,24
LF:64
LH:62
BRDA:10,0,0,12
BRDA:10,0,1,12
BRDA:14,1,0,12
BRDA:14,1,1,0
BRDA:16,2,0,12
BRDA:16,2,1,0
BRDA:37,3,0,514
BRDA:37,3,1,14
BRDA:38,4,0,514
BRDA:38,4,1,462
BRDA:56,5,0,1
BRDA:56,5,1,1
BRDA:59,6,0,0
BRDA:59,6,1,1
BRDA:66,7,0,0
BRDA:66,7,1,1
BRDA:89,8,0,3
BRDA:89,8,1,1
BRDA:89,9,0,4
BRDA:89,9,1,1
BRDA:100,10,0,3
BRDA:100,10,1,0
BRDA:110,11,0,11
BRDA:110,11,1,3
BRDA:123,12,0,13
BRDA:133,13,0,1
BRDA:133,13,1,13
BRDA:137,14,0,13
BRDA:137,14,1,0
BRDA:153,15,0,12
BRDA:153,15,1,57
BRDA:157,16,0,57
BRDA:157,16,1,0
BRF:33
BRH:26
end_of_record
TN:
SF:/Users/jlong/Documents/grapesJS/grapesjs/src/asset_manager/view/FileUploader.js
FN:17,(anonymous_0)
FN:47,(anonymous_1)
FN:57,(anonymous_2)
FN:70,(anonymous_3)
FN:82,(anonymous_4)
FN:109,(anonymous_5)
FN:151,(anonymous_6)
FN:154,(anonymous_7)
FN:157,(anonymous_8)
FN:158,(anonymous_9)
FN:166,(anonymous_10)
FN:172,(anonymous_11)
FN:176,(anonymous_12)
FN:180,(anonymous_13)
FN:190,(anonymous_14)
FN:201,(anonymous_15)
FN:205,(anonymous_16)
FN:212,(anonymous_17)
FN:216,(anonymous_18)
FN:226,(anonymous_19)
FN:240,(anonymous_20)
FN:248,(anonymous_21)
FN:265,(anonymous_22)
FN:284,(anonymous_23)
FN:286,(anonymous_24)
FN:329,(anonymous_25)
FN:332,(anonymous_26)
FN:350,(anonymous_27)
FN:353,(anonymous_28)
FN:364,(anonymous_29)
FN:368,(anonymous_30)
FNF:31
FNH:3
FNDA:526,(anonymous_0)
FNDA:0,(anonymous_1)
FNDA:0,(anonymous_2)
FNDA:0,(anonymous_3)
FNDA:0,(anonymous_4)
FNDA:0,(anonymous_5)
FNDA:0,(anonymous_6)
FNDA:0,(anonymous_7)
FNDA:0,(anonymous_8)
FNDA:0,(anonymous_9)
FNDA:36,(anonymous_10)
FNDA:0,(anonymous_11)
FNDA:0,(anonymous_12)
FNDA:0,(anonymous_13)
FNDA:0,(anonymous_14)
FNDA:0,(anonymous_15)
FNDA:0,(anonymous_16)
FNDA:0,(anonymous_17)
FNDA:0,(anonymous_18)
FNDA:0,(anonymous_19)
FNDA:0,(anonymous_20)
FNDA:36,(anonymous_21)
FNDA:0,(anonymous_22)
FNDA:0,(anonymous_23)
FNDA:0,(anonymous_24)
FNDA:0,(anonymous_25)
FNDA:0,(anonymous_26)
FNDA:0,(anonymous_27)
FNDA:0,(anonymous_28)
FNDA:0,(anonymous_29)
FNDA:0,(anonymous_30)
DA:18,526
DA:19,526
DA:20,526
DA:21,526
DA:22,526
DA:23,526
DA:24,526
DA:25,526
DA:26,526
DA:30,526
DA:31,526
DA:32,526
DA:34,526
DA:35,0
DA:36,526
DA:37,501
DA:40,526
DA:48,0
DA:49,0
DA:58,0
DA:59,0
DA:60,0
DA:61,0
DA:62,0
DA:71,0
DA:72,0
DA:73,0
DA:74,0
DA:83,0
DA:84,0
DA:85,0
DA:87,0
DA:88,0
DA:90,0
DA:93,0
DA:95,0
DA:96,0
DA:99,0
DA:100,0
DA:110,0
DA:111,0
DA:112,0
DA:114,0
DA:115,0
DA:117,0
DA:118,0
DA:120,0
DA:121,0
DA:124,0
DA:125,0
DA:126,0
DA:128,0
DA:129,0
DA:132,0
DA:133,0
DA:134,0
DA:135,0
DA:137,0
DA:138,0
DA:141,0
DA:142,0
DA:143,0
DA:149,0
DA:152,0
DA:154,0
DA:156,0
DA:157,0
DA:158,0
DA:167,36
DA:168,36
DA:169,36
DA:170,36
DA:171,0
DA:172,0
DA:173,0
DA:174,0
DA:176,0
DA:177,0
DA:178,0
DA:180,0
DA:181,0
DA:182,0
DA:183,0
DA:184,0
DA:191,0
DA:192,0
DA:193,0
DA:194,0
DA:195,0
DA:196,0
DA:197,0
DA:198,0
DA:199,0
DA:200,0
DA:201,0
DA:202,0
DA:203,0
DA:205,0
DA:206,0
DA:207,0
DA:208,0
DA:210,0
DA:212,0
DA:213,0
DA:214,0
DA:216,0
DA:217,0
DA:218,0
DA:219,0
DA:220,0
DA:222,0
DA:223,0
DA:224,0
DA:227,0
DA:228,0
DA:233,0
DA:236,0
DA:237,0
DA:239,0
DA:240,0
DA:241,0
DA:242,0
DA:243,0
DA:249,36
DA:250,36
DA:259,36
DA:260,36
DA:261,36
DA:267,0
DA:268,0
DA:271,0
DA:272,0
DA:275,0
DA:278,0
DA:279,0
DA:281,0
DA:284,0
DA:285,0
DA:286,0
DA:288,0
DA:291,0
DA:292,0
DA:293,0
DA:295,0
DA:319,0
DA:320,0
DA:328,0
DA:329,0
DA:330,0
DA:332,0
DA:333,0
DA:334,0
DA:335,0
DA:337,0
DA:338,0
DA:340,0
DA:347,0
DA:350,0
DA:351,0
DA:353,0
DA:354,0
DA:357,0
DA:360,0
DA:363,0
DA:365,0
DA:366,0
DA:369,0
LF:167
LH:25
BRDA:17,0,0,0
BRDA:19,1,0,526
BRDA:19,1,1,14
BRDA:22,2,0,526
BRDA:22,2,1,26
BRDA:23,3,0,526
BRDA:23,3,1,474
BRDA:24,4,0,526
BRDA:24,4,1,26
BRDA:27,5,0,1
BRDA:27,5,1,525
BRDA:29,6,0,525
BRDA:29,6,1,525
BRDA:30,7,0,501
BRDA:30,7,1,25
BRDA:34,8,0,0
BRDA:34,8,1,526
BRDA:36,9,0,501
BRDA:36,9,1,25
BRDA:36,10,0,526
BRDA:36,10,1,525
BRDA:49,11,0,0
BRDA:49,11,1,0
BRDA:60,12,0,0
BRDA:60,12,1,0
BRDA:62,13,0,0
BRDA:62,13,1,0
BRDA:74,14,0,0
BRDA:74,14,1,0
BRDA:88,15,0,0
BRDA:88,15,1,0
BRDA:93,16,0,0
BRDA:93,16,1,0
BRDA:95,17,0,0
BRDA:95,17,1,0
BRDA:95,18,0,0
BRDA:95,18,1,0
BRDA:100,19,0,0
BRDA:100,19,1,0
BRDA:110,20,0,0
BRDA:110,20,1,0
BRDA:114,21,0,0
BRDA:114,21,1,0
BRDA:115,22,0,0
BRDA:115,22,1,0
BRDA:124,23,0,0
BRDA:124,23,1,0
BRDA:128,24,0,0
BRDA:128,24,1,0
BRDA:137,25,0,0
BRDA:137,25,1,0
BRDA:141,26,0,0
BRDA:141,26,1,0
BRDA:145,27,0,0
BRDA:145,27,1,0
BRDA:149,28,0,0
BRDA:149,28,1,0
BRDA:152,29,0,0
BRDA:152,29,1,0
BRDA:168,30,0,36
BRDA:168,30,1,0
BRDA:170,31,0,0
BRDA:170,31,1,36
BRDA:206,32,0,0
BRDA:206,32,1,0
BRDA:222,33,0,0
BRDA:222,33,1,0
BRDA:222,34,0,0
BRDA:222,34,1,0
BRDA:239,35,0,0
BRDA:239,35,1,0
BRDA:252,36,0,36
BRDA:252,36,1,0
BRDA:267,37,0,0
BRDA:267,37,1,0
BRDA:271,38,0,0
BRDA:271,38,1,0
BRDA:292,39,0,0
BRDA:292,39,1,0
BRDA:319,40,0,0
BRDA:319,40,1,0
BRDA:338,41,0,0
BRDA:338,41,1,0
BRF:83
BRH:22
end_of_record
TN:
SF:/Users/jlong/Documents/grapesJS/grapesjs/src/block_manager/index.js
FN:34,(anonymous_0)
FN:53,(anonymous_1)
FN:69,(anonymous_2)
FN:74,(anonymous_3)
FN:79,(anonymous_4)
FN:90,(anonymous_5)
FN:97,(anonymous_6)
FN:106,(anonymous_7)
FN:140,(anonymous_8)
FN:154,(anonymous_9)
FN:166,(anonymous_10)
FN:174,(anonymous_11)
FN:187,(anonymous_12)
FN:196,(anonymous_13)
FN:204,(anonymous_14)
FN:236,(anonymous_15)
FN:260,(anonymous_16)
FN:266,(anonymous_17)
FNF:18
FNH:15
FNDA:499,(anonymous_0)
FNDA:499,(anonymous_1)
FNDA:5,(anonymous_2)
FNDA:0,(anonymous_3)
FNDA:69,(anonymous_4)
FNDA:48,(anonymous_5)
FNDA:60,(anonymous_6)
FNDA:48,(anonymous_7)
FNDA:6,(anonymous_8)
FNDA:1,(anonymous_9)
FNDA:72,(anonymous_10)
FNDA:0,(anonymous_11)
FNDA:0,(anonymous_12)
FNDA:1,(anonymous_13)
FNDA:11,(anonymous_14)
FNDA:10,(anonymous_15)
FNDA:9,(anonymous_16)
FNDA:36,(anonymous_17)
DA:35,499
DA:37,499
DA:39,499
DA:54,499
DA:55,499
DA:57,499
DA:58,1996
DA:59,1996
DA:64,499
DA:65,499
DA:66,499
DA:69,499
DA:70,5
DA:71,5
DA:74,499
DA:75,0
DA:76,0
DA:79,499
DA:80,69
DA:83,499
DA:91,48
DA:98,60
DA:99,60
DA:107,48
DA:108,48
DA:109,48
DA:111,48
DA:112,0
DA:113,0
DA:141,6
DA:142,6
DA:143,6
DA:155,1
DA:167,72
DA:175,0
DA:188,0
DA:197,1
DA:205,11
DA:237,10
DA:239,10
DA:240,0
DA:241,0
DA:247,10
DA:248,10
DA:249,10
DA:251,10
DA:252,9
DA:253,9
DA:257,10
DA:261,9
DA:262,9
DA:263,9
DA:264,9
DA:265,9
DA:266,36
DA:267,9
LF:56
LH:48
BRDA:54,0,0,499
BRDA:54,0,1,9
BRDA:58,1,0,1996
BRDA:58,1,1,0
BRDA:71,2,0,5
BRDA:71,2,1,0
BRDA:76,3,0,0
BRDA:76,3,1,0
BRDA:99,4,0,60
BRDA:99,4,1,60
BRDA:111,5,0,0
BRDA:111,5,1,48
BRDA:112,6,0,0
BRDA:112,6,1,0
BRDA:141,7,0,6
BRDA:141,7,1,0
BRDA:236,8,0,10
BRDA:237,9,0,10
BRDA:237,9,1,10
BRDA:239,10,0,0
BRDA:239,10,1,10
BRDA:247,11,0,10
BRDA:247,11,1,0
BRDA:251,12,0,9
BRDA:251,12,1,1
BRDA:265,13,0,9
BRDA:265,13,1,0
BRF:27
BRH:16
end_of_record
TN:
SF:/Users/jlong/Documents/grapesJS/grapesjs/src/block_manager/config/config.js
FNF:0
FNH:0
LF:0
LH:0
BRF:0
BRH:0
end_of_record
TN:
SF:/Users/jlong/Documents/grapesJS/grapesjs/src/block_manager/model/Block.js
FN:24,(anonymous_0)
FNF:1
FNH:1
FNDA:23,(anonymous_0)
DA:25,23
DA:27,23
DA:28,0
DA:29,0
LF:4
LH:2
BRDA:24,0,0,0
BRDA:27,1,0,0
BRDA:27,1,1,23
BRDA:28,2,0,0
BRDA:28,2,1,0
BRF:5
BRH:1
end_of_record
TN:
SF:/Users/jlong/Documents/grapesJS/grapesjs/src/block_manager/model/Blocks.js
FNF:0
FNH:0
LF:0
LH:0
BRF:0
BRH:0
end_of_record
TN:
SF:/Users/jlong/Documents/grapesJS/grapesjs/src/block_manager/model/Categories.js
FNF:0
FNH:0
LF:0
LH:0
BRF:0
BRH:0
end_of_record
TN:
SF:/Users/jlong/Documents/grapesJS/grapesjs/src/block_manager/model/Category.js
FNF:0
FNH:0
LF:0
LH:0
BRF:0
BRH:0
end_of_record
TN:
SF:/Users/jlong/Documents/grapesJS/grapesjs/src/block_manager/view/BlockView.js
FN:14,(anonymous_0)
FN:24,(anonymous_1)
FN:62,(anonymous_2)
FN:76,(anonymous_3)
FN:91,(anonymous_4)
FN:95,(anonymous_5)
FN:113,(anonymous_6)
FN:129,(anonymous_7)
FN:141,(anonymous_8)
FNF:9
FNH:2
FNDA:23,(anonymous_0)
FNDA:0,(anonymous_1)
FNDA:0,(anonymous_2)
FNDA:0,(anonymous_3)
FNDA:0,(anonymous_4)
FNDA:0,(anonymous_5)
FNDA:0,(anonymous_6)
FNDA:0,(anonymous_7)
FNDA:23,(anonymous_8)
DA:15,23
DA:16,23
DA:17,23
DA:18,23
DA:19,23
DA:20,23
DA:21,23
DA:25,0
DA:26,0
DA:27,0
DA:28,0
DA:29,0
DA:30,0
DA:35,0
DA:36,0
DA:38,0
DA:39,0
DA:41,0
DA:42,0
DA:43,0
DA:48,0
DA:49,0
DA:50,0
DA:51,0
DA:54,0
DA:55,0
DA:63,0
DA:64,0
DA:66,0
DA:67,0
DA:68,0
DA:69,0
DA:70,0
DA:71,0
DA:72,0
DA:73,0
DA:77,0
DA:78,0
DA:79,0
DA:80,0
DA:81,0
DA:86,0
DA:87,0
DA:88,0
DA:92,0
DA:96,0
DA:97,0
DA:99,0
DA:100,0
DA:101,0
DA:103,0
DA:104,0
DA:105,0
DA:108,0
DA:109,0
DA:112,0
DA:113,0
DA:117,0
DA:122,0
DA:130,0
DA:131,0
DA:137,0
DA:138,0
DA:142,23
DA:143,23
DA:144,23
DA:145,23
DA:146,23
DA:148,23
DA:149,23
DA:150,23
DA:151,23
DA:152,23
DA:153,23
DA:154,23
DA:158,23
DA:159,23
DA:160,23
DA:161,23
DA:162,23
LF:80
LH:24
BRDA:14,0,0,0
BRDA:19,1,0,23
BRDA:19,1,1,15
BRDA:26,2,0,0
BRDA:26,2,1,0
BRDA:35,3,0,0
BRDA:35,3,1,0
BRDA:38,4,0,0
BRDA:38,4,1,0
BRDA:43,5,0,0
BRDA:43,5,1,0
BRDA:48,6,0,0
BRDA:48,6,1,0
BRDA:51,7,0,0
BRDA:51,7,1,0
BRDA:54,8,0,0
BRDA:54,8,1,0
BRDA:55,9,0,0
BRDA:55,9,1,0
BRDA:66,10,0,0
BRDA:66,10,1,0
BRDA:66,11,0,0
BRDA:66,11,1,0
BRDA:66,11,2,0
BRDA:66,11,3,0
BRDA:80,12,0,0
BRDA:80,12,1,0
BRDA:99,13,0,0
BRDA:99,13,1,0
BRDA:101,14,0,0
BRDA:101,14,1,0
BRDA:103,15,0,0
BRDA:103,15,1,0
BRDA:103,16,0,0
BRDA:103,16,1,0
BRDA:108,17,0,0
BRDA:108,17,1,0
BRDA:112,18,0,0
BRDA:112,18,1,0
BRDA:144,19,0,23
BRDA:144,19,1,0
BRDA:145,20,0,23
BRDA:145,20,1,22
BRDA:148,21,0,23
BRDA:148,21,1,0
BRDA:148,21,2,23
BRDA:151,22,0,0
BRDA:151,22,1,23
BRDA:155,23,0,0
BRDA:155,23,1,23
BRDA:159,24,0,0
BRDA:159,24,1,23
BRDA:159,25,0,23
BRDA:159,25,1,0
BRDA:160,26,0,23
BRDA:160,26,1,0
BRDA:161,27,0,0
BRDA:161,27,1,23
BRF:58
BRH:13
end_of_record
TN:
SF:/Users/jlong/Documents/grapesJS/grapesjs/src/block_manager/view/BlocksView.js
FN:8,(anonymous_0)
FN:39,(anonymous_1)
FN:50,(anonymous_2)
FN:78,(anonymous_3)
FN:81,(anonymous_4)
FN:105,(anonymous_5)
FN:110,(anonymous_6)
FN:118,(anonymous_7)
FN:137,(anonymous_8)
FN:147,(anonymous_9)
FN:196,(anonymous_10)
FN:204,(anonymous_11)
FN:214,(anonymous_12)
FN:219,(anonymous_13)
FN:235,(anonymous_14)
FNF:15
FNH:8
FNDA:64,(anonymous_0)
FNDA:10,(anonymous_1)
FNDA:0,(anonymous_2)
FNDA:0,(anonymous_3)
FNDA:0,(anonymous_4)
FNDA:0,(anonymous_5)
FNDA:0,(anonymous_6)
FNDA:0,(anonymous_7)
FNDA:15,(anonymous_8)
FNDA:23,(anonymous_9)
FNDA:0,(anonymous_10)
FNDA:76,(anonymous_11)
FNDA:62,(anonymous_12)
FNDA:47,(anonymous_13)
FNDA:8,(anonymous_14)
DA:9,64
DA:10,64
DA:11,64
DA:12,64
DA:13,64
DA:14,64
DA:15,64
DA:16,64
DA:17,64
DA:18,64
DA:19,64
DA:20,64
DA:21,64
DA:22,64
DA:23,64
DA:25,64
DA:26,39
DA:27,39
DA:30,64
DA:31,48
DA:40,10
DA:51,0
DA:52,0
DA:53,0
DA:54,0
DA:55,0
DA:72,0
DA:79,0
DA:80,0
DA:81,0
DA:82,0
DA:83,0
DA:84,0
DA:88,0
DA:90,0
DA:93,0
DA:94,0
DA:96,0
DA:106,0
DA:107,0
DA:111,0
DA:119,0
DA:120,0
DA:122,0
DA:123,0
DA:124,0
DA:125,0
DA:128,0
DA:138,15
DA:148,23
DA:149,23
DA:150,23
DA:157,23
DA:158,23
DA:161,23
DA:162,0
DA:163,0
DA:167,0
DA:168,0
DA:171,0
DA:172,0
DA:173,0
DA:174,0
DA:175,0
DA:177,0
DA:178,0
DA:184,0
DA:185,0
DA:188,0
DA:189,0
DA:192,23
DA:193,15
DA:197,0
DA:198,0
DA:201,0
DA:205,76
DA:206,47
DA:211,76
DA:215,62
DA:216,62
DA:220,47
DA:221,47
DA:222,47
DA:223,47
DA:224,47
DA:226,47
DA:233,47
DA:234,47
DA:235,8
DA:237,47
DA:238,47
DA:239,47
DA:240,47
LF:93
LH:48
BRDA:10,0,0,64
BRDA:10,0,1,12
BRDA:11,1,0,64
BRDA:11,1,1,16
BRDA:13,2,0,64
BRDA:13,2,1,28
BRDA:25,3,0,39
BRDA:25,3,1,25
BRDA:30,4,0,48
BRDA:30,4,1,16
BRDA:39,5,0,0
BRDA:51,6,0,0
BRDA:51,6,1,0
BRDA:52,7,0,0
BRDA:52,7,1,0
BRDA:84,8,0,0
BRDA:84,8,1,0
BRDA:85,9,0,0
BRDA:85,9,1,0
BRDA:93,10,0,0
BRDA:93,10,1,0
BRDA:122,11,0,0
BRDA:122,11,1,0
BRDA:122,12,0,0
BRDA:122,12,1,0
BRDA:123,13,0,0
BRDA:123,13,1,0
BRDA:149,14,0,23
BRDA:149,14,1,15
BRDA:161,15,0,0
BRDA:161,15,1,23
BRDA:161,16,0,23
BRDA:161,16,1,0
BRDA:161,16,2,0
BRDA:162,17,0,0
BRDA:162,17,1,0
BRDA:167,18,0,0
BRDA:167,18,1,0
BRDA:167,19,0,0
BRDA:167,19,1,0
BRDA:177,20,0,0
BRDA:177,20,1,0
BRDA:177,21,0,0
BRDA:177,21,1,0
BRDA:188,22,0,0
BRDA:188,22,1,0
BRDA:192,23,0,8
BRDA:192,23,1,15
BRDA:197,24,0,0
BRDA:197,24,1,0
BRDA:205,25,0,47
BRDA:205,25,1,29
BRDA:216,26,0,62
BRDA:216,26,1,62
BRDA:233,27,0,47
BRDA:233,27,1,19
BRDA:235,28,0,8
BRDA:235,28,1,8
BRF:58
BRH:24
end_of_record
TN:
SF:/Users/jlong/Documents/grapesJS/grapesjs/src/block_manager/view/CategoryView.js
FN:15,(anonymous_0)
FN:30,(anonymous_1)
FN:35,(anonymous_2)
FN:41,(anonymous_3)
FN:47,(anonymous_4)
FN:52,(anonymous_5)
FN:60,(anonymous_6)
FN:68,(anonymous_7)
FN:72,(anonymous_8)
FNF:9
FNH:0
FNDA:0,(anonymous_0)
FNDA:0,(anonymous_1)
FNDA:0,(anonymous_2)
FNDA:0,(anonymous_3)
FNDA:0,(anonymous_4)
FNDA:0,(anonymous_5)
FNDA:0,(anonymous_6)
FNDA:0,(anonymous_7)
FNDA:0,(anonymous_8)
DA:16,0
DA:17,0
DA:18,0
DA:19,0
DA:20,0
DA:21,0
DA:22,0
DA:23,0
DA:24,0
DA:25,0
DA:26,0
DA:27,0
DA:31,0
DA:32,0
DA:36,0
DA:37,0
DA:38,0
DA:42,0
DA:43,0
DA:44,0
DA:48,0
DA:49,0
DA:53,0
DA:54,0
DA:57,0
DA:61,0
DA:62,0
DA:65,0
DA:69,0
DA:73,0
DA:75,0
DA:76,0
DA:80,0
DA:81,0
DA:82,0
DA:84,0
LF:36
LH:0
BRDA:15,0,0,0
BRDA:15,1,0,0
BRDA:17,2,0,0
BRDA:17,2,1,0
BRDA:31,3,0,0
BRDA:31,3,1,0
BRDA:53,4,0,0
BRDA:53,4,1,0
BRDA:61,5,0,0
BRDA:61,5,1,0
BRDA:75,6,0,0
BRDA:75,6,1,0
BRF:12
BRH:0
end_of_record
TN:
SF:/Users/jlong/Documents/grapesJS/grapesjs/src/canvas/index.js
FN:39,(anonymous_0)
FN:49,(anonymous_1)
FN:65,(anonymous_2)
FN:95,(anonymous_3)
FN:104,(anonymous_4)
FN:112,(anonymous_5)
FN:116,(anonymous_6)
FN:124,(anonymous_7)
FN:129,(anonymous_8)
FN:137,(anonymous_9)
FN:145,(anonymous_10)
FN:154,(anonymous_11)
FN:163,(anonymous_12)
FN:168,(anonymous_13)
FN:172,(anonymous_14)
FN:185,(anonymous_15)
FN:194,(anonymous_16)
FN:203,(anonymous_17)
FN:212,(anonymous_18)
FN:221,(anonymous_19)
FN:230,(anonymous_20)
FN:239,(anonymous_21)
FN:248,(anonymous_22)
FN:257,(anonymous_23)
FN:270,(anonymous_24)
FN:278,(anonymous_25)
FN:287,(anonymous_26)
FN:302,(anonymous_27)
FN:314,(anonymous_28)
FN:324,(anonymous_29)
FN:334,(anonymous_30)
FN:342,(anonymous_31)
FN:367,(anonymous_32)
FN:409,(anonymous_33)
FN:410,(anonymous_34)
FN:415,(anonymous_35)
FN:439,(anonymous_36)
FN:490,(anonymous_37)
FN:519,(anonymous_38)
FN:533,(anonymous_39)
FN:542,(anonymous_40)
FN:551,(anonymous_41)
FN:569,(anonymous_42)
FN:579,(anonymous_43)
FN:588,(anonymous_44)
FN:593,(anonymous_45)
FN:602,(anonymous_46)
FN:611,(anonymous_47)
FN:615,(anonymous_48)
FN:619,(anonymous_49)
FN:624,(anonymous_50)
FN:635,(anonymous_51)
FN:639,(anonymous_52)
FN:640,(anonymous_53)
FN:666,(anonymous_54)
FN:678,(anonymous_55)
FN:681,(anonymous_56)
FN:682,(anonymous_57)
FNF:58
FNH:21
FNDA:490,(anonymous_0)
FNDA:0,(anonymous_1)
FNDA:490,(anonymous_2)
FNDA:3,(anonymous_3)
FNDA:490,(anonymous_4)
FNDA:239,(anonymous_5)
FNDA:1,(anonymous_6)
FNDA:7,(anonymous_7)
FNDA:0,(anonymous_8)
FNDA:0,(anonymous_9)
FNDA:4,(anonymous_10)
FNDA:1,(anonymous_11)
FNDA:0,(anonymous_12)
FNDA:339,(anonymous_13)
FNDA:339,(anonymous_14)
FNDA:0,(anonymous_15)
FNDA:339,(anonymous_16)
FNDA:0,(anonymous_17)
FNDA:0,(anonymous_18)
FNDA:0,(anonymous_19)
FNDA:0,(anonymous_20)
FNDA:0,(anonymous_21)
FNDA:0,(anonymous_22)
FNDA:0,(anonymous_23)
FNDA:0,(anonymous_24)
FNDA:78,(anonymous_25)
FNDA:0,(anonymous_26)
FNDA:0,(anonymous_27)
FNDA:0,(anonymous_28)
FNDA:0,(anonymous_29)
FNDA:0,(anonymous_30)
FNDA:0,(anonymous_31)
FNDA:0,(anonymous_32)
FNDA:0,(anonymous_33)
FNDA:0,(anonymous_34)
FNDA:0,(anonymous_35)
FNDA:0,(anonymous_36)
FNDA:0,(anonymous_37)
FNDA:0,(anonymous_38)
FNDA:0,(anonymous_39)
FNDA:3,(anonymous_40)
FNDA:3,(anonymous_41)
FNDA:0,(anonymous_42)
FNDA:0,(anonymous_43)
FNDA:0,(anonymous_44)
FNDA:39,(anonymous_45)
FNDA:0,(anonymous_46)
FNDA:0,(anonymous_47)
FNDA:0,(anonymous_48)
FNDA:0,(anonymous_49)
FNDA:0,(anonymous_50)
FNDA:0,(anonymous_51)
FNDA:173,(anonymous_52)
FNDA:173,(anonymous_53)
FNDA:0,(anonymous_54)
FNDA:9,(anonymous_55)
FNDA:27,(anonymous_56)
FNDA:27,(anonymous_57)
DA:40,490
DA:44,490
DA:50,0
DA:66,490
DA:72,490
DA:73,490
DA:74,490
DA:76,490
DA:77,490
DA:82,490
DA:83,490
DA:85,490
DA:86,490
DA:87,490
DA:88,490
DA:96,3
DA:105,490
DA:113,239
DA:117,1
DA:125,7
DA:126,7
DA:130,0
DA:138,0
DA:146,4
DA:147,4
DA:155,1
DA:156,1
DA:164,0
DA:165,0
DA:169,339
DA:173,339
DA:174,339
DA:175,339
DA:177,339
DA:186,0
DA:195,339
DA:204,0
DA:213,0
DA:222,0
DA:231,0
DA:240,0
DA:249,0
DA:258,0
DA:271,0
DA:279,78
DA:288,0
DA:289,0
DA:290,0
DA:303,0
DA:315,0
DA:325,0
DA:335,0
DA:343,0
DA:344,0
DA:368,0
DA:369,0
DA:370,0
DA:371,0
DA:372,0
DA:373,0
DA:374,0
DA:375,0
DA:377,0
DA:378,0
DA:379,0
DA:380,0
DA:382,0
DA:383,0
DA:384,0
DA:386,0
DA:402,0
DA:403,0
DA:406,0
DA:410,0
DA:411,0
DA:412,0
DA:415,0
DA:416,0
DA:417,0
DA:418,0
DA:419,0
DA:422,0
DA:423,0
DA:424,0
DA:430,0
DA:433,0
DA:440,0
DA:441,0
DA:442,0
DA:443,0
DA:444,0
DA:445,0
DA:446,0
DA:447,0
DA:448,0
DA:450,0
DA:451,0
DA:452,0
DA:453,0
DA:457,0
DA:458,0
DA:460,0
DA:461,0
DA:462,0
DA:464,0
DA:468,0
DA:476,0
DA:478,0
DA:491,0
DA:492,0
DA:493,0
DA:494,0
DA:495,0
DA:496,0
DA:497,0
DA:498,0
DA:499,0
DA:501,0
DA:502,0
DA:503,0
DA:504,0
DA:507,0
DA:520,0
DA:521,0
DA:523,0
DA:534,0
DA:543,3
DA:544,3
DA:545,3
DA:546,3
DA:547,3
DA:551,3
DA:570,0
DA:571,0
DA:572,0
DA:580,0
DA:581,0
DA:589,0
DA:590,0
DA:594,39
DA:603,0
DA:604,0
DA:612,0
DA:616,0
DA:620,0
DA:621,0
DA:625,0
DA:626,0
DA:636,0
DA:640,173
DA:667,0
DA:679,9
DA:680,9
DA:681,27
DA:682,27
LF:155
LH:43
BRDA:65,0,0,0
BRDA:74,1,0,52
BRDA:74,1,1,438
BRDA:83,2,0,490
BRDA:83,2,1,0
BRDA:117,3,0,0
BRDA:117,3,1,1
BRDA:126,4,0,7
BRDA:126,4,1,1
BRDA:147,5,0,4
BRDA:147,5,1,1
BRDA:156,6,0,1
BRDA:156,6,1,1
BRDA:165,7,0,0
BRDA:165,7,1,0
BRDA:169,8,0,339
BRDA:169,8,1,0
BRDA:175,9,0,0
BRDA:175,9,1,339
BRDA:367,10,0,0
BRDA:368,11,0,0
BRDA:368,11,1,0
BRDA:370,12,0,0
BRDA:370,12,1,0
BRDA:371,13,0,0
BRDA:371,13,1,0
BRDA:372,14,0,0
BRDA:372,14,1,0
BRDA:373,15,0,0
BRDA:373,15,1,0
BRDA:374,16,0,0
BRDA:374,16,1,0
BRDA:375,17,0,0
BRDA:375,17,1,0
BRDA:379,18,0,0
BRDA:379,18,1,0
BRDA:380,19,0,0
BRDA:380,19,1,0
BRDA:382,20,0,0
BRDA:382,20,1,0
BRDA:383,21,0,0
BRDA:383,21,1,0
BRDA:384,22,0,0
BRDA:384,22,1,0
BRDA:402,23,0,0
BRDA:402,23,1,0
BRDA:402,24,0,0
BRDA:402,24,1,0
BRDA:409,25,0,0
BRDA:412,26,0,0
BRDA:412,26,1,0
BRDA:415,27,0,0
BRDA:417,28,0,0
BRDA:417,28,1,0
BRDA:419,29,0,0
BRDA:419,30,0,0
BRDA:419,31,0,0
BRDA:419,31,1,0
BRDA:422,32,0,0
BRDA:422,33,0,0
BRDA:422,34,0,0
BRDA:422,34,1,0
BRDA:423,35,0,0
BRDA:423,35,1,0
BRDA:424,36,0,0
BRDA:424,36,1,0
BRDA:439,37,0,0
BRDA:440,38,0,0
BRDA:440,38,1,0
BRDA:441,39,0,0
BRDA:441,39,1,0
BRDA:442,40,0,0
BRDA:442,40,1,0
BRDA:443,41,0,0
BRDA:443,41,1,0
BRDA:452,42,0,0
BRDA:452,42,1,0
BRDA:453,43,0,0
BRDA:453,43,1,0
BRDA:460,44,0,0
BRDA:460,44,1,0
BRDA:461,45,0,0
BRDA:461,45,1,0
BRDA:464,46,0,0
BRDA:464,46,1,0
BRDA:476,47,0,0
BRDA:476,47,1,0
BRDA:491,48,0,0
BRDA:491,48,1,0
BRDA:496,49,0,0
BRDA:496,49,1,0
BRDA:498,50,0,0
BRDA:498,50,1,0
BRDA:499,51,0,0
BRDA:499,51,1,0
BRDA:501,52,0,0
BRDA:501,52,1,0
BRDA:503,53,0,0
BRDA:503,53,1,0
BRDA:504,54,0,0
BRDA:504,54,1,0
BRDA:546,55,0,3
BRDA:546,55,1,0
BRDA:547,56,0,0
BRDA:547,56,1,3
BRDA:548,57,0,0
BRDA:548,57,1,0
BRDA:551,58,0,3
BRDA:551,58,1,3
BRDA:569,59,0,0
BRDA:571,60,0,0
BRDA:571,60,1,0
BRDA:572,61,0,0
BRDA:572,61,1,0
BRDA:580,62,0,0
BRDA:580,62,1,0
BRDA:580,62,2,0
BRDA:581,63,0,0
BRDA:581,63,1,0
BRDA:589,64,0,0
BRDA:589,64,1,0
BRDA:589,64,2,0
BRDA:590,65,0,0
BRDA:590,65,1,0
BRDA:594,66,0,0
BRDA:594,66,1,39
BRDA:621,67,0,0
BRDA:621,67,1,0
BRDA:626,68,0,0
BRDA:626,68,1,0
BRDA:666,69,0,0
BRDA:666,70,0,0
BRF:132
BRH:17
end_of_record
TN:
SF:/Users/jlong/Documents/grapesJS/grapesjs/src/canvas/config/config.js
FNF:0
FNH:0
LF:0
LH:0
BRF:0
BRH:0
end_of_record
TN:
SF:/Users/jlong/Documents/grapesJS/grapesjs/src/canvas/model/Canvas.js
FN:16,(anonymous_0)
FN:22,(anonymous_1)
FN:23,(anonymous_2)
FN:31,(anonymous_3)
FN:42,(anonymous_4)
FNF:5
FNH:2
FNDA:490,(anonymous_0)
FNDA:0,(anonymous_1)
FNDA:0,(anonymous_2)
FNDA:1,(anonymous_3)
FNDA:0,(anonymous_4)
DA:17,490
DA:18,490
DA:19,490
DA:20,490
DA:21,490
DA:22,490
DA:23,490
DA:24,490
DA:25,490
DA:26,490
DA:27,490
DA:28,490
DA:32,1
DA:33,1
DA:34,1
DA:36,1
DA:37,1
DA:38,1
DA:43,0
DA:44,0
LF:20
LH:18
BRDA:16,0,0,0
BRDA:18,1,0,490
BRDA:18,2,0,490
BRDA:19,3,0,490
BRDA:19,3,1,490
BRDA:20,4,0,490
BRDA:20,4,1,490
BRDA:36,5,0,1
BRDA:36,5,1,0
BRDA:36,6,0,1
BRDA:36,6,1,1
BRDA:44,7,0,0
BRDA:44,7,1,0
BRF:13
BRH:9
end_of_record
TN:
SF:/Users/jlong/Documents/grapesJS/grapesjs/src/canvas/model/Frame.js
FN:20,(anonymous_0)
FN:46,(anonymous_1)
FN:52,(anonymous_2)
FN:56,(anonymous_3)
FN:60,(anonymous_4)
FN:66,(anonymous_5)
FN:69,(anonymous_6)
FN:76,(anonymous_7)
FN:87,(anonymous_8)
FN:99,(anonymous_9)
FN:103,(anonymous_10)
FN:112,(anonymous_11)
FN:116,(anonymous_12)
FNF:13
FNH:1
FNDA:490,(anonymous_0)
FNDA:0,(anonymous_1)
FNDA:0,(anonymous_2)
FNDA:0,(anonymous_3)
FNDA:0,(anonymous_4)
FNDA:0,(anonymous_5)
FNDA:0,(anonymous_6)
FNDA:0,(anonymous_7)
FNDA:0,(anonymous_8)
FNDA:0,(anonymous_9)
FNDA:0,(anonymous_10)
FNDA:0,(anonymous_11)
FNDA:0,(anonymous_12)
DA:21,490
DA:22,490
DA:23,490
DA:24,490
DA:30,490
DA:42,490
DA:47,0
DA:48,0
DA:49,0
DA:53,0
DA:57,0
DA:61,0
DA:62,0
DA:63,0
DA:67,0
DA:68,0
DA:70,0
DA:77,0
DA:78,0
DA:79,0
DA:81,0
DA:82,0
DA:83,0
DA:88,0
DA:89,0
DA:100,0
DA:104,0
DA:105,0
DA:113,0
DA:117,0
LF:30
LH:6
BRDA:20,0,0,0
BRDA:30,1,0,490
BRDA:30,1,1,0
BRDA:36,2,0,0
BRDA:36,2,1,0
BRDA:42,3,0,490
BRDA:42,3,1,490
BRDA:42,3,2,0
BRDA:49,4,0,0
BRDA:49,4,1,0
BRDA:70,5,0,0
BRDA:70,5,1,0
BRDA:70,5,2,0
BRDA:70,5,3,0
BRDA:81,6,0,0
BRDA:81,6,1,0
BRDA:89,7,0,0
BRDA:89,7,1,0
BRDA:105,8,0,0
BRDA:105,8,1,0
BRDA:116,9,0,0
BRF:21
BRH:3
end_of_record
TN:
SF:/Users/jlong/Documents/grapesJS/grapesjs/src/canvas/model/Frames.js
FN:8,(anonymous_0)
FN:12,(anonymous_1)
FN:21,(anonymous_2)
FN:27,(anonymous_3)
FN:28,(anonymous_4)
FNF:5
FNH:5
FNDA:490,(anonymous_0)
FNDA:39,(anonymous_1)
FNDA:78,(anonymous_2)
FNDA:117,(anonymous_3)
FNDA:117,(anonymous_4)
DA:9,490
DA:13,39
DA:15,39
DA:16,39
DA:17,39
DA:22,78
DA:23,78
DA:24,78
DA:28,117
LF:9
LH:9
BRDA:15,0,0,39
BRDA:15,0,1,0
BRDA:28,1,0,78
BRDA:28,1,1,39
BRF:4
BRH:3
end_of_record
TN:
SF:/Users/jlong/Documents/grapesJS/grapesjs/src/canvas/view/CanvasView.js
FN:21,(anonymous_0)
FN:29,(anonymous_1)
FN:51,(anonymous_2)
FN:55,(anonymous_3)
FN:60,(anonymous_4)
FN:65,(anonymous_5)
FN:74,(anonymous_6)
FN:81,(anonymous_7)
FN:88,(anonymous_8)
FN:95,(anonymous_9)
FN:109,(anonymous_10)
FN:119,(anonymous_11)
FN:131,(anonymous_12)
FN:134,(anonymous_13)
FN:143,(anonymous_14)
FN:162,(anonymous_15)
FN:179,(anonymous_16)
FN:189,(anonymous_17)
FN:203,(anonymous_18)
FN:214,(anonymous_19)
FN:238,(anonymous_20)
FN:251,(anonymous_21)
FN:263,(anonymous_22)
FN:285,(anonymous_23)
FN:312,(anonymous_24)
FN:319,(anonymous_25)
FN:324,(anonymous_26)
FN:328,(anonymous_27)
FNF:28
FNH:8
FNDA:78,(anonymous_0)
FNDA:490,(anonymous_1)
FNDA:39,(anonymous_2)
FNDA:24,(anonymous_3)
FNDA:0,(anonymous_4)
FNDA:9,(anonymous_5)
FNDA:0,(anonymous_6)
FNDA:0,(anonymous_7)
FNDA:499,(anonymous_8)
FNDA:0,(anonymous_9)
FNDA:0,(anonymous_10)
FNDA:0,(anonymous_11)
FNDA:0,(anonymous_12)
FNDA:0,(anonymous_13)
FNDA:0,(anonymous_14)
FNDA:0,(anonymous_15)
FNDA:1,(anonymous_16)
FNDA:0,(anonymous_17)
FNDA:0,(anonymous_18)
FNDA:0,(anonymous_19)
FNDA:0,(anonymous_20)
FNDA:0,(anonymous_21)
FNDA:0,(anonymous_22)
FNDA:0,(anonymous_23)
FNDA:0,(anonymous_24)
FNDA:0,(anonymous_25)
FNDA:0,(anonymous_26)
FNDA:78,(anonymous_27)
DA:13,70
DA:22,78
DA:23,78
DA:30,490
DA:31,490
DA:32,490
DA:33,490
DA:34,490
DA:35,490
DA:36,490
DA:37,490
DA:38,490
DA:39,490
DA:40,490
DA:48,490
DA:49,490
DA:50,490
DA:51,490
DA:52,490
DA:56,24
DA:57,24
DA:59,24
DA:61,0
DA:66,9
DA:67,9
DA:68,9
DA:69,9
DA:70,9
DA:71,9
DA:75,0
DA:76,0
DA:77,0
DA:89,499
DA:90,499
DA:91,499
DA:96,0
DA:97,0
DA:99,0
DA:104,0
DA:105,0
DA:110,0
DA:111,0
DA:112,0
DA:113,0
DA:114,0
DA:115,0
DA:120,0
DA:121,0
DA:122,0
DA:123,0
DA:124,0
DA:125,0
DA:127,0
DA:128,0
DA:129,0
DA:130,0
DA:131,0
DA:135,0
DA:144,0
DA:145,0
DA:146,0
DA:147,0
DA:148,0
DA:149,0
DA:163,0
DA:164,0
DA:165,0
DA:167,0
DA:180,1
DA:181,1
DA:190,0
DA:191,0
DA:192,0
DA:193,0
DA:195,0
DA:204,0
DA:205,0
DA:215,0
DA:216,0
DA:217,0
DA:218,0
DA:219,0
DA:221,0
DA:222,0
DA:224,0
DA:225,0
DA:226,0
DA:227,0
DA:229,0
DA:239,0
DA:240,0
DA:241,0
DA:242,0
DA:252,0
DA:255,0
DA:264,0
DA:265,0
DA:266,0
DA:267,0
DA:268,0
DA:269,0
DA:270,0
DA:272,0
DA:286,0
DA:287,0
DA:289,0
DA:290,0
DA:291,0
DA:294,0
DA:295,0
DA:298,0
DA:299,0
DA:300,0
DA:303,0
DA:304,0
DA:312,0
DA:320,0
DA:321,0
DA:325,0
DA:329,78
DA:330,78
DA:331,78
DA:332,78
DA:333,78
DA:334,78
DA:335,78
DA:337,78
DA:338,78
DA:345,78
DA:346,78
DA:347,78
DA:362,78
DA:363,78
DA:364,78
DA:365,78
DA:366,78
DA:367,78
DA:368,78
DA:369,78
DA:370,78
DA:371,78
DA:372,78
DA:373,78
DA:376,78
DA:377,78
DA:378,78
DA:379,78
DA:380,78
DA:381,78
DA:383,78
LF:150
LH:64
BRDA:34,0,0,490
BRDA:34,0,1,0
BRDA:35,1,0,490
BRDA:35,1,1,0
BRDA:36,2,0,490
BRDA:36,2,1,0
BRDA:37,3,0,490
BRDA:37,3,1,438
BRDA:55,4,0,0
BRDA:59,5,0,24
BRDA:59,5,1,0
BRDA:61,6,0,0
BRDA:61,6,1,0
BRDA:75,7,0,0
BRDA:75,7,1,0
BRDA:77,8,0,0
BRDA:77,8,1,0
BRDA:90,9,0,490
BRDA:90,9,1,9
BRDA:99,10,0,0
BRDA:99,10,1,0
BRDA:100,11,0,0
BRDA:100,11,1,0
BRDA:100,11,2,0
BRDA:110,12,0,0
BRDA:110,12,1,0
BRDA:110,13,0,0
BRDA:110,13,1,0
BRDA:110,13,2,0
BRDA:113,14,0,0
BRDA:113,14,1,0
BRDA:124,15,0,0
BRDA:124,15,1,0
BRDA:130,16,0,0
BRDA:130,16,1,0
BRDA:150,17,0,0
BRDA:150,17,1,0
BRDA:150,17,2,0
BRDA:150,17,3,0
BRDA:162,18,0,0
BRDA:168,19,0,0
BRDA:168,19,1,0
BRDA:169,20,0,0
BRDA:169,20,1,0
BRDA:190,21,0,0
BRDA:190,21,1,0
BRDA:190,22,0,0
BRDA:190,22,1,0
BRDA:192,23,0,0
BRDA:192,23,1,0
BRDA:193,24,0,0
BRDA:193,24,1,0
BRDA:204,25,0,0
BRDA:204,25,1,0
BRDA:216,26,0,0
BRDA:216,26,1,0
BRDA:221,27,0,0
BRDA:221,27,1,0
BRDA:222,28,0,0
BRDA:222,28,1,0
BRDA:239,29,0,0
BRDA:239,29,1,0
BRDA:239,30,0,0
BRDA:239,30,1,0
BRDA:263,31,0,0
BRDA:265,32,0,0
BRDA:265,32,1,0
BRDA:273,33,0,0
BRDA:273,33,1,0
BRDA:274,34,0,0
BRDA:274,34,1,0
BRDA:289,35,0,0
BRDA:289,35,1,0
BRDA:300,36,0,0
BRDA:300,36,1,0
BRDA:321,37,0,0
BRDA:321,37,1,0
BRDA:325,38,0,0
BRDA:325,38,1,0
BRDA:325,38,2,0
BRDA:337,39,0,78
BRDA:337,39,1,0
BRDA:337,40,0,78
BRDA:337,40,1,78
BRF:84
BRH:11
end_of_record
TN:
SF:/Users/jlong/Documents/grapesJS/grapesjs/src/canvas/view/FrameView.js
FN:23,(anonymous_0)
FN:46,(anonymous_1)
FN:52,(anonymous_2)
FN:56,(anonymous_3)
FN:60,(anonymous_4)
FN:64,(anonymous_5)
FN:68,(anonymous_6)
FN:72,(anonymous_7)
FN:76,(anonymous_8)
FN:84,(anonymous_9)
FN:89,(anonymous_10)
FN:93,(anonymous_11)
FN:97,(anonymous_12)
FN:101,(anonymous_13)
FN:105,(anonymous_14)
FN:116,(anonymous_15)
FN:134,(anonymous_16)
FN:144,(anonymous_17)
FN:152,(anonymous_18)
FN:157,(anonymous_19)
FN:163,(anonymous_20)
FN:199,(anonymous_21)
FN:204,(anonymous_22)
FN:208,(anonymous_23)
FN:212,(anonymous_24)
FN:221,(anonymous_25)
FN:234,(anonymous_26)
FN:236,(anonymous_27)
FN:250,(anonymous_28)
FN:253,(anonymous_29)
FN:266,(anonymous_30)
FN:383,(anonymous_31)
FN:385,(anonymous_32)
FN:393,(anonymous_33)
FN:394,(anonymous_34)
FN:395,(anonymous_35)
FN:405,(anonymous_36)
FN:411,(anonymous_37)
FNF:38
FNH:13
FNDA:78,(anonymous_0)
FNDA:0,(anonymous_1)
FNDA:401,(anonymous_2)
FNDA:182,(anonymous_3)
FNDA:219,(anonymous_4)
FNDA:39,(anonymous_5)
FNDA:141,(anonymous_6)
FNDA:0,(anonymous_7)
FNDA:39,(anonymous_8)
FNDA:52,(anonymous_9)
FNDA:0,(anonymous_10)
FNDA:0,(anonymous_11)
FNDA:0,(anonymous_12)
FNDA:0,(anonymous_13)
FNDA:0,(anonymous_14)
FNDA:0,(anonymous_15)
FNDA:0,(anonymous_16)
FNDA:0,(anonymous_17)
FNDA:0,(anonymous_18)
FNDA:0,(anonymous_19)
FNDA:0,(anonymous_20)
FNDA:0,(anonymous_21)
FNDA:0,(anonymous_22)
FNDA:0,(anonymous_23)
FNDA:0,(anonymous_24)
FNDA:78,(anonymous_25)
FNDA:0,(anonymous_26)
FNDA:0,(anonymous_27)
FNDA:0,(anonymous_28)
FNDA:39,(anonymous_29)
FNDA:0,(anonymous_30)
FNDA:0,(anonymous_31)
FNDA:0,(anonymous_32)
FNDA:117,(anonymous_33)
FNDA:195,(anonymous_34)
FNDA:0,(anonymous_35)
FNDA:39,(anonymous_36)
FNDA:0,(anonymous_37)
DA:24,78
DA:31,78
DA:32,78
DA:36,78
DA:37,78
DA:38,78
DA:39,78
DA:40,78
DA:47,0
DA:48,0
DA:49,0
DA:53,401
DA:57,182
DA:61,219
DA:65,39
DA:69,141
DA:73,0
DA:77,39
DA:78,39
DA:81,39
DA:85,52
DA:86,52
DA:90,0
DA:94,0
DA:98,0
DA:102,0
DA:106,0
DA:107,0
DA:110,0
DA:117,0
DA:118,0
DA:119,0
DA:120,0
DA:122,0
DA:135,0
DA:137,0
DA:138,0
DA:141,0
DA:145,0
DA:146,0
DA:147,0
DA:148,0
DA:149,0
DA:153,0
DA:157,0
DA:158,0
DA:159,0
DA:164,0
DA:165,0
DA:166,0
DA:167,0
DA:168,0
DA:169,0
DA:170,0
DA:171,0
DA:172,0
DA:173,0
DA:175,0
DA:176,0
DA:179,0
DA:180,0
DA:183,0
DA:189,0
DA:190,0
DA:191,0
DA:192,0
DA:195,0
DA:200,0
DA:201,0
DA:205,0
DA:209,0
DA:213,0
DA:214,0
DA:215,0
DA:216,0
DA:217,0
DA:218,0
DA:222,78
DA:223,78
DA:225,78
DA:226,0
DA:227,78
DA:228,78
DA:231,78
DA:235,0
DA:236,0
DA:237,0
DA:238,0
DA:239,0
DA:243,0
DA:244,0
DA:246,0
DA:250,0
DA:254,39
DA:255,39
DA:256,39
DA:257,39
DA:258,39
DA:259,39
DA:260,39
DA:261,39
DA:262,39
DA:263,39
DA:264,39
DA:266,39
DA:267,0
DA:282,39
DA:284,39
DA:294,39
DA:357,39
DA:364,39
DA:365,39
DA:375,39
DA:380,39
DA:383,0
DA:385,39
DA:389,39
DA:394,117
DA:395,195
DA:396,0
DA:401,39
DA:402,39
DA:406,39
DA:407,39
DA:408,39
DA:412,0
LF:126
LH:53
BRDA:33,0,0,78
BRDA:33,0,1,0
BRDA:36,1,0,78
BRDA:36,1,1,45
BRDA:77,2,0,39
BRDA:77,2,1,0
BRDA:86,3,0,52
BRDA:86,3,1,52
BRDA:106,4,0,0
BRDA:106,4,1,0
BRDA:137,5,0,0
BRDA:137,5,1,0
BRDA:164,6,0,0
BRDA:164,6,1,0
BRDA:170,7,0,0
BRDA:170,7,1,0
BRDA:175,8,0,0
BRDA:175,8,1,0
BRDA:179,9,0,0
BRDA:179,9,1,0
BRDA:183,10,0,0
BRDA:183,10,1,0
BRDA:184,11,0,0
BRDA:184,11,1,0
BRDA:184,11,2,0
BRDA:184,11,3,0
BRDA:209,12,0,0
BRDA:209,12,1,0
BRDA:215,13,0,0
BRDA:215,13,1,0
BRDA:225,14,0,0
BRDA:225,14,1,78
BRDA:227,15,0,78
BRDA:227,15,1,0
BRDA:237,16,0,0
BRDA:237,16,1,0
BRDA:241,17,0,0
BRDA:241,17,1,0
BRDA:268,18,0,0
BRDA:268,18,1,0
BRDA:282,19,0,39
BRDA:282,19,1,0
BRDA:297,20,0,39
BRDA:297,20,1,0
BRDA:353,21,0,39
BRDA:353,21,1,39
BRDA:354,22,0,39
BRDA:354,22,1,2
BRDA:383,23,0,0
BRDA:383,23,1,0
BRDA:383,23,2,0
BRDA:385,24,0,0
BRDA:385,24,1,0
BRDA:406,25,0,39
BRDA:406,25,1,0
BRF:55
BRH:15
end_of_record
TN:
SF:/Users/jlong/Documents/grapesJS/grapesjs/src/canvas/view/FrameWrapView.js
FN:13,(anonymous_0)
FN:43,(anonymous_1)
FN:46,(anonymous_2)
FN:51,(anonymous_3)
FN:58,(anonymous_4)
FN:59,(anonymous_5)
FN:68,(anonymous_6)
FN:72,(anonymous_7)
FN:79,(anonymous_8)
FN:86,(anonymous_9)
FN:96,(anonymous_10)
FN:104,(anonymous_11)
FN:134,(anonymous_12)
FN:143,(anonymous_13)
FN:149,(anonymous_14)
FNF:15
FNH:6
FNDA:78,(anonymous_0)
FNDA:78,(anonymous_1)
FNDA:0,(anonymous_2)
FNDA:0,(anonymous_3)
FNDA:0,(anonymous_4)
FNDA:0,(anonymous_5)
FNDA:0,(anonymous_6)
FNDA:0,(anonymous_7)
FNDA:0,(anonymous_8)
FNDA:78,(anonymous_9)
FNDA:0,(anonymous_10)
FNDA:39,(anonymous_11)
FNDA:0,(anonymous_12)
FNDA:39,(anonymous_13)
FNDA:78,(anonymous_14)
DA:14,78
DA:22,78
DA:23,78
DA:27,78
DA:28,78
DA:29,78
DA:30,78
DA:31,78
DA:32,78
DA:33,78
DA:34,78
DA:35,78
DA:36,78
DA:37,78
DA:38,78
DA:39,78
DA:40,78
DA:44,78
DA:46,78
DA:47,0
DA:50,78
DA:52,0
DA:53,0
DA:54,0
DA:55,0
DA:56,0
DA:58,0
DA:60,0
DA:69,0
DA:73,0
DA:74,0
DA:75,0
DA:76,0
DA:80,0
DA:81,0
DA:82,0
DA:83,0
DA:87,78
DA:88,78
DA:89,78
DA:90,78
DA:91,78
DA:92,78
DA:93,78
DA:97,0
DA:105,39
DA:106,39
DA:107,39
DA:108,39
DA:109,39
DA:110,39
DA:111,39
DA:112,39
DA:113,39
DA:114,39
DA:115,39
DA:116,39
DA:117,39
DA:120,39
DA:121,39
DA:125,39
DA:130,39
DA:131,39
DA:135,0
DA:136,0
DA:144,39
DA:145,39
DA:146,39
DA:150,78
DA:151,78
DA:152,78
DA:153,78
DA:174,78
DA:206,78
DA:207,78
DA:208,78
DA:220,78
LF:77
LH:57
BRDA:13,0,0,0
BRDA:13,1,0,0
BRDA:24,2,0,78
BRDA:24,2,1,0
BRDA:31,3,0,78
BRDA:31,3,1,78
BRDA:32,4,0,78
BRDA:32,4,1,45
BRDA:69,5,0,0
BRDA:69,5,1,0
BRDA:91,6,0,0
BRDA:91,6,1,78
BRDA:92,7,0,0
BRDA:92,7,1,78
BRDA:93,8,0,78
BRDA:93,8,1,0
BRDA:108,9,0,39
BRDA:108,9,1,39
BRDA:109,10,0,39
BRDA:109,10,1,39
BRDA:110,11,0,39
BRDA:110,11,1,39
BRDA:111,12,0,39
BRDA:111,12,1,39
BRDA:112,13,0,39
BRDA:112,13,1,39
BRDA:116,14,0,0
BRDA:116,14,1,39
BRDA:117,15,0,0
BRDA:117,15,1,39
BRDA:120,16,0,39
BRDA:120,16,1,0
BRDA:120,17,0,39
BRDA:120,17,1,0
BRDA:122,18,0,39
BRDA:122,18,1,0
BRDA:123,19,0,39
BRDA:123,19,1,0
BRDA:131,20,0,39
BRDA:131,20,1,0
BRDA:160,21,0,78
BRDA:160,21,1,78
BRDA:208,22,0,78
BRDA:208,22,1,0
BRF:44
BRH:28
end_of_record
TN:
SF:/Users/jlong/Documents/grapesJS/grapesjs/src/canvas/view/FramesView.js
FN:8,(anonymous_0)
FN:12,(anonymous_1)
FNF:2
FNH:2
FNDA:490,(anonymous_0)
FNDA:78,(anonymous_1)
DA:9,490
DA:13,78
DA:14,78
DA:15,78
LF:4
LH:4
BRDA:15,0,0,78
BRDA:15,0,1,78
BRF:2
BRH:2
end_of_record
TN:
SF:/Users/jlong/Documents/grapesJS/grapesjs/src/code_manager/index.js
FN:29,(anonymous_0)
FN:39,(anonymous_1)
FN:58,(anonymous_2)
FN:90,(anonymous_3)
FN:105,(anonymous_4)
FN:113,(anonymous_5)
FN:135,(anonymous_6)
FN:147,(anonymous_7)
FN:155,(anonymous_8)
FN:159,(anonymous_9)
FN:183,(anonymous_10)
FN:196,(anonymous_11)
FN:207,(anonymous_12)
FN:218,(anonymous_13)
FN:224,(anonymous_14)
FN:226,(anonymous_15)
FNF:16
FNH:13
FNDA:495,(anonymous_0)
FNDA:0,(anonymous_1)
FNDA:490,(anonymous_2)
FNDA:1961,(anonymous_3)
FNDA:15,(anonymous_4)
FNDA:1,(anonymous_5)
FNDA:491,(anonymous_6)
FNDA:1,(anonymous_7)
FNDA:1,(anonymous_8)
FNDA:0,(anonymous_9)
FNDA:0,(anonymous_10)
FNDA:14,(anonymous_11)
FNDA:490,(anonymous_12)
FNDA:490,(anonymous_13)
FNDA:9,(anonymous_14)
FNDA:45,(anonymous_15)
DA:30,495
DA:31,495
DA:32,495
DA:33,495
DA:34,495
DA:36,495
DA:38,495
DA:40,0
DA:59,490
DA:60,490
DA:61,980
DA:64,490
DA:65,490
DA:67,490
DA:68,490
DA:69,490
DA:70,490
DA:71,490
DA:72,490
DA:74,490
DA:91,1961
DA:92,1961
DA:106,15
DA:114,1
DA:136,491
DA:137,491
DA:148,1
DA:156,1
DA:160,0
DA:161,0
DA:162,0
DA:163,0
DA:164,0
DA:165,0
DA:166,0
DA:167,0
DA:169,0
DA:184,0
DA:197,14
DA:198,14
DA:199,14
DA:208,1960
DA:210,490
DA:219,490
DA:221,490
DA:225,9
DA:226,45
LF:47
LH:36
BRDA:59,0,0,490
BRDA:59,0,1,0
BRDA:61,1,0,980
BRDA:61,1,1,0
BRDA:65,2,0,52
BRDA:65,2,1,438
BRDA:106,3,0,15
BRDA:106,3,1,0
BRDA:148,4,0,1
BRDA:148,4,1,0
BRDA:159,5,0,0
BRDA:160,6,0,0
BRDA:160,6,1,0
BRDA:161,7,0,0
BRDA:161,7,1,0
BRDA:196,8,0,4
BRDA:199,9,0,14
BRDA:199,9,1,0
BRF:18
BRH:8
end_of_record
TN:
SF:/Users/jlong/Documents/grapesJS/grapesjs/src/code_manager/config/config.js
FNF:0
FNH:0
LF:0
LH:0
BRF:0
BRH:0
end_of_record
TN:
SF:/Users/jlong/Documents/grapesJS/grapesjs/src/code_manager/model/CodeMirrorEditor.js
FN:19,(anonymous_0)
FN:33,(anonymous_1)
FN:37,(anonymous_2)
FN:45,(anonymous_3)
FN:56,(anonymous_4)
FN:65,(anonymous_5)
FN:74,(anonymous_6)
FN:79,(anonymous_7)
FN:85,(anonymous_8)
FN:96,(anonymous_9)
FNF:10
FNH:0
FNDA:0,(anonymous_0)
FNDA:0,(anonymous_1)
FNDA:0,(anonymous_2)
FNDA:0,(anonymous_3)
FNDA:0,(anonymous_4)
FNDA:0,(anonymous_5)
FNDA:0,(anonymous_6)
FNDA:0,(anonymous_7)
FNDA:0,(anonymous_8)
FNDA:0,(anonymous_9)
DA:20,0
DA:21,0
DA:27,0
DA:28,0
DA:30,0
DA:34,0
DA:38,0
DA:46,0
DA:57,0
DA:58,0
DA:66,0
DA:67,0
DA:75,0
DA:76,0
DA:80,0
DA:81,0
DA:86,0
DA:87,0
DA:88,0
DA:90,0
DA:91,0
DA:92,0
DA:93,0
DA:96,0
LF:24
LH:0
BRDA:81,0,0,0
BRDA:81,0,1,0
BRDA:85,1,0,0
BRDA:87,2,0,0
BRDA:87,2,1,0
BRDA:90,3,0,0
BRDA:90,3,1,0
BRDA:96,4,0,0
BRDA:96,4,1,0
BRF:9
BRH:0
end_of_record
TN:
SF:/Users/jlong/Documents/grapesJS/grapesjs/src/code_manager/model/CssGenerator.js
FN:7,(anonymous_0)
FN:17,(anonymous_1)
FN:28,(anonymous_2)
FN:37,(anonymous_3)
FN:41,(anonymous_4)
FN:58,(anonymous_5)
FN:74,(anonymous_6)
FN:79,(anonymous_7)
FN:105,(anonymous_8)
FN:113,(anonymous_9)
FN:139,(anonymous_10)
FN:151,(anonymous_11)
FN:153,(anonymous_12)
FN:154,(anonymous_13)
FN:156,(anonymous_14)
FNF:15
FNH:15
FNDA:598,(anonymous_0)
FNDA:65,(anonymous_1)
FNDA:34,(anonymous_2)
FNDA:28,(anonymous_3)
FNDA:37,(anonymous_4)
FNDA:47,(anonymous_5)
FNDA:8,(anonymous_6)
FNDA:11,(anonymous_7)
FNDA:47,(anonymous_8)
FNDA:53,(anonymous_9)
FNDA:74,(anonymous_10)
FNDA:35,(anonymous_11)
FNDA:28,(anonymous_12)
FNDA:34,(anonymous_13)
FNDA:48,(anonymous_14)
DA:4,70
DA:8,598
DA:9,598
DA:18,65
DA:19,65
DA:20,65
DA:21,65
DA:22,65
DA:23,65
DA:24,65
DA:25,65
DA:28,65
DA:30,65
DA:31,4
DA:32,4
DA:33,4
DA:36,65
DA:37,65
DA:38,65
DA:42,37
DA:43,37
DA:44,37
DA:45,37
DA:46,37
DA:47,37
DA:49,37
DA:53,37
DA:54,31
DA:55,31
DA:56,31
DA:58,31
DA:59,47
DA:61,47
DA:62,11
DA:63,11
DA:64,3
DA:66,8
DA:68,11
DA:71,36
DA:74,31
DA:75,8
DA:76,8
DA:77,8
DA:79,8
DA:80,11
DA:82,11
DA:83,2
DA:85,9
DA:89,8
DA:90,7
DA:94,31
DA:97,37
DA:106,47
DA:107,47
DA:108,47
DA:109,47
DA:113,47
DA:114,53
DA:115,53
DA:120,50
DA:124,47
DA:125,44
DA:126,44
DA:128,3
DA:131,47
DA:140,74
DA:141,74
DA:143,60
DA:152,35
DA:153,35
DA:154,35
DA:155,34
DA:156,48
DA:158,34
DA:159,34
DA:160,34
LF:76
LH:76
BRDA:17,0,0,0
BRDA:20,1,0,65
BRDA:20,1,1,21
BRDA:30,2,0,4
BRDA:30,2,1,61
BRDA:30,3,0,65
BRDA:30,3,1,44
BRDA:32,4,0,0
BRDA:32,4,1,4
BRDA:32,5,0,4
BRDA:32,5,1,0
BRDA:41,6,0,6
BRDA:43,7,0,37
BRDA:43,7,1,26
BRDA:49,8,0,11
BRDA:49,8,1,26
BRDA:49,9,0,37
BRDA:49,9,1,37
BRDA:53,10,0,31
BRDA:53,10,1,6
BRDA:61,11,0,11
BRDA:61,11,1,36
BRDA:63,12,0,3
BRDA:63,12,1,8
BRDA:82,13,0,2
BRDA:82,13,1,9
BRDA:89,14,0,7
BRDA:89,14,1,1
BRDA:94,15,0,31
BRDA:94,15,1,11
BRDA:94,15,2,0
BRDA:105,16,0,0
BRDA:115,17,0,50
BRDA:115,17,1,3
BRDA:116,18,0,53
BRDA:116,18,1,15
BRDA:116,18,2,7
BRDA:124,19,0,44
BRDA:124,19,1,3
BRDA:124,20,0,47
BRDA:124,20,1,43
BRDA:124,20,2,7
BRDA:124,20,3,5
BRDA:126,21,0,44
BRDA:126,21,1,44
BRDA:141,22,0,14
BRDA:141,22,1,60
BRDA:151,23,0,0
BRDA:158,24,0,10
BRDA:158,24,1,24
BRDA:159,25,0,10
BRDA:159,25,1,24
BRF:52
BRH:46
end_of_record
TN:
SF:/Users/jlong/Documents/grapesJS/grapesjs/src/code_manager/model/HtmlGenerator.js
FN:4,(anonymous_0)
FN:16,(anonymous_1)
FN:18,(anonymous_2)
FNF:3
FNH:3
FNDA:13,(anonymous_0)
FNDA:13,(anonymous_1)
FNDA:13,(anonymous_2)
DA:5,13
DA:7,13
DA:8,0
DA:13,13
DA:17,13
DA:18,13
DA:19,13
DA:21,13
LF:8
LH:7
BRDA:4,0,0,8
BRDA:7,1,0,0
BRDA:7,1,1,13
BRDA:9,2,0,0
BRDA:9,2,1,0
BRF:5
BRH:2
end_of_record
TN:
SF:/Users/jlong/Documents/grapesJS/grapesjs/src/code_manager/model/JsGenerator.js
FN:5,(anonymous_0)
FN:42,(anonymous_1)
FN:49,(anonymous_2)
FNF:3
FNH:3
FNDA:10,(anonymous_0)
FNDA:6,(anonymous_1)
FNDA:4,(anonymous_2)
DA:6,10
DA:7,10
DA:8,10
DA:9,10
DA:10,10
DA:12,10
DA:14,0
DA:15,0
DA:16,0
DA:17,0
DA:18,0
DA:21,0
DA:22,0
DA:25,0
DA:27,0
DA:28,0
DA:31,0
DA:32,0
DA:33,0
DA:35,0
DA:36,0
DA:37,0
DA:42,10
DA:43,6
DA:46,10
DA:50,4
DA:51,4
DA:52,4
DA:54,4
DA:55,0
DA:57,0
DA:58,0
DA:68,0
DA:69,0
DA:77,4
LF:35
LH:14
BRDA:7,0,0,10
BRDA:7,0,1,10
BRDA:12,1,0,0
BRDA:12,1,1,10
BRDA:21,2,0,0
BRDA:21,2,1,0
BRDA:21,3,0,0
BRDA:21,3,1,0
BRDA:27,4,0,0
BRDA:27,4,1,0
BRDA:31,5,0,0
BRDA:31,5,1,0
BRDA:33,6,0,0
BRDA:33,6,1,0
BRDA:36,7,0,0
BRDA:36,7,1,0
BRDA:57,8,0,0
BRDA:57,8,1,0
BRF:18
BRH:3
end_of_record
TN:
SF:/Users/jlong/Documents/grapesJS/grapesjs/src/code_manager/model/JsonGenerator.js
FN:6,(anonymous_0)
FN:12,(anonymous_1)
FN:20,(anonymous_2)
FN:36,(anonymous_3)
FNF:4
FNH:0
FNDA:0,(anonymous_0)
FNDA:0,(anonymous_1)
FNDA:0,(anonymous_2)
FNDA:0,(anonymous_3)
DA:7,0
DA:8,0
DA:10,0
DA:13,0
DA:14,0
DA:15,0
DA:16,0
DA:17,0
DA:18,0
DA:19,0
DA:20,0
DA:21,0
DA:29,0
DA:37,0
LF:14
LH:0
BRDA:14,0,0,0
BRDA:14,0,1,0
BRDA:16,1,0,0
BRDA:16,1,1,0
BRDA:19,2,0,0
BRDA:19,2,1,0
BRF:6
BRH:0
end_of_record
TN:
SF:/Users/jlong/Documents/grapesJS/grapesjs/src/code_manager/view/EditorView.js
FN:11,(anonymous_0)
FN:16,(anonymous_1)
FNF:2
FNH:0
FNDA:0,(anonymous_0)
FNDA:0,(anonymous_1)
DA:12,0
DA:13,0
DA:17,0
DA:18,0
DA:19,0
DA:20,0
DA:21,0
DA:22,0
LF:8
LH:0
BRDA:12,0,0,0
BRDA:12,0,1,0
BRF:2
BRH:0
end_of_record
TN:
SF:/Users/jlong/Documents/grapesJS/grapesjs/src/commands/index.js
FN:62,(anonymous_0)
FN:70,(anonymous_1)
FN:94,(anonymous_2)
FN:104,(anonymous_3)
FN:110,(anonymous_4)
FN:116,(anonymous_5)
FN:123,(anonymous_6)
FN:134,(anonymous_7)
FN:136,(anonymous_8)
FN:145,(anonymous_9)
FN:148,(anonymous_10)
FN:151,(anonymous_11)
FN:153,(anonymous_12)
FN:186,(anonymous_13)
FN:191,(anonymous_14)
FN:192,(anonymous_15)
FN:193,(anonymous_16)
FN:201,(anonymous_17)
FN:202,(anonymous_18)
FN:244,(anonymous_19)
FN:269,(anonymous_20)
FN:279,(anonymous_21)
FN:291,(anonymous_22)
FN:299,(anonymous_23)
FN:311,(anonymous_24)
FN:323,(anonymous_25)
FN:342,(anonymous_26)
FN:353,(anonymous_27)
FN:362,(anonymous_28)
FN:377,(anonymous_29)
FN:402,(anonymous_30)
FN:424,(anonymous_31)
FN:430,(anonymous_32)
FN:431,(anonymous_33)
FNF:34
FNH:19
FNDA:499,(anonymous_0)
FNDA:21424,(anonymous_1)
FNDA:497,(anonymous_2)
FNDA:2,(anonymous_3)
FNDA:0,(anonymous_4)
FNDA:0,(anonymous_5)
FNDA:0,(anonymous_6)
FNDA:0,(anonymous_7)
FNDA:0,(anonymous_8)
FNDA:0,(anonymous_9)
FNDA:0,(anonymous_10)
FNDA:0,(anonymous_11)
FNDA:0,(anonymous_12)
FNDA:0,(anonymous_13)
FNDA:0,(anonymous_14)
FNDA:0,(anonymous_15)
FNDA:11928,(anonymous_16)
FNDA:13916,(anonymous_17)
FNDA:185,(anonymous_18)
FNDA:263,(anonymous_19)
FNDA:0,(anonymous_20)
FNDA:0,(anonymous_21)
FNDA:6,(anonymous_22)
FNDA:2,(anonymous_23)
FNDA:6,(anonymous_24)
FNDA:3,(anonymous_25)
FNDA:246,(anonymous_26)
FNDA:250,(anonymous_27)
FNDA:498,(anonymous_28)
FNDA:86,(anonymous_29)
FNDA:116,(anonymous_30)
FNDA:0,(anonymous_31)
FNDA:9,(anonymous_32)
FNDA:45,(anonymous_33)
DA:35,70
DA:64,499
DA:65,499
DA:66,499
DA:67,499
DA:70,499
DA:71,21424
DA:72,21424
DA:73,21424
DA:74,21424
DA:75,21424
DA:76,21424
DA:79,499
DA:95,497
DA:99,497
DA:100,497
DA:101,497
DA:104,497
DA:105,2
DA:106,2
DA:109,497
DA:111,0
DA:115,497
DA:117,0
DA:118,0
DA:122,497
DA:125,0
DA:126,0
DA:127,0
DA:128,0
DA:129,0
DA:130,0
DA:131,0
DA:132,0
DA:133,0
DA:134,0
DA:135,0
DA:136,0
DA:138,0
DA:139,0
DA:143,0
DA:145,0
DA:146,0
DA:148,0
DA:149,0
DA:151,0
DA:152,0
DA:153,0
DA:154,0
DA:155,0
DA:156,0
DA:159,0
DA:162,0
DA:164,0
DA:174,0
DA:175,0
DA:179,0
DA:180,0
DA:181,0
DA:182,0
DA:183,0
DA:186,0
DA:191,497
DA:192,497
DA:193,497
DA:194,11928
DA:195,11928
DA:196,11928
DA:197,11928
DA:198,11928
DA:199,6958
DA:201,6958
DA:202,13916
DA:203,185
DA:209,497
DA:211,497
DA:213,497
DA:245,263
DA:247,263
DA:248,244
DA:249,244
DA:250,19
DA:251,1
DA:254,263
DA:270,0
DA:271,0
DA:272,0
DA:276,0
DA:278,0
DA:279,0
DA:281,0
DA:283,0
DA:292,6
DA:300,2
DA:312,6
DA:324,3
DA:343,246
DA:354,250
DA:363,498
DA:364,21414
DA:367,498
DA:380,86
DA:381,86
DA:382,86
DA:384,86
DA:385,86
DA:386,86
DA:387,76
DA:392,86
DA:405,116
DA:406,116
DA:407,116
DA:409,116
DA:410,116
DA:411,116
DA:415,116
DA:425,0
DA:426,0
DA:427,0
DA:431,45
LF:120
LH:70
BRDA:71,0,0,997
BRDA:71,0,1,20427
BRDA:72,1,0,7477
BRDA:72,1,1,13947
BRDA:94,2,0,0
BRDA:101,3,0,52
BRDA:101,3,1,445
BRDA:106,4,0,2
BRDA:106,4,1,0
BRDA:123,5,0,0
BRDA:126,6,0,0
BRDA:126,6,1,0
BRDA:128,7,0,0
BRDA:128,7,1,0
BRDA:129,8,0,0
BRDA:129,8,1,0
BRDA:130,9,0,0
BRDA:130,9,1,0
BRDA:133,10,0,0
BRDA:133,10,1,0
BRDA:138,11,0,0
BRDA:138,11,1,0
BRDA:138,12,0,0
BRDA:138,12,1,0
BRDA:143,13,0,0
BRDA:143,13,1,0
BRDA:159,14,0,0
BRDA:159,14,1,0
BRDA:159,14,2,0
BRDA:162,15,0,0
BRDA:162,15,1,0
BRDA:174,16,0,0
BRDA:174,16,1,0
BRDA:198,17,0,6958
BRDA:198,17,1,4970
BRDA:209,18,0,497
BRDA:209,18,1,0
BRDA:247,19,0,244
BRDA:247,19,1,19
BRDA:250,20,0,1
BRDA:250,20,1,18
BRDA:269,21,0,0
BRDA:271,22,0,0
BRDA:271,22,1,0
BRDA:279,23,0,0
BRDA:279,23,1,0
BRDA:281,24,0,0
BRDA:281,24,1,0
BRDA:311,25,0,3
BRDA:323,26,0,1
BRDA:377,27,0,0
BRDA:380,28,0,86
BRDA:380,28,1,0
BRDA:380,29,0,86
BRDA:380,29,1,86
BRDA:384,30,0,86
BRDA:384,30,1,0
BRDA:384,31,0,86
BRDA:384,31,1,0
BRDA:384,31,2,0
BRDA:386,32,0,76
BRDA:386,32,1,10
BRDA:386,33,0,86
BRDA:386,33,1,82
BRDA:386,33,2,82
BRDA:386,33,3,77
BRDA:402,34,0,0
BRDA:405,35,0,116
BRDA:405,35,1,0
BRDA:405,36,0,116
BRDA:405,36,1,116
BRDA:409,37,0,116
BRDA:409,37,1,0
BRDA:409,38,0,116
BRDA:409,38,1,114
BRDA:409,38,2,0
BRDA:410,39,0,116
BRDA:410,39,1,0
BRDA:425,40,0,0
BRDA:425,40,1,0
BRF:80
BRH:34
end_of_record
TN:
SF:/Users/jlong/Documents/grapesJS/grapesjs/src/commands/config/config.js
FNF:0
FNH:0
LF:0
LH:0
BRF:0
BRH:0
end_of_record
TN:
SF:/Users/jlong/Documents/grapesJS/grapesjs/src/commands/model/Command.js
FNF:0
FNH:0
LF:0
LH:0
BRF:0
BRH:0
end_of_record
TN:
SF:/Users/jlong/Documents/grapesJS/grapesjs/src/commands/view/CanvasClear.js
FN:2,(anonymous_0)
FNF:1
FNH:0
FNDA:0,(anonymous_0)
DA:3,0
DA:4,0
LF:2
LH:0
BRF:0
BRH:0
end_of_record
TN:
SF:/Users/jlong/Documents/grapesJS/grapesjs/src/commands/view/CanvasMove.js
FN:6,(anonymous_0)
FN:12,(anonymous_1)
FN:17,(anonymous_2)
FN:23,(anonymous_3)
FN:27,(anonymous_4)
FN:31,(anonymous_5)
FN:39,(anonymous_6)
FN:45,(anonymous_7)
FN:48,(anonymous_8)
FN:51,(anonymous_9)
FN:54,(anonymous_10)
FN:64,(anonymous_11)
FN:72,(anonymous_12)
FNF:13
FNH:0
FNDA:0,(anonymous_0)
FNDA:0,(anonymous_1)
FNDA:0,(anonymous_2)
FNDA:0,(anonymous_3)
FNDA:0,(anonymous_4)
FNDA:0,(anonymous_5)
FNDA:0,(anonymous_6)
FNDA:0,(anonymous_7)
FNDA:0,(anonymous_8)
FNDA:0,(anonymous_9)
FNDA:0,(anonymous_10)
FNDA:0,(anonymous_11)
FNDA:0,(anonymous_12)
DA:7,0
DA:8,0
DA:9,0
DA:10,0
DA:13,0
DA:14,0
DA:18,0
DA:19,0
DA:24,0
DA:28,0
DA:32,0
DA:33,0
DA:34,0
DA:35,0
DA:37,0
DA:38,0
DA:40,0
DA:46,0
DA:49,0
DA:52,0
DA:55,0
DA:58,0
DA:61,0
DA:65,0
DA:66,0
DA:67,0
DA:68,0
DA:69,0
DA:70,0
DA:71,0
DA:72,0
DA:73,0
DA:74,0
DA:75,0
LF:34
LH:0
BRDA:18,0,0,0
BRDA:18,0,1,0
BRDA:34,1,0,0
BRDA:34,1,1,0
BRDA:37,2,0,0
BRDA:37,2,1,0
BRDA:61,3,0,0
BRDA:61,3,1,0
BRDA:66,4,0,0
BRDA:66,4,1,0
BRDA:67,5,0,0
BRDA:67,5,1,0
BRDA:71,6,0,0
BRDA:71,6,1,0
BRF:14
BRH:0
end_of_record
TN:
SF:/Users/jlong/Documents/grapesJS/grapesjs/src/commands/view/CommandAbstract.js
FN:10,(anonymous_0)
FN:40,(anonymous_1)
FN:46,(anonymous_2)
FN:54,(anonymous_3)
FN:62,(anonymous_4)
FN:70,(anonymous_5)
FN:79,(anonymous_6)
FN:92,(anonymous_7)
FN:100,(anonymous_8)
FN:122,(anonymous_9)
FN:135,(anonymous_10)
FN:145,(anonymous_11)
FN:153,(anonymous_12)
FNF:13
FNH:7
FNDA:250,(anonymous_0)
FNDA:0,(anonymous_1)
FNDA:244,(anonymous_2)
FNDA:0,(anonymous_3)
FNDA:0,(anonymous_4)
FNDA:244,(anonymous_5)
FNDA:0,(anonymous_6)
FNDA:201,(anonymous_7)
FNDA:86,(anonymous_8)
FNDA:118,(anonymous_9)
FNDA:0,(anonymous_10)
FNDA:0,(anonymous_11)
FNDA:2,(anonymous_12)
DA:2,70
DA:11,250
DA:12,250
DA:13,250
DA:14,250
DA:15,250
DA:16,250
DA:17,250
DA:18,250
DA:20,250
DA:22,250
DA:24,250
DA:25,244
DA:28,244
DA:32,250
DA:47,244
DA:55,0
DA:63,0
DA:71,244
DA:80,0
DA:81,0
DA:101,86
DA:102,86
DA:104,86
DA:105,3
DA:106,3
DA:109,83
DA:110,83
DA:111,83
DA:112,83
DA:113,83
DA:123,118
DA:124,118
DA:125,118
DA:126,118
DA:127,118
DA:128,118
DA:129,118
DA:136,0
LF:39
LH:34
BRDA:11,0,0,250
BRDA:11,0,1,6
BRDA:12,1,0,250
BRDA:12,1,1,6
BRDA:20,2,0,250
BRDA:20,2,1,244
BRDA:22,3,0,244
BRDA:22,3,1,6
BRDA:24,4,0,244
BRDA:24,4,1,6
BRDA:100,5,0,2
BRDA:104,6,0,3
BRDA:104,6,1,83
BRDA:104,7,0,86
BRDA:104,7,1,86
BRDA:109,8,0,83
BRDA:109,8,1,7
BRDA:122,9,0,2
BRDA:124,10,0,118
BRDA:124,10,1,5
BRF:20
BRH:20
end_of_record
TN:
SF:/Users/jlong/Documents/grapesJS/grapesjs/src/commands/view/ComponentDelete.js
FN:4,(anonymous_0)
FN:12,(anonymous_1)
FNF:2
FNH:0
FNDA:0,(anonymous_0)
FNDA:0,(anonymous_1)
DA:5,0
DA:6,0
DA:10,0
DA:12,0
DA:13,0
DA:14,0
DA:18,0
DA:21,0
LF:8
LH:0
BRDA:4,0,0,0
BRDA:5,1,0,0
BRDA:5,1,1,0
BRDA:6,2,0,0
BRDA:6,2,1,0
BRDA:13,3,0,0
BRDA:13,3,1,0
BRDA:13,4,0,0
BRDA:13,4,1,0
BRF:9
BRH:0
end_of_record
TN:
SF:/Users/jlong/Documents/grapesJS/grapesjs/src/commands/view/ComponentDrag.js
FN:7,(anonymous_0)
FN:28,(anonymous_1)
FN:29,(anonymous_2)
FN:57,(anonymous_3)
FN:66,(anonymous_4)
FN:70,(anonymous_5)
FN:71,(anonymous_6)
FN:78,(anonymous_7)
FN:110,(anonymous_8)
FN:112,(anonymous_9)
FN:120,(anonymous_10)
FN:126,(anonymous_11)
FN:133,(anonymous_12)
FN:137,(anonymous_13)
FN:139,(anonymous_14)
FN:144,(anonymous_15)
FN:149,(anonymous_16)
FN:177,(anonymous_17)
FN:209,(anonymous_18)
FN:213,(anonymous_19)
FN:224,(anonymous_20)
FN:230,(anonymous_21)
FN:235,(anonymous_22)
FN:237,(anonymous_23)
FN:246,(anonymous_24)
FN:251,(anonymous_25)
FN:262,(anonymous_26)
FN:279,(anonymous_27)
FN:295,(anonymous_28)
FN:302,(anonymous_29)
FN:311,(anonymous_30)
FN:340,(anonymous_31)
FN:344,(anonymous_32)
FN:346,(anonymous_33)
FN:350,(anonymous_34)
FN:359,(anonymous_35)
FN:360,(anonymous_36)
FN:369,(anonymous_37)
FN:372,(anonymous_38)
FN:391,(anonymous_39)
FN:392,(anonymous_40)
FN:404,(anonymous_41)
FN:405,(anonymous_42)
FN:406,(anonymous_43)
FN:445,(anonymous_44)
FN:451,(anonymous_45)
FNF:46
FNH:0
FNDA:0,(anonymous_0)
FNDA:0,(anonymous_1)
FNDA:0,(anonymous_2)
FNDA:0,(anonymous_3)
FNDA:0,(anonymous_4)
FNDA:0,(anonymous_5)
FNDA:0,(anonymous_6)
FNDA:0,(anonymous_7)
FNDA:0,(anonymous_8)
FNDA:0,(anonymous_9)
FNDA:0,(anonymous_10)
FNDA:0,(anonymous_11)
FNDA:0,(anonymous_12)
FNDA:0,(anonymous_13)
FNDA:0,(anonymous_14)
FNDA:0,(anonymous_15)
FNDA:0,(anonymous_16)
FNDA:0,(anonymous_17)
FNDA:0,(anonymous_18)
FNDA:0,(anonymous_19)
FNDA:0,(anonymous_20)
FNDA:0,(anonymous_21)
FNDA:0,(anonymous_22)
FNDA:0,(anonymous_23)
FNDA:0,(anonymous_24)
FNDA:0,(anonymous_25)
FNDA:0,(anonymous_26)
FNDA:0,(anonymous_27)
FNDA:0,(anonymous_28)
FNDA:0,(anonymous_29)
FNDA:0,(anonymous_30)
FNDA:0,(anonymous_31)
FNDA:0,(anonymous_32)
FNDA:0,(anonymous_33)
FNDA:0,(anonymous_34)
FNDA:0,(anonymous_35)
FNDA:0,(anonymous_36)
FNDA:0,(anonymous_37)
FNDA:0,(anonymous_38)
FNDA:0,(anonymous_39)
FNDA:0,(anonymous_40)
FNDA:0,(anonymous_41)
FNDA:0,(anonymous_42)
FNDA:0,(anonymous_43)
FNDA:0,(anonymous_44)
FNDA:0,(anonymous_45)
DA:4,29
DA:8,0
DA:19,0
DA:20,0
DA:21,0
DA:28,0
DA:29,0
DA:32,0
DA:33,0
DA:34,0
DA:35,0
DA:36,0
DA:37,0
DA:38,0
DA:39,0
DA:40,0
DA:41,0
DA:43,0
DA:44,0
DA:45,0
DA:47,0
DA:50,0
DA:51,0
DA:52,0
DA:54,0
DA:58,0
DA:67,0
DA:71,0
DA:72,0
DA:73,0
DA:75,0
DA:79,0
DA:81,0
DA:82,0
DA:83,0
DA:84,0
DA:85,0
DA:86,0
DA:89,0
DA:90,0
DA:91,0
DA:92,0
DA:93,0
DA:94,0
DA:95,0
DA:96,0
DA:97,0
DA:98,0
DA:99,0
DA:100,0
DA:101,0
DA:104,0
DA:108,0
DA:111,0
DA:112,0
DA:117,0
DA:121,0
DA:122,0
DA:123,0
DA:124,0
DA:127,0
DA:130,0
DA:134,0
DA:139,0
DA:140,0
DA:141,0
DA:142,0
DA:143,0
DA:144,0
DA:145,0
DA:150,0
DA:151,0
DA:153,0
DA:155,0
DA:156,0
DA:158,0
DA:159,0
DA:161,0
DA:162,0
DA:164,0
DA:165,0
DA:167,0
DA:168,0
DA:170,0
DA:171,0
DA:174,0
DA:178,0
DA:179,0
DA:180,0
DA:181,0
DA:182,0
DA:186,0
DA:187,0
DA:188,0
DA:190,0
DA:193,0
DA:194,0
DA:195,0
DA:196,0
DA:197,0
DA:199,0
DA:200,0
DA:201,0
DA:202,0
DA:205,0
DA:206,0
DA:210,0
DA:214,0
DA:215,0
DA:216,0
DA:217,0
DA:224,0
DA:230,0
DA:232,0
DA:236,0
DA:237,0
DA:238,0
DA:239,0
DA:240,0
DA:241,0
DA:243,0
DA:247,0
DA:248,0
DA:249,0
DA:252,0
DA:253,0
DA:254,0
DA:257,0
DA:259,0
DA:263,0
DA:264,0
DA:265,0
DA:266,0
DA:268,0
DA:269,0
DA:270,0
DA:272,0
DA:273,0
DA:276,0
DA:280,0
DA:281,0
DA:282,0
DA:283,0
DA:284,0
DA:286,0
DA:287,0
DA:288,0
DA:289,0
DA:290,0
DA:293,0
DA:294,0
DA:295,0
DA:296,0
DA:297,0
DA:299,0
DA:303,0
DA:304,0
DA:312,0
DA:313,0
DA:314,0
DA:315,0
DA:316,0
DA:317,0
DA:318,0
DA:320,0
DA:321,0
DA:324,0
DA:325,0
DA:326,0
DA:327,0
DA:330,0
DA:341,0
DA:342,0
DA:343,0
DA:344,0
DA:345,0
DA:346,0
DA:347,0
DA:351,0
DA:352,0
DA:353,0
DA:354,0
DA:355,0
DA:356,0
DA:360,0
DA:361,0
DA:362,0
DA:370,0
DA:371,0
DA:372,0
DA:373,0
DA:374,0
DA:375,0
DA:376,0
DA:377,0
DA:378,0
DA:379,0
DA:382,0
DA:385,0
DA:386,0
DA:387,0
DA:390,0
DA:391,0
DA:393,0
DA:394,0
DA:395,0
DA:396,0
DA:404,0
DA:405,0
DA:406,0
DA:408,0
DA:409,0
DA:410,0
DA:411,0
DA:412,0
DA:413,0
DA:414,0
DA:417,0
DA:418,0
DA:419,0
DA:420,0
DA:421,0
DA:424,0
DA:425,0
DA:426,0
DA:427,0
DA:428,0
DA:429,0
DA:446,0
DA:447,0
DA:448,0
DA:449,0
DA:450,0
DA:451,0
DA:452,0
LF:235
LH:1
BRDA:7,0,0,0
BRDA:19,1,0,0
BRDA:43,2,0,0
BRDA:43,2,1,0
BRDA:50,3,0,0
BRDA:50,3,1,0
BRDA:71,4,0,0
BRDA:71,4,1,0
BRDA:73,5,0,0
BRDA:73,5,1,0
BRDA:81,6,0,0
BRDA:81,6,1,0
BRDA:112,7,0,0
BRDA:112,7,1,0
BRDA:123,8,0,0
BRDA:127,9,0,0
BRDA:127,9,1,0
BRDA:139,10,0,0
BRDA:139,10,1,0
BRDA:141,11,0,0
BRDA:141,11,1,0
BRDA:153,12,0,0
BRDA:153,12,1,0
BRDA:153,12,2,0
BRDA:153,12,3,0
BRDA:153,12,4,0
BRDA:153,12,5,0
BRDA:177,13,0,0
BRDA:178,14,0,0
BRDA:178,14,1,0
BRDA:180,15,0,0
BRDA:180,15,1,0
BRDA:183,16,0,0
BRDA:183,16,1,0
BRDA:186,17,0,0
BRDA:186,17,1,0
BRDA:193,18,0,0
BRDA:193,18,1,0
BRDA:205,19,0,0
BRDA:205,19,1,0
BRDA:228,20,0,0
BRDA:228,20,1,0
BRDA:235,21,0,0
BRDA:237,22,0,0
BRDA:237,22,1,0
BRDA:240,23,0,0
BRDA:240,23,1,0
BRDA:249,24,0,0
BRDA:249,24,1,0
BRDA:253,25,0,0
BRDA:253,25,1,0
BRDA:257,26,0,0
BRDA:257,26,1,0
BRDA:268,27,0,0
BRDA:268,27,1,0
BRDA:282,28,0,0
BRDA:282,28,1,0
BRDA:286,29,0,0
BRDA:286,29,1,0
BRDA:287,30,0,0
BRDA:287,30,1,0
BRDA:297,31,0,0
BRDA:297,31,1,0
BRDA:317,32,0,0
BRDA:317,32,1,0
BRDA:318,33,0,0
BRDA:318,33,1,0
BRDA:320,34,0,0
BRDA:320,34,1,0
BRDA:324,35,0,0
BRDA:324,35,1,0
BRDA:344,36,0,0
BRDA:344,36,1,0
BRDA:345,37,0,0
BRDA:345,37,1,0
BRDA:347,38,0,0
BRDA:347,38,1,0
BRDA:350,39,0,0
BRDA:353,40,0,0
BRDA:353,40,1,0
BRDA:362,41,0,0
BRDA:362,41,1,0
BRDA:369,42,0,0
BRDA:375,43,0,0
BRDA:375,43,1,0
BRDA:377,44,0,0
BRDA:377,44,1,0
BRDA:378,45,0,0
BRDA:378,45,1,0
BRDA:379,46,0,0
BRDA:379,46,1,0
BRDA:382,47,0,0
BRDA:382,47,1,0
BRDA:394,48,0,0
BRDA:394,48,1,0
BRDA:395,49,0,0
BRDA:395,49,1,0
BRDA:398,50,0,0
BRDA:398,50,1,0
BRDA:408,51,0,0
BRDA:408,51,1,0
BRDA:410,52,0,0
BRDA:410,52,1,0
BRDA:411,53,0,0
BRDA:411,53,1,0
BRDA:412,54,0,0
BRDA:412,54,1,0
BRDA:413,55,0,0
BRDA:413,55,1,0
BRDA:414,56,0,0
BRDA:414,56,1,0
BRDA:417,57,0,0
BRDA:417,57,1,0
BRDA:418,58,0,0
BRDA:418,58,1,0
BRDA:420,59,0,0
BRDA:420,59,1,0
BRDA:421,60,0,0
BRDA:421,60,1,0
BRDA:425,61,0,0
BRDA:425,61,1,0
BRDA:426,62,0,0
BRDA:426,62,1,0
BRDA:427,63,0,0
BRDA:427,63,1,0
BRDA:447,64,0,0
BRDA:447,64,1,0
BRDA:452,65,0,0
BRDA:452,65,1,0
BRF:129
BRH:0
end_of_record
TN:
SF:/Users/jlong/Documents/grapesJS/grapesjs/src/commands/view/ComponentEnter.js
FN:2,(anonymous_0)
FN:6,(anonymous_1)
FNF:2
FNH:0
FNDA:0,(anonymous_0)
FNDA:0,(anonymous_1)
DA:3,0
DA:4,0
DA:6,0
DA:7,0
DA:8,0
DA:9,0
DA:12,0
LF:7
LH:0
BRDA:3,0,0,0
BRDA:3,0,1,0
BRDA:8,1,0,0
BRDA:8,1,1,0
BRDA:9,2,0,0
BRDA:9,2,1,0
BRDA:12,3,0,0
BRDA:12,3,1,0
BRF:8
BRH:0
end_of_record
TN:
SF:/Users/jlong/Documents/grapesJS/grapesjs/src/commands/view/ComponentExit.js
FN:2,(anonymous_0)
FN:6,(anonymous_1)
FNF:2
FNH:0
FNDA:0,(anonymous_0)
FNDA:0,(anonymous_1)
DA:3,0
DA:4,0
DA:6,0
DA:7,0
DA:10,0
DA:11,0
DA:14,0
DA:17,0
LF:8
LH:0
BRDA:2,0,0,0
BRDA:3,1,0,0
BRDA:3,1,1,0
BRDA:3,2,0,0
BRDA:3,2,1,0
BRDA:10,3,0,0
BRDA:10,3,1,0
BRDA:14,4,0,0
BRDA:14,4,1,0
BRDA:17,5,0,0
BRDA:17,5,1,0
BRF:11
BRH:0
end_of_record
TN:
SF:/Users/jlong/Documents/grapesJS/grapesjs/src/commands/view/ComponentNext.js
FN:2,(anonymous_0)
FN:6,(anonymous_1)
FNF:2
FNH:0
FNDA:0,(anonymous_0)
FNDA:0,(anonymous_1)
DA:3,0
DA:4,0
DA:6,0
DA:7,0
DA:8,0
DA:9,0
DA:10,0
DA:13,0
LF:8
LH:0
BRDA:3,0,0,0
BRDA:3,0,1,0
BRDA:10,1,0,0
BRDA:10,1,1,0
BRDA:13,2,0,0
BRDA:13,2,1,0
BRF:6
BRH:0
end_of_record
TN:
SF:/Users/jlong/Documents/grapesJS/grapesjs/src/commands/view/ComponentPrev.js
FN:2,(anonymous_0)
FN:6,(anonymous_1)
FNF:2
FNH:0
FNDA:0,(anonymous_0)
FNDA:0,(anonymous_1)
DA:3,0
DA:4,0
DA:6,0
DA:7,0
DA:8,0
DA:9,0
DA:10,0
DA:13,0
LF:8
LH:0
BRDA:3,0,0,0
BRDA:3,0,1,0
BRDA:10,1,0,0
BRDA:10,1,1,0
BRDA:10,2,0,0
BRDA:10,2,1,0
BRDA:13,3,0,0
BRDA:13,3,1,0
BRF:8
BRH:0
end_of_record
TN:
SF:/Users/jlong/Documents/grapesJS/grapesjs/src/commands/view/ComponentStyleClear.js
FN:4,(anonymous_0)
FN:16,(anonymous_1)
FN:18,(anonymous_2)
FNF:3
FNH:0
FNDA:0,(anonymous_0)
FNDA:0,(anonymous_1)
FNDA:0,(anonymous_2)
DA:5,0
DA:6,0
DA:7,0
DA:8,0
DA:9,0
DA:11,0
DA:12,0
DA:13,0
DA:14,0
DA:16,0
DA:17,0
DA:18,0
DA:19,0
DA:23,0
DA:26,0
LF:15
LH:0
BRDA:4,0,0,0
BRDA:11,1,0,0
BRDA:11,1,1,0
BRDA:14,2,0,0
BRDA:14,2,1,0
BRDA:19,3,0,0
BRDA:19,3,1,0
BRDA:19,3,2,0
BRF:8
BRH:0
end_of_record
TN:
SF:/Users/jlong/Documents/grapesJS/grapesjs/src/commands/view/CopyComponent.js
FN:2,(anonymous_0)
FNF:1
FNH:0
FNDA:0,(anonymous_0)
DA:3,0
DA:4,0
DA:5,0
LF:3
LH:0
BRDA:5,0,0,0
BRDA:5,0,1,0
BRF:2
BRH:0
end_of_record
TN:
SF:/Users/jlong/Documents/grapesJS/grapesjs/src/commands/view/ExportTemplate.js
FN:5,(anonymous_0)
FN:28,(anonymous_1)
FN:33,(anonymous_2)
FN:38,(anonymous_3)
FNF:4
FNH:0
FNDA:0,(anonymous_0)
FNDA:0,(anonymous_1)
FNDA:0,(anonymous_2)
FNDA:0,(anonymous_3)
DA:2,29
DA:6,0
DA:7,0
DA:8,0
DA:9,0
DA:10,0
DA:12,0
DA:13,0
DA:14,0
DA:15,0
DA:16,0
DA:17,0
DA:18,0
DA:19,0
DA:22,0
DA:28,0
DA:29,0
DA:30,0
DA:34,0
DA:35,0
DA:39,0
DA:40,0
DA:42,0
DA:49,0
DA:54,0
DA:56,0
LF:26
LH:1
BRDA:5,0,0,0
BRDA:6,1,0,0
BRDA:6,1,1,0
BRDA:6,1,2,0
BRDA:10,2,0,0
BRDA:10,2,1,0
BRDA:12,3,0,0
BRDA:12,3,1,0
BRDA:35,4,0,0
BRDA:35,4,1,0
BRDA:40,5,0,0
BRDA:40,5,1,0
BRF:12
BRH:0
end_of_record
TN:
SF:/Users/jlong/Documents/grapesJS/grapesjs/src/commands/view/Fullscreen.js
FN:8,(anonymous_0)
FN:24,(anonymous_1)
FN:41,(anonymous_2)
FN:57,(anonymous_3)
FN:66,(anonymous_4)
FN:78,(anonymous_5)
FNF:6
FNH:0
FNDA:0,(anonymous_0)
FNDA:0,(anonymous_1)
FNDA:0,(anonymous_2)
FNDA:0,(anonymous_3)
FNDA:0,(anonymous_4)
FNDA:0,(anonymous_5)
DA:9,0
DA:10,0
DA:15,0
DA:16,0
DA:25,0
DA:26,0
DA:27,0
DA:28,0
DA:29,0
DA:30,0
DA:31,0
DA:32,0
DA:33,0
DA:34,0
DA:35,0
DA:42,0
DA:43,0
DA:44,0
DA:45,0
DA:46,0
DA:47,0
DA:58,0
DA:59,0
DA:60,0
DA:61,0
DA:62,0
DA:67,0
DA:68,0
DA:69,0
DA:72,0
DA:73,0
DA:74,0
DA:75,0
DA:79,0
DA:80,0
DA:81,0
LF:36
LH:0
BRDA:10,0,0,0
BRDA:10,0,1,0
BRDA:11,1,0,0
BRDA:11,1,1,0
BRDA:11,1,2,0
BRDA:26,2,0,0
BRDA:26,2,1,0
BRDA:27,3,0,0
BRDA:27,3,1,0
BRDA:30,4,0,0
BRDA:30,4,1,0
BRDA:33,5,0,0
BRDA:33,5,1,0
BRDA:43,6,0,0
BRDA:43,6,1,0
BRDA:44,7,0,0
BRDA:44,7,1,0
BRDA:45,8,0,0
BRDA:45,8,1,0
BRDA:46,9,0,0
BRDA:46,9,1,0
BRDA:47,10,0,0
BRDA:47,10,1,0
BRDA:59,11,0,0
BRDA:59,11,1,0
BRDA:60,12,0,0
BRDA:60,12,1,0
BRDA:66,13,0,0
BRDA:69,14,0,0
BRDA:69,14,1,0
BRDA:72,15,0,0
BRDA:72,15,1,0
BRDA:79,16,0,0
BRDA:79,16,1,0
BRDA:79,17,0,0
BRDA:79,17,1,0
BRDA:81,18,0,0
BRDA:81,18,1,0
BRF:38
BRH:0
end_of_record
TN:
SF:/Users/jlong/Documents/grapesJS/grapesjs/src/commands/view/MoveComponent.js
FN:10,(anonymous_0)
FN:19,(anonymous_1)
FN:35,(anonymous_2)
FN:42,(anonymous_3)
FN:62,(anonymous_4)
FN:89,(anonymous_5)
FN:106,(anonymous_6)
FN:114,(anonymous_7)
FN:125,(anonymous_8)
FN:133,(anonymous_9)
FN:147,(anonymous_10)
FN:157,(anonymous_11)
FN:162,(anonymous_12)
FNF:13
FNH:0
FNDA:0,(anonymous_0)
FNDA:0,(anonymous_1)
FNDA:0,(anonymous_2)
FNDA:0,(anonymous_3)
FNDA:0,(anonymous_4)
FNDA:0,(anonymous_5)
FNDA:0,(anonymous_6)
FNDA:0,(anonymous_7)
FNDA:0,(anonymous_8)
FNDA:0,(anonymous_9)
FNDA:0,(anonymous_10)
FNDA:0,(anonymous_11)
FNDA:0,(anonymous_12)
DA:7,29
DA:11,0
DA:12,0
DA:13,0
DA:14,0
DA:15,0
DA:16,0
DA:20,0
DA:21,0
DA:22,0
DA:23,0
DA:24,0
DA:25,0
DA:28,0
DA:43,0
DA:44,0
DA:45,0
DA:48,0
DA:49,0
DA:50,0
DA:51,0
DA:52,0
DA:53,0
DA:54,0
DA:63,0
DA:64,0
DA:66,0
DA:67,0
DA:68,0
DA:69,0
DA:70,0
DA:80,0
DA:81,0
DA:92,0
DA:93,0
DA:94,0
DA:95,0
DA:96,0
DA:97,0
DA:98,0
DA:99,0
DA:100,0
DA:101,0
DA:102,0
DA:103,0
DA:107,0
DA:115,0
DA:116,0
DA:134,0
DA:135,0
DA:136,0
DA:137,0
DA:139,0
DA:148,0
DA:149,0
DA:158,0
DA:159,0
DA:163,0
DA:164,0
DA:165,0
DA:166,0
DA:167,0
LF:62
LH:1
BRDA:45,0,0,0
BRDA:45,0,1,0
BRDA:64,1,0,0
BRDA:64,1,1,0
BRDA:94,2,0,0
BRDA:94,2,1,0
BRDA:134,3,0,0
BRDA:134,3,1,0
BRDA:135,4,0,0
BRDA:135,4,1,0
BRDA:135,5,0,0
BRDA:135,5,1,0
BRDA:148,6,0,0
BRDA:148,6,1,0
BRDA:158,7,0,0
BRDA:158,7,1,0
BRF:16
BRH:0
end_of_record
TN:
SF:/Users/jlong/Documents/grapesJS/grapesjs/src/commands/view/OpenAssets.js
FN:2,(anonymous_0)
FN:17,(anonymous_1)
FN:20,(anonymous_2)
FN:40,(anonymous_3)
FN:44,(anonymous_4)
FNF:5
FNH:0
FNDA:0,(anonymous_0)
FNDA:0,(anonymous_1)
FNDA:0,(anonymous_2)
FNDA:0,(anonymous_3)
FNDA:0,(anonymous_4)
DA:3,0
DA:4,0
DA:5,0
DA:6,0
DA:7,0
DA:8,0
DA:9,0
DA:11,0
DA:12,0
DA:13,0
DA:14,0
DA:16,0
DA:17,0
DA:19,0
DA:20,0
DA:23,0
DA:24,0
DA:27,0
DA:28,0
DA:31,0
DA:34,0
DA:40,0
DA:41,0
DA:45,0
DA:46,0
LF:25
LH:0
BRDA:2,0,0,0
BRDA:7,1,0,0
BRDA:7,1,1,0
BRDA:7,1,2,0
BRDA:16,2,0,0
BRDA:16,2,1,0
BRDA:16,3,0,0
BRDA:16,3,1,0
BRDA:19,4,0,0
BRDA:19,4,1,0
BRDA:19,5,0,0
BRDA:19,5,1,0
BRDA:27,6,0,0
BRDA:27,6,1,0
BRDA:31,7,0,0
BRDA:31,7,1,0
BRF:16
BRH:0
end_of_record
TN:
SF:/Users/jlong/Documents/grapesJS/grapesjs/src/commands/view/OpenBlocks.js
FN:2,(anonymous_0)
FN:19,(anonymous_1)
FNF:2
FNH:1
FNDA:0,(anonymous_0)
FNDA:37,(anonymous_1)
DA:3,0
DA:4,0
DA:6,0
DA:7,0
DA:8,0
DA:9,0
DA:10,0
DA:11,0
DA:12,0
DA:13,0
DA:16,0
DA:20,37
DA:21,37
LF:13
LH:2
BRDA:6,0,0,0
BRDA:6,0,1,0
BRDA:10,1,0,0
BRDA:10,1,1,0
BRDA:21,2,0,37
BRDA:21,2,1,0
BRF:6
BRH:1
end_of_record
TN:
SF:/Users/jlong/Documents/grapesJS/grapesjs/src/commands/view/OpenLayers.js
FN:7,(anonymous_0)
FN:23,(anonymous_1)
FNF:2
FNH:1
FNDA:0,(anonymous_0)
FNDA:37,(anonymous_1)
DA:4,29
DA:8,0
DA:9,0
DA:11,0
DA:12,0
DA:13,0
DA:14,0
DA:15,0
DA:16,0
DA:17,0
DA:20,0
DA:24,37
DA:25,37
LF:13
LH:3
BRDA:11,0,0,0
BRDA:11,0,1,0
BRDA:14,1,0,0
BRDA:14,1,1,0
BRDA:25,2,0,37
BRDA:25,2,1,0
BRF:6
BRH:1
end_of_record
TN:
SF:/Users/jlong/Documents/grapesJS/grapesjs/src/commands/view/OpenStyleManager.js
FN:5,(anonymous_0)
FN:55,(anonymous_1)
FN:70,(anonymous_2)
FNF:3
FNH:2
FNDA:37,(anonymous_0)
FNDA:63,(anonymous_1)
FNDA:0,(anonymous_2)
DA:2,29
DA:6,37
DA:7,37
DA:8,37
DA:9,37
DA:11,37
DA:13,37
DA:14,37
DA:17,37
DA:18,37
DA:19,37
DA:20,37
DA:26,37
DA:27,37
DA:28,37
DA:29,37
DA:30,37
DA:32,37
DA:35,37
DA:38,37
DA:39,37
DA:40,0
DA:43,37
DA:45,37
DA:46,37
DA:48,37
DA:56,63
DA:57,63
DA:58,63
DA:59,63
DA:61,63
DA:62,11
DA:63,11
DA:65,52
DA:66,52
DA:72,0
DA:75,0
LF:37
LH:34
BRDA:7,0,0,37
BRDA:7,0,1,0
BRDA:18,1,0,37
BRDA:18,1,1,0
BRDA:18,2,0,37
BRDA:18,2,1,37
BRDA:27,3,0,37
BRDA:27,3,1,0
BRDA:38,4,0,37
BRDA:38,4,1,0
BRDA:57,5,0,0
BRDA:57,5,1,63
BRDA:57,6,0,63
BRDA:57,6,1,63
BRDA:57,6,2,63
BRDA:61,7,0,11
BRDA:61,7,1,52
BRDA:61,8,0,63
BRDA:61,8,1,52
BRDA:61,8,2,12
BRDA:72,9,0,0
BRDA:72,9,1,0
BRDA:75,10,0,0
BRDA:75,10,1,0
BRF:24
BRH:15
end_of_record
TN:
SF:/Users/jlong/Documents/grapesJS/grapesjs/src/commands/view/OpenTraitManager.js
FN:6,(anonymous_0)
FN:52,(anonymous_1)
FN:65,(anonymous_2)
FNF:3
FNH:1
FNDA:0,(anonymous_0)
FNDA:0,(anonymous_1)
FNDA:37,(anonymous_2)
DA:3,29
DA:7,0
DA:8,0
DA:10,0
DA:11,0
DA:12,0
DA:15,0
DA:16,0
DA:17,0
DA:18,0
DA:19,0
DA:20,0
DA:21,0
DA:26,0
DA:27,0
DA:30,0
DA:31,0
DA:33,0
DA:34,0
DA:35,0
DA:37,0
DA:41,0
DA:42,0
DA:45,0
DA:53,0
DA:54,0
DA:56,0
DA:57,0
DA:58,0
DA:60,0
DA:61,0
DA:66,37
DA:67,37
LF:33
LH:3
BRDA:15,0,0,0
BRDA:15,0,1,0
BRDA:33,1,0,0
BRDA:33,1,1,0
BRDA:54,2,0,0
BRDA:54,2,1,0
BRDA:54,3,0,0
BRDA:54,3,1,0
BRDA:54,3,2,0
BRDA:56,4,0,0
BRDA:56,4,1,0
BRDA:66,5,0,37
BRDA:66,5,1,0
BRDA:67,6,0,37
BRDA:67,6,1,0
BRF:15
BRH:2
end_of_record
TN:
SF:/Users/jlong/Documents/grapesJS/grapesjs/src/commands/view/PasteComponent.js
FN:4,(anonymous_0)
FN:10,(anonymous_1)
FN:14,(anonymous_2)
FN:20,(anonymous_3)
FN:24,(anonymous_4)
FNF:5
FNH:0
FNDA:0,(anonymous_0)
FNDA:0,(anonymous_1)
FNDA:0,(anonymous_2)
FNDA:0,(anonymous_3)
FNDA:0,(anonymous_4)
DA:5,0
DA:6,0
DA:7,0
DA:9,0
DA:10,0
DA:11,0
DA:12,0
DA:13,0
DA:14,0
DA:17,0
DA:18,0
DA:20,0
DA:23,0
DA:24,0
DA:27,0
LF:15
LH:0
BRDA:9,0,0,0
BRDA:9,0,1,0
BRDA:9,1,0,0
BRDA:9,1,1,0
BRDA:11,2,0,0
BRDA:11,2,1,0
BRDA:17,3,0,0
BRDA:17,3,1,0
BRDA:17,4,0,0
BRDA:17,4,1,0
BRDA:23,5,0,0
BRDA:23,5,1,0
BRF:12
BRH:0
end_of_record
TN:
SF:/Users/jlong/Documents/grapesJS/grapesjs/src/commands/view/Preview.js
FN:6,(anonymous_0)
FN:14,(anonymous_1)
FN:18,(anonymous_2)
FN:27,(anonymous_3)
FN:32,(anonymous_4)
FN:53,(anonymous_5)
FN:59,(anonymous_6)
FN:72,(anonymous_7)
FN:83,(anonymous_8)
FNF:9
FNH:6
FNDA:10,(anonymous_0)
FNDA:0,(anonymous_1)
FNDA:8,(anonymous_2)
FNDA:0,(anonymous_3)
FNDA:5,(anonymous_4)
FNDA:0,(anonymous_5)
FNDA:15,(anonymous_6)
FNDA:3,(anonymous_7)
FNDA:9,(anonymous_8)
DA:3,30
DA:7,10
DA:8,6
DA:11,10
DA:15,0
DA:19,8
DA:20,8
DA:21,8
DA:22,0
DA:23,0
DA:24,0
DA:25,0
DA:26,0
DA:27,0
DA:28,0
DA:33,5
DA:34,5
DA:35,5
DA:37,5
DA:38,4
DA:41,5
DA:42,5
DA:44,5
DA:45,5
DA:46,5
DA:47,5
DA:49,5
DA:50,0
DA:51,0
DA:52,0
DA:53,0
DA:54,0
DA:57,5
DA:59,15
DA:61,5
DA:62,5
DA:63,5
DA:64,5
DA:65,5
DA:66,5
DA:67,5
DA:68,5
DA:69,5
DA:73,3
DA:74,3
DA:75,3
DA:77,3
DA:78,1
DA:79,1
DA:82,3
DA:83,9
DA:85,3
DA:86,3
DA:87,3
DA:88,3
DA:90,3
DA:91,3
DA:94,3
DA:95,3
LF:59
LH:46
BRDA:7,0,0,6
BRDA:7,0,1,4
BRDA:20,1,0,5
BRDA:20,1,1,3
BRDA:21,2,0,0
BRDA:21,2,1,8
BRDA:25,3,0,0
BRDA:25,3,1,0
BRDA:25,4,0,0
BRDA:25,4,1,0
BRDA:27,5,0,0
BRDA:27,5,1,0
BRDA:37,6,0,4
BRDA:37,6,1,1
BRDA:41,7,0,5
BRDA:41,7,1,3
BRDA:49,8,0,0
BRDA:49,8,1,5
BRDA:73,9,0,3
BRDA:74,10,0,3
BRDA:74,10,1,0
BRDA:77,11,0,1
BRDA:77,11,1,2
BRDA:87,12,0,3
BRDA:87,12,1,1
BRDA:90,13,0,3
BRDA:90,13,1,0
BRF:27
BRH:17
end_of_record
TN:
SF:/Users/jlong/Documents/grapesJS/grapesjs/src/commands/view/Resize.js
FN:2,(anonymous_0)
FN:26,(anonymous_1)
FNF:2
FNH:0
FNDA:0,(anonymous_0)
FNDA:0,(anonymous_1)
DA:3,0
DA:4,0
DA:5,0
DA:6,0
DA:7,0
DA:8,0
DA:9,0
DA:10,0
DA:11,0
DA:12,0
DA:15,0
DA:16,0
DA:17,0
DA:20,0
DA:21,0
DA:22,0
DA:23,0
DA:27,0
DA:28,0
LF:19
LH:0
BRDA:3,0,0,0
BRDA:3,0,1,0
BRDA:4,1,0,0
BRDA:4,1,1,0
BRDA:7,2,0,0
BRDA:7,2,1,0
BRDA:15,3,0,0
BRDA:15,3,1,0
BRDA:15,4,0,0
BRDA:15,4,1,0
BRDA:28,5,0,0
BRDA:28,5,1,0
BRF:12
BRH:0
end_of_record
TN:
SF:/Users/jlong/Documents/grapesJS/grapesjs/src/commands/view/SelectComponent.js
FN:37,(anonymous_0)
FN:49,(anonymous_1)
FN:59,(anonymous_2)
FN:68,(anonymous_3)
FN:76,(anonymous_4)
FN:83,(anonymous_5)
FN:104,(anonymous_6)
FN:115,(anonymous_7)
FN:144,(anonymous_8)
FN:149,(anonymous_9)
FN:153,(anonymous_10)
FN:165,(anonymous_11)
FN:179,(anonymous_12)
FN:199,(anonymous_13)
FN:206,(anonymous_14)
FN:213,(anonymous_15)
FN:217,(anonymous_16)
FN:221,(anonymous_17)
FN:225,(anonymous_18)
FN:236,(anonymous_19)
FN:253,(anonymous_20)
FN:264,(anonymous_21)
FN:277,(anonymous_22)
FN:284,(anonymous_23)
FN:293,(anonymous_24)
FN:325,(anonymous_25)
FN:337,(anonymous_26)
FN:373,(anonymous_27)
FN:382,(anonymous_28)
FN:394,(anonymous_29)
FN:397,(anonymous_30)
FN:411,(anonymous_31)
FN:449,(anonymous_32)
FN:453,(anonymous_33)
FN:460,(anonymous_34)
FN:511,(anonymous_35)
FN:555,(anonymous_36)
FN:567,(anonymous_37)
FN:576,(anonymous_38)
FN:584,(anonymous_39)
FN:588,(anonymous_40)
FN:593,(anonymous_41)
FN:602,(anonymous_42)
FN:644,(anonymous_43)
FN:648,(anonymous_44)
FN:685,(anonymous_45)
FN:689,(anonymous_46)
FN:699,(anonymous_47)
FN:707,(anonymous_48)
FN:716,(anonymous_49)
FN:728,(anonymous_50)
FN:732,(anonymous_51)
FN:737,(anonymous_52)
FNF:53
FNH:14
FNDA:49,(anonymous_0)
FNDA:13,(anonymous_1)
FNDA:13,(anonymous_2)
FNDA:61,(anonymous_3)
FNDA:74,(anonymous_4)
FNDA:65,(anonymous_5)
FNDA:74,(anonymous_6)
FNDA:0,(anonymous_7)
FNDA:0,(anonymous_8)
FNDA:61,(anonymous_9)
FNDA:0,(anonymous_10)
FNDA:61,(anonymous_11)
FNDA:0,(anonymous_12)
FNDA:0,(anonymous_13)
FNDA:0,(anonymous_14)
FNDA:61,(anonymous_15)
FNDA:0,(anonymous_16)
FNDA:0,(anonymous_17)
FNDA:113,(anonymous_18)
FNDA:0,(anonymous_19)
FNDA:0,(anonymous_20)
FNDA:0,(anonymous_21)
FNDA:0,(anonymous_22)
FNDA:0,(anonymous_23)
FNDA:0,(anonymous_24)
FNDA:0,(anonymous_25)
FNDA:0,(anonymous_26)
FNDA:0,(anonymous_27)
FNDA:0,(anonymous_28)
FNDA:0,(anonymous_29)
FNDA:0,(anonymous_30)
FNDA:0,(anonymous_31)
FNDA:0,(anonymous_32)
FNDA:0,(anonymous_33)
FNDA:0,(anonymous_34)
FNDA:0,(anonymous_35)
FNDA:0,(anonymous_36)
FNDA:0,(anonymous_37)
FNDA:0,(anonymous_38)
FNDA:0,(anonymous_39)
FNDA:0,(anonymous_40)
FNDA:0,(anonymous_41)
FNDA:61,(anonymous_42)
FNDA:0,(anonymous_43)
FNDA:0,(anonymous_44)
FNDA:0,(anonymous_45)
FNDA:0,(anonymous_46)
FNDA:0,(anonymous_47)
FNDA:0,(anonymous_48)
FNDA:0,(anonymous_49)
FNDA:0,(anonymous_50)
FNDA:13,(anonymous_51)
FNDA:61,(anonymous_52)
DA:14,29
DA:38,49
DA:50,13
DA:51,13
DA:52,13
DA:60,13
DA:61,13
DA:69,61
DA:77,74
DA:78,74
DA:79,74
DA:80,74
DA:81,74
DA:82,74
DA:83,74
DA:84,65
DA:85,65
DA:86,65
DA:87,65
DA:89,74
DA:90,74
DA:91,74
DA:92,74
DA:93,74
DA:98,74
DA:99,74
DA:100,74
DA:101,74
DA:102,74
DA:105,74
DA:106,74
DA:116,0
DA:117,0
DA:118,0
DA:119,0
DA:120,0
DA:121,0
DA:124,0
DA:125,0
DA:126,0
DA:127,0
DA:128,0
DA:133,0
DA:134,0
DA:135,0
DA:136,0
DA:139,0
DA:140,0
DA:141,0
DA:145,0
DA:146,0
DA:150,61
DA:152,61
DA:153,0
DA:154,0
DA:155,0
DA:156,0
DA:157,0
DA:159,0
DA:162,61
DA:163,61
DA:164,61
DA:165,61
DA:166,61
DA:167,61
DA:168,61
DA:180,0
DA:181,0
DA:182,0
DA:183,0
DA:184,0
DA:185,0
DA:187,0
DA:188,0
DA:189,0
DA:192,0
DA:193,0
DA:195,0
DA:196,0
DA:200,0
DA:201,0
DA:202,0
DA:203,0
DA:207,0
DA:208,0
DA:209,0
DA:210,0
DA:214,61
DA:218,0
DA:222,0
DA:226,113
DA:227,113
DA:228,113
DA:237,0
DA:238,0
DA:254,0
DA:265,0
DA:278,0
DA:285,0
DA:294,0
DA:295,0
DA:296,0
DA:297,0
DA:298,0
DA:299,0
DA:301,0
DA:302,0
DA:303,0
DA:304,0
DA:305,0
DA:309,0
DA:310,0
DA:311,0
DA:313,0
DA:314,0
DA:315,0
DA:326,0
DA:327,0
DA:328,0
DA:338,0
DA:339,0
DA:340,0
DA:342,0
DA:343,0
DA:344,0
DA:345,0
DA:346,0
DA:347,0
DA:348,0
DA:352,0
DA:355,0
DA:356,0
DA:357,0
DA:358,0
DA:359,0
DA:360,0
DA:361,0
DA:363,0
DA:364,0
DA:374,0
DA:383,0
DA:384,0
DA:385,0
DA:386,0
DA:387,0
DA:389,0
DA:390,0
DA:391,0
DA:394,0
DA:395,0
DA:396,0
DA:398,0
DA:399,0
DA:400,0
DA:407,0
DA:408,0
DA:409,0
DA:412,0
DA:419,0
DA:420,0
DA:421,0
DA:422,0
DA:423,0
DA:424,0
DA:426,0
DA:427,0
DA:428,0
DA:429,0
DA:432,0
DA:433,0
DA:434,0
DA:435,0
DA:438,0
DA:439,0
DA:440,0
DA:442,0
DA:443,0
DA:444,0
DA:450,0
DA:454,0
DA:455,0
DA:456,0
DA:457,0
DA:461,0
DA:462,0
DA:465,0
DA:473,0
DA:474,0
DA:475,0
DA:476,0
DA:477,0
DA:479,0
DA:480,0
DA:481,0
DA:482,0
DA:485,0
DA:486,0
DA:489,0
DA:490,0
DA:491,0
DA:492,0
DA:496,0
DA:497,0
DA:500,0
DA:502,0
DA:503,0
DA:512,0
DA:513,0
DA:514,0
DA:515,0
DA:517,0
DA:521,0
DA:522,0
DA:525,0
DA:526,0
DA:528,0
DA:529,0
DA:530,0
DA:531,0
DA:532,0
DA:533,0
DA:534,0
DA:539,0
DA:542,0
DA:543,0
DA:544,0
DA:546,0
DA:556,0
DA:557,0
DA:558,0
DA:559,0
DA:560,0
DA:568,0
DA:577,0
DA:585,0
DA:589,0
DA:590,0
DA:594,0
DA:603,61
DA:605,61
DA:606,61
DA:607,61
DA:610,0
DA:611,0
DA:612,0
DA:614,0
DA:615,0
DA:616,0
DA:617,0
DA:620,0
DA:621,0
DA:622,0
DA:625,0
DA:626,0
DA:627,0
DA:628,0
DA:629,0
DA:631,0
DA:638,0
DA:639,0
DA:640,0
DA:641,0
DA:645,0
DA:649,0
DA:651,0
DA:652,0
DA:653,0
DA:654,0
DA:657,0
DA:658,0
DA:660,0
DA:661,0
DA:662,0
DA:665,0
DA:666,0
DA:667,0
DA:672,0
DA:673,0
DA:674,0
DA:675,0
DA:676,0
DA:677,0
DA:679,0
DA:686,0
DA:690,0
DA:700,0
DA:708,0
DA:717,0
DA:729,0
DA:733,13
DA:734,13
DA:738,61
DA:739,61
DA:740,61
DA:741,61
DA:742,61
DA:743,61
LF:297
LH:56
BRDA:61,0,0,13
BRDA:61,0,1,0
BRDA:80,1,0,13
BRDA:80,1,1,61
BRDA:82,2,0,74
BRDA:82,2,1,13
BRDA:82,2,2,4
BRDA:106,3,0,74
BRDA:106,3,1,65
BRDA:119,4,0,0
BRDA:119,4,1,0
BRDA:124,5,0,0
BRDA:124,5,1,0
BRDA:126,6,0,0
BRDA:126,6,1,0
BRDA:126,6,2,0
BRDA:133,7,0,0
BRDA:133,7,1,0
BRDA:133,8,0,0
BRDA:133,8,1,0
BRDA:134,9,0,0
BRDA:134,9,1,0
BRDA:135,10,0,0
BRDA:135,10,1,0
BRDA:141,11,0,0
BRDA:141,11,1,0
BRDA:152,12,0,0
BRDA:152,12,1,61
BRDA:159,13,0,0
BRDA:159,13,1,0
BRDA:167,14,0,61
BRDA:167,14,1,52
BRDA:168,15,0,61
BRDA:168,15,1,52
BRDA:182,16,0,0
BRDA:182,16,1,0
BRDA:183,17,0,0
BRDA:183,17,1,0
BRDA:184,18,0,0
BRDA:184,18,1,0
BRDA:187,19,0,0
BRDA:187,19,1,0
BRDA:187,20,0,0
BRDA:187,20,1,0
BRDA:201,21,0,0
BRDA:201,21,1,0
BRDA:208,22,0,0
BRDA:208,22,1,0
BRDA:214,23,0,61
BRDA:214,23,1,61
BRDA:218,24,0,0
BRDA:218,24,1,0
BRDA:225,25,0,61
BRDA:226,26,0,113
BRDA:226,26,1,61
BRDA:227,27,0,113
BRDA:227,27,1,104
BRDA:227,28,0,0
BRDA:227,28,1,104
BRDA:228,29,0,113
BRDA:228,29,1,9
BRDA:236,30,0,0
BRDA:237,31,0,0
BRDA:237,31,1,0
BRDA:278,32,0,0
BRDA:278,32,1,0
BRDA:297,33,0,0
BRDA:297,33,1,0
BRDA:301,34,0,0
BRDA:301,34,1,0
BRDA:303,35,0,0
BRDA:303,35,1,0
BRDA:303,35,2,0
BRDA:309,36,0,0
BRDA:309,36,1,0
BRDA:310,37,0,0
BRDA:310,37,1,0
BRDA:314,38,0,0
BRDA:314,38,1,0
BRDA:325,39,0,0
BRDA:326,40,0,0
BRDA:326,40,1,0
BRDA:337,41,0,0
BRDA:339,42,0,0
BRDA:339,42,1,0
BRDA:339,43,0,0
BRDA:339,43,1,0
BRDA:342,44,0,0
BRDA:342,44,1,0
BRDA:345,45,0,0
BRDA:345,45,1,0
BRDA:349,46,0,0
BRDA:349,46,1,0
BRDA:352,47,0,0
BRDA:352,47,1,0
BRDA:358,48,0,0
BRDA:358,48,1,0
BRDA:360,49,0,0
BRDA:360,49,1,0
BRDA:361,50,0,0
BRDA:361,50,1,0
BRDA:384,51,0,0
BRDA:384,51,1,0
BRDA:385,52,0,0
BRDA:385,52,1,0
BRDA:386,53,0,0
BRDA:386,53,1,0
BRDA:389,54,0,0
BRDA:389,54,1,0
BRDA:389,55,0,0
BRDA:389,55,1,0
BRDA:390,56,0,0
BRDA:390,56,1,0
BRDA:396,57,0,0
BRDA:396,57,1,0
BRDA:399,58,0,0
BRDA:399,58,1,0
BRDA:400,59,0,0
BRDA:400,59,1,0
BRDA:407,60,0,0
BRDA:407,60,1,0
BRDA:407,61,0,0
BRDA:407,61,1,0
BRDA:408,62,0,0
BRDA:408,62,1,0
BRDA:411,63,0,0
BRDA:427,64,0,0
BRDA:427,64,1,0
BRDA:428,65,0,0
BRDA:428,65,1,0
BRDA:433,66,0,0
BRDA:433,66,1,0
BRDA:434,67,0,0
BRDA:434,67,1,0
BRDA:442,68,0,0
BRDA:442,68,1,0
BRDA:460,69,0,0
BRDA:461,70,0,0
BRDA:461,70,1,0
BRDA:477,71,0,0
BRDA:477,71,1,0
BRDA:479,72,0,0
BRDA:479,72,1,0
BRDA:481,73,0,0
BRDA:481,73,1,0
BRDA:482,74,0,0
BRDA:482,74,1,0
BRDA:485,75,0,0
BRDA:485,75,1,0
BRDA:486,76,0,0
BRDA:486,76,1,0
BRDA:492,77,0,0
BRDA:492,77,1,0
BRDA:496,78,0,0
BRDA:496,78,1,0
BRDA:513,79,0,0
BRDA:513,79,1,0
BRDA:517,80,0,0
BRDA:517,80,1,0
BRDA:528,81,0,0
BRDA:528,81,1,0
BRDA:528,82,0,0
BRDA:528,82,1,0
BRDA:528,82,2,0
BRDA:531,83,0,0
BRDA:531,83,1,0
BRDA:576,84,0,0
BRDA:594,85,0,0
BRDA:594,85,1,0
BRDA:603,86,0,61
BRDA:603,86,1,61
BRDA:605,87,0,61
BRDA:605,87,1,0
BRDA:612,88,0,0
BRDA:612,88,1,0
BRDA:614,89,0,0
BRDA:614,89,1,0
BRDA:614,90,0,0
BRDA:614,90,1,0
BRDA:620,91,0,0
BRDA:620,91,1,0
BRDA:648,92,0,0
BRDA:651,93,0,0
BRDA:651,93,1,0
BRDA:660,94,0,0
BRDA:660,94,1,0
BRDA:660,95,0,0
BRDA:660,95,1,0
BRDA:717,96,0,0
BRDA:717,96,1,0
BRDA:733,97,0,13
BRDA:733,97,1,13
BRDA:737,98,0,0
BRDA:741,99,0,61
BRDA:741,99,1,22
BRDA:743,100,0,61
BRDA:743,100,1,0
BRF:197
BRH:31
end_of_record
TN:
SF:/Users/jlong/Documents/grapesJS/grapesjs/src/commands/view/SelectPosition.js
FN:10,(anonymous_0)
FN:28,(anonymous_1)
FN:40,(anonymous_2)
FN:52,(anonymous_3)
FN:82,(anonymous_4)
FN:94,(anonymous_5)
FN:109,(anonymous_6)
FN:113,(anonymous_7)
FNF:8
FNH:0
FNDA:0,(anonymous_0)
FNDA:0,(anonymous_1)
FNDA:0,(anonymous_2)
FNDA:0,(anonymous_3)
FNDA:0,(anonymous_4)
FNDA:0,(anonymous_5)
FNDA:0,(anonymous_6)
FNDA:0,(anonymous_7)
DA:2,29
DA:11,0
DA:12,0
DA:13,0
DA:15,0
DA:16,0
DA:28,0
DA:31,0
DA:32,0
DA:41,0
DA:42,0
DA:43,0
DA:44,0
DA:45,0
DA:53,0
DA:54,0
DA:58,0
DA:59,0
DA:60,0
DA:62,0
DA:63,0
DA:67,0
DA:73,0
DA:74,0
DA:83,0
DA:95,0
DA:96,0
DA:97,0
DA:98,0
DA:99,0
DA:105,0
DA:106,0
DA:110,0
DA:114,0
DA:115,0
DA:116,0
LF:36
LH:1
BRDA:10,0,0,0
BRDA:15,1,0,0
BRDA:15,1,1,0
BRDA:15,2,0,0
BRDA:15,2,1,0
[...]
DA:462,0
DA:464,0
DA:465,0
DA:467,0
DA:468,0
DA:469,0
DA:471,0
DA:472,0
DA:473,0
DA:475,0
DA:476,0
DA:479,0
DA:483,0
DA:484,0
DA:488,0
DA:489,0
DA:490,0
DA:493,0
DA:497,0
DA:505,0
DA:518,0
DA:522,0
DA:523,0
DA:535,0
DA:537,0
DA:538,0
DA:540,0
DA:541,0
DA:542,0
DA:543,0
DA:554,0
DA:555,0
DA:556,0
DA:557,0
DA:559,0
DA:560,0
DA:561,0
DA:566,0
DA:567,0
DA:571,0
DA:573,0
DA:575,0
DA:580,0
DA:582,0
DA:587,0
DA:589,0
DA:598,0
DA:599,0
DA:600,0
DA:601,0
DA:602,0
DA:610,0
DA:611,0
DA:612,0
DA:616,0
DA:617,0
DA:618,0
DA:619,0
DA:620,0
DA:623,0
DA:624,0
DA:625,0
DA:626,0
DA:627,0
DA:628,0
DA:630,0
DA:632,0
DA:633,0
DA:636,0
DA:647,0
DA:648,0
DA:650,0
DA:651,0
DA:655,0
DA:656,0
DA:660,0
DA:661,0
DA:664,0
DA:665,0
DA:669,0
DA:670,0
DA:674,0
DA:675,0
DA:678,0
DA:679,0
DA:681,0
DA:682,0
DA:685,0
DA:686,0
DA:687,0
DA:688,0
DA:692,0
DA:695,0
DA:699,0
DA:703,0
DA:705,0
DA:706,0
DA:707,0
DA:711,0
DA:712,0
DA:722,0
DA:724,0
DA:725,0
DA:726,0
DA:727,0
DA:730,0
DA:731,0
DA:736,0
DA:737,0
DA:741,0
DA:742,0
DA:746,0
DA:747,0
DA:751,0
DA:752,0
DA:754,0
DA:755,0
DA:758,0
DA:763,0
DA:764,0
DA:766,0
DA:767,0
DA:771,0
DA:779,0
DA:780,0
DA:781,0
DA:782,0
DA:783,0
DA:784,0
DA:785,0
DA:786,0
DA:788,0
DA:794,0
DA:799,0
DA:800,0
DA:801,0
DA:802,0
DA:811,0
DA:814,0
DA:815,0
DA:816,0
DA:817,0
DA:818,0
DA:819,0
DA:820,0
DA:821,0
DA:823,0
DA:824,0
DA:827,0
DA:830,0
DA:831,0
DA:834,0
DA:843,0
DA:844,0
DA:847,0
DA:848,0
DA:849,0
DA:852,0
DA:855,0
DA:856,0
DA:857,0
DA:859,0
DA:860,0
DA:863,0
DA:864,0
DA:866,0
DA:867,0
DA:868,0
DA:870,0
DA:871,0
DA:874,0
DA:885,0
DA:886,0
DA:887,0
DA:888,0
DA:889,0
DA:890,0
DA:891,0
DA:892,0
DA:893,0
DA:894,0
DA:896,0
DA:907,0
DA:908,0
DA:909,0
DA:910,0
DA:911,0
DA:912,0
DA:913,0
DA:914,0
DA:915,0
DA:917,0
DA:918,0
DA:920,0
DA:922,0
DA:924,0
DA:926,0
DA:928,0
DA:933,0
DA:934,0
DA:935,0
DA:937,0
DA:938,0
DA:940,0
DA:941,0
DA:942,0
DA:944,0
DA:945,0
DA:949,0
DA:950,0
DA:951,0
DA:952,0
DA:955,0
DA:966,0
DA:967,0
DA:968,0
DA:969,0
DA:970,0
DA:971,0
DA:972,0
DA:973,0
DA:974,0
DA:977,0
DA:978,0
DA:980,0
DA:982,0
DA:983,0
DA:984,0
DA:985,0
DA:986,0
DA:988,0
DA:989,0
DA:991,0
DA:992,0
DA:993,0
DA:994,0
DA:997,0
DA:998,0
DA:999,0
DA:1001,0
DA:1002,0
DA:1003,0
DA:1004,0
DA:1005,0
DA:1008,0
DA:1009,0
DA:1010,0
DA:1011,0
DA:1021,0
DA:1022,0
DA:1023,0
DA:1024,0
DA:1025,0
DA:1026,0
DA:1028,0
DA:1029,0
DA:1030,0
DA:1031,0
DA:1033,0
DA:1034,0
DA:1035,0
DA:1036,0
DA:1037,0
DA:1041,0
DA:1042,0
DA:1043,0
DA:1044,0
DA:1045,0
DA:1049,0
DA:1050,0
DA:1052,0
DA:1053,0
DA:1054,0
DA:1057,0
DA:1058,0
DA:1059,0
DA:1061,0
DA:1062,0
DA:1063,0
DA:1065,0
DA:1066,0
DA:1071,0
DA:1072,0
DA:1084,0
DA:1085,0
DA:1086,0
DA:1087,0
DA:1088,0
DA:1090,0
DA:1091,0
DA:1092,0
DA:1093,0
DA:1094,0
DA:1095,0
DA:1096,0
DA:1097,0
DA:1098,0
DA:1099,0
DA:1101,0
DA:1102,0
DA:1103,0
DA:1105,0
DA:1107,0
DA:1108,0
DA:1110,0
DA:1111,0
DA:1114,0
DA:1115,0
DA:1116,0
DA:1119,0
DA:1120,0
DA:1121,0
DA:1122,0
DA:1123,0
DA:1124,0
DA:1125,0
DA:1126,0
DA:1127,0
DA:1128,0
DA:1130,0
DA:1133,0
DA:1134,0
DA:1136,0
DA:1140,0
DA:1142,0
DA:1143,0
DA:1146,0
DA:1147,0
DA:1150,0
DA:1151,0
DA:1154,0
DA:1157,0
DA:1158,0
DA:1168,0
DA:1177,0
DA:1178,0
DA:1180,0
DA:1181,0
DA:1182,0
LF:551
LH:38
BRDA:23,0,0,148
BRDA:23,0,1,0
BRDA:33,1,0,148
BRDA:33,1,1,0
BRDA:36,2,0,148
BRDA:36,2,1,148
BRDA:39,3,0,0
BRDA:39,3,1,148
BRDA:42,4,0,148
BRDA:42,4,1,0
BRDA:43,5,0,148
BRDA:43,5,1,0
BRDA:44,6,0,148
BRDA:44,6,1,148
BRDA:45,7,0,148
BRDA:45,7,1,148
BRDA:46,8,0,148
BRDA:46,8,1,28
BRDA:47,9,0,148
BRDA:47,9,1,148
BRDA:48,10,0,148
BRDA:48,10,1,148
BRDA:49,11,0,148
BRDA:49,11,1,148
BRDA:50,12,0,148
BRDA:50,12,1,148
BRDA:51,13,0,148
BRDA:51,13,1,148
BRDA:52,14,0,148
BRDA:52,14,1,148
BRDA:53,15,0,148
BRDA:53,15,1,148
BRDA:54,16,0,148
BRDA:54,16,1,0
BRDA:55,17,0,148
BRDA:55,17,1,148
BRDA:56,18,0,148
BRDA:56,18,1,148
BRDA:58,19,0,148
BRDA:58,19,1,148
BRDA:59,20,0,148
BRDA:59,20,1,148
BRDA:60,21,0,148
BRDA:60,21,1,148
BRDA:61,22,0,148
BRDA:61,22,1,148
BRDA:64,23,0,148
BRDA:64,23,1,148
BRDA:66,24,0,148
BRDA:66,24,1,148
BRDA:71,25,0,0
BRDA:71,25,1,148
BRDA:71,26,0,148
BRDA:71,26,1,0
BRDA:78,27,0,0
BRDA:78,27,1,0
BRDA:82,28,0,0
BRDA:82,28,1,0
BRDA:84,29,0,0
BRDA:84,29,1,0
BRDA:86,30,0,0
BRDA:86,30,1,0
BRDA:94,31,0,0
BRDA:94,31,1,0
BRDA:96,32,0,0
BRDA:96,32,1,0
BRDA:98,33,0,0
BRDA:98,33,1,0
BRDA:106,34,0,0
BRDA:106,34,1,0
BRDA:125,35,0,0
BRDA:125,35,1,0
BRDA:129,36,0,0
BRDA:129,36,1,0
BRDA:138,37,0,0
BRDA:138,37,1,0
BRDA:142,38,0,0
BRDA:142,38,1,0
BRDA:144,39,0,0
BRDA:144,39,1,0
BRDA:154,40,0,0
BRDA:154,40,1,0
BRDA:158,41,0,0
BRDA:158,41,1,0
BRDA:158,42,0,0
BRDA:158,42,1,0
BRDA:167,43,0,0
BRDA:167,43,1,0
BRDA:184,44,0,0
BRDA:184,44,1,0
BRDA:187,45,0,0
BRDA:187,45,1,0
BRDA:204,46,0,0
BRDA:204,46,1,0
BRDA:204,47,0,0
BRDA:204,47,1,0
BRDA:212,48,0,0
BRDA:212,48,1,0
BRDA:221,49,0,0
BRDA:221,49,1,0
BRDA:250,50,0,0
BRDA:250,50,1,0
BRDA:252,51,0,0
BRDA:252,51,1,0
BRDA:253,52,0,0
BRDA:253,52,1,0
BRDA:292,53,0,0
BRDA:308,54,0,0
BRDA:308,54,1,0
BRDA:308,55,0,0
BRDA:308,55,1,0
BRDA:315,56,0,0
BRDA:315,56,1,0
BRDA:321,57,0,0
BRDA:321,57,1,0
BRDA:323,58,0,0
BRDA:323,58,1,0
BRDA:323,58,2,0
BRDA:330,59,0,0
BRDA:330,59,1,0
BRDA:333,60,0,0
BRDA:333,60,1,0
BRDA:334,61,0,0
BRDA:334,61,1,0
BRDA:338,62,0,0
BRDA:338,62,1,0
BRDA:341,63,0,0
BRDA:341,63,1,0
BRDA:349,64,0,0
BRDA:349,64,1,0
BRDA:357,65,0,0
BRDA:357,66,0,0
BRDA:359,67,0,0
BRDA:359,67,1,0
BRDA:362,68,0,0
BRDA:362,68,1,0
BRDA:362,68,2,0
BRDA:362,68,3,0
BRDA:362,68,4,0
BRDA:368,69,0,0
BRDA:368,69,1,0
BRDA:368,70,0,0
BRDA:368,70,1,0
BRDA:369,71,0,0
BRDA:369,71,1,0
BRDA:373,72,0,0
BRDA:373,72,1,0
BRDA:382,73,0,0
BRDA:382,73,1,0
BRDA:385,74,0,0
BRDA:385,74,1,0
BRDA:393,75,0,0
BRDA:393,75,1,0
BRDA:401,76,0,0
BRDA:401,76,1,0
BRDA:407,77,0,0
BRDA:407,77,1,0
BRDA:407,78,0,0
BRDA:407,78,1,0
BRDA:413,79,0,0
BRDA:413,79,1,0
BRDA:413,80,0,0
BRDA:413,80,1,0
BRDA:417,81,0,0
BRDA:417,81,1,0
BRDA:417,82,0,0
BRDA:417,82,1,0
BRDA:434,83,0,0
BRDA:434,83,1,0
BRDA:434,84,0,0
BRDA:434,84,1,0
BRDA:438,85,0,0
BRDA:438,85,1,0
BRDA:439,86,0,0
BRDA:439,86,1,0
BRDA:443,87,0,0
BRDA:443,87,1,0
BRDA:443,88,0,0
BRDA:443,88,1,0
BRDA:459,89,0,0
BRDA:459,89,1,0
BRDA:461,90,0,0
BRDA:461,90,1,0
BRDA:462,91,0,0
BRDA:462,91,1,0
BRDA:467,92,0,0
BRDA:467,92,1,0
BRDA:479,93,0,0
BRDA:479,93,1,0
BRDA:480,94,0,0
BRDA:480,94,1,0
BRDA:480,94,2,0
BRDA:484,95,0,0
BRDA:484,95,1,0
BRDA:488,96,0,0
BRDA:488,96,1,0
BRDA:489,97,0,0
BRDA:489,97,1,0
BRDA:490,98,0,0
BRDA:490,98,1,0
BRDA:497,99,0,0
BRDA:497,99,1,0
BRDA:502,100,0,0
BRDA:502,100,1,0
BRDA:505,101,0,0
BRDA:505,101,1,0
BRDA:518,102,0,0
BRDA:518,102,1,0
BRDA:518,102,2,0
BRDA:518,102,3,0
BRDA:518,102,4,0
BRDA:523,103,0,0
BRDA:523,103,1,0
BRDA:535,104,0,0
BRDA:535,104,1,0
BRDA:537,105,0,0
BRDA:537,105,1,0
BRDA:542,106,0,0
BRDA:542,106,1,0
BRDA:554,107,0,0
BRDA:554,107,1,0
BRDA:555,108,0,0
BRDA:555,108,1,0
BRDA:557,109,0,0
BRDA:557,109,1,0
BRDA:559,110,0,0
BRDA:559,110,1,0
BRDA:559,111,0,0
BRDA:559,111,1,0
BRDA:560,112,0,0
BRDA:560,112,1,0
BRDA:561,113,0,0
BRDA:561,113,1,0
BRDA:562,114,0,0
BRDA:562,114,1,0
BRDA:562,114,2,0
BRDA:567,115,0,0
BRDA:567,115,1,0
BRDA:567,115,2,0
BRDA:567,115,3,0
BRDA:575,116,0,0
BRDA:575,116,1,0
BRDA:575,116,2,0
BRDA:575,116,3,0
BRDA:582,117,0,0
BRDA:582,117,1,0
BRDA:582,117,2,0
BRDA:582,117,3,0
BRDA:600,118,0,0
BRDA:600,118,1,0
BRDA:600,118,2,0
BRDA:601,119,0,0
BRDA:601,119,1,0
BRDA:601,119,2,0
BRDA:610,120,0,0
BRDA:610,120,1,0
BRDA:610,121,0,0
BRDA:610,121,1,0
BRDA:617,122,0,0
BRDA:617,122,1,0
BRDA:619,123,0,0
BRDA:619,123,1,0
BRDA:624,124,0,0
BRDA:624,124,1,0
BRDA:625,125,0,0
BRDA:625,125,1,0
BRDA:627,126,0,0
BRDA:627,126,1,0
BRDA:629,127,0,0
BRDA:629,127,1,0
BRDA:629,128,0,0
BRDA:629,128,1,0
BRDA:632,129,0,0
BRDA:632,129,1,0
BRDA:632,130,0,0
BRDA:632,130,1,0
BRDA:650,131,0,0
BRDA:650,131,1,0
BRDA:655,132,0,0
BRDA:655,132,1,0
BRDA:660,133,0,0
BRDA:660,133,1,0
BRDA:664,134,0,0
BRDA:664,134,1,0
BRDA:669,135,0,0
BRDA:669,135,1,0
BRDA:669,136,0,0
BRDA:669,136,1,0
BRDA:674,137,0,0
BRDA:674,137,1,0
BRDA:679,138,0,0
BRDA:679,138,1,0
BRDA:681,139,0,0
BRDA:681,139,1,0
BRDA:681,140,0,0
BRDA:681,140,1,0
BRDA:692,141,0,0
BRDA:692,141,1,0
BRDA:699,142,0,0
BRDA:699,142,1,0
BRDA:700,143,0,0
BRDA:700,143,1,0
BRDA:700,143,2,0
BRDA:705,144,0,0
BRDA:705,144,1,0
BRDA:705,145,0,0
BRDA:705,145,1,0
BRDA:730,146,0,0
BRDA:730,146,1,0
BRDA:736,147,0,0
BRDA:736,147,1,0
BRDA:741,148,0,0
BRDA:741,148,1,0
BRDA:741,149,0,0
BRDA:741,149,1,0
BRDA:746,150,0,0
BRDA:746,150,1,0
BRDA:752,151,0,0
BRDA:752,151,1,0
BRDA:754,152,0,0
BRDA:754,152,1,0
BRDA:754,153,0,0
BRDA:754,153,1,0
BRDA:763,154,0,0
BRDA:763,154,1,0
BRDA:766,155,0,0
BRDA:766,155,1,0
BRDA:766,156,0,0
BRDA:766,156,1,0
BRDA:788,157,0,0
BRDA:788,157,1,0
BRDA:789,158,0,0
BRDA:789,158,1,0
BRDA:789,158,2,0
BRDA:789,158,3,0
BRDA:800,159,0,0
BRDA:800,159,1,0
BRDA:801,160,0,0
BRDA:801,160,1,0
BRDA:814,161,0,0
BRDA:814,161,1,0
BRDA:814,162,0,0
BRDA:814,162,1,0
BRDA:824,163,0,0
BRDA:824,163,1,0
BRDA:826,164,0,0
BRDA:826,164,1,0
BRDA:827,165,0,0
BRDA:827,165,1,0
BRDA:829,166,0,0
BRDA:829,166,1,0
BRDA:844,167,0,0
BRDA:844,167,1,0
BRDA:848,168,0,0
BRDA:848,168,1,0
BRDA:848,169,0,0
BRDA:848,169,1,0
BRDA:848,169,2,0
BRDA:849,170,0,0
BRDA:849,170,1,0
BRDA:857,171,0,0
BRDA:857,171,1,0
BRDA:857,172,0,0
BRDA:857,172,1,0
BRDA:859,173,0,0
BRDA:859,173,1,0
BRDA:859,174,0,0
BRDA:859,174,1,0
BRDA:866,175,0,0
BRDA:866,175,1,0
BRDA:867,176,0,0
BRDA:867,176,1,0
BRDA:887,177,0,0
BRDA:887,177,1,0
BRDA:888,178,0,0
BRDA:888,178,1,0
BRDA:893,179,0,0
BRDA:893,179,1,0
BRDA:893,180,0,0
BRDA:893,180,1,0
BRDA:893,180,2,0
BRDA:893,180,3,0
BRDA:928,181,0,0
BRDA:928,181,1,0
BRDA:929,182,0,0
BRDA:929,182,1,0
BRDA:929,182,2,0
BRDA:929,182,3,0
BRDA:929,182,4,0
BRDA:929,182,5,0
BRDA:937,183,0,0
BRDA:937,183,1,0
BRDA:938,184,0,0
BRDA:938,184,1,0
BRDA:940,185,0,0
BRDA:940,185,1,0
BRDA:949,186,0,0
BRDA:949,186,1,0
BRDA:980,187,0,0
BRDA:980,187,1,0
BRDA:982,188,0,0
BRDA:982,188,1,0
BRDA:986,189,0,0
BRDA:986,189,1,0
BRDA:993,190,0,0
BRDA:993,190,1,0
BRDA:997,191,0,0
BRDA:997,191,1,0
BRDA:1001,192,0,0
BRDA:1001,192,1,0
BRDA:1010,193,0,0
BRDA:1010,193,1,0
BRDA:1011,194,0,0
BRDA:1011,194,1,0
BRDA:1033,195,0,0
BRDA:1033,195,1,0
BRDA:1035,196,0,0
BRDA:1035,196,1,0
BRDA:1035,197,0,0
BRDA:1035,197,1,0
BRDA:1035,197,2,0
BRDA:1041,198,0,0
BRDA:1041,198,1,0
BRDA:1043,199,0,0
BRDA:1043,199,1,0
BRDA:1043,200,0,0
BRDA:1043,200,1,0
BRDA:1049,201,0,0
BRDA:1049,201,1,0
BRDA:1052,202,0,0
BRDA:1052,202,1,0
BRDA:1065,203,0,0
BRDA:1065,203,1,0
BRDA:1068,204,0,0
BRDA:1068,204,1,0
BRDA:1069,205,0,0
BRDA:1069,205,1,0
BRDA:1071,206,0,0
BRDA:1071,206,1,0
BRDA:1086,207,0,0
BRDA:1086,207,1,0
BRDA:1098,208,0,0
BRDA:1098,208,1,0
BRDA:1101,209,0,0
BRDA:1101,209,1,0
BRDA:1101,210,0,0
BRDA:1101,210,1,0
BRDA:1101,210,2,0
BRDA:1102,211,0,0
BRDA:1102,211,1,0
BRDA:1105,212,0,0
BRDA:1105,212,1,0
BRDA:1110,213,0,0
BRDA:1110,213,1,0
BRDA:1119,214,0,0
BRDA:1119,214,1,0
BRDA:1128,215,0,0
BRDA:1128,215,1,0
BRDA:1133,216,0,0
BRDA:1133,216,1,0
BRDA:1142,217,0,0
BRDA:1142,217,1,0
BRDA:1146,218,0,0
BRDA:1146,218,1,0
BRDA:1150,219,0,0
BRDA:1150,219,1,0
BRDA:1157,220,0,0
BRDA:1157,220,1,0
BRDA:1158,221,0,0
BRDA:1158,221,1,0
BRDA:1178,222,0,0
BRDA:1178,222,1,0
BRDA:1180,223,0,0
BRDA:1180,223,1,0
BRF:474
BRH:46
end_of_record
TN:
SF:/Users/jlong/Documents/grapesJS/grapesjs/src/utils/dom.js
FN:11,(anonymous_0)
FN:13,(anonymous_1)
FN:19,(anonymous_2)
FN:23,(anonymous_3)
FN:27,(anonymous_4)
FN:45,(anonymous_5)
FN:47,(anonymous_6)
FN:49,(anonymous_7)
FN:63,(anonymous_8)
FN:73,(anonymous_9)
FN:75,(anonymous_10)
FN:88,(anonymous_11)
FN:90,(anonymous_12)
FN:95,(anonymous_13)
FNF:14
FNH:4
FNDA:0,(anonymous_0)
FNDA:0,(anonymous_1)
FNDA:0,(anonymous_2)
FNDA:0,(anonymous_3)
FNDA:3553,(anonymous_4)
FNDA:156,(anonymous_5)
FNDA:117,(anonymous_6)
FNDA:195,(anonymous_7)
FNDA:0,(anonymous_8)
FNDA:0,(anonymous_9)
FNDA:0,(anonymous_10)
FNDA:0,(anonymous_11)
FNDA:0,(anonymous_12)
FNDA:0,(anonymous_13)
DA:4,70
DA:5,70
DA:6,70
DA:9,70
DA:11,70
DA:13,70
DA:14,0
DA:19,70
DA:20,0
DA:23,70
DA:24,0
DA:27,70
DA:28,3553
DA:29,3553
DA:30,3553
DA:32,3553
DA:33,39
DA:34,39
DA:35,39
DA:38,3553
DA:39,3553
DA:41,0
DA:45,156
DA:47,70
DA:48,117
DA:49,195
DA:51,117
DA:52,78
DA:53,0
DA:56,117
DA:63,70
DA:65,0
DA:66,0
DA:68,0
DA:69,0
DA:71,0
DA:72,0
DA:73,0
DA:74,0
DA:76,0
DA:80,0
DA:88,70
DA:89,0
DA:90,0
DA:91,0
DA:92,0
DA:93,0
DA:95,0
DA:96,0
DA:99,0
LF:50
LH:27
BRDA:11,0,0,0
BRDA:11,0,1,0
BRDA:15,1,0,0
BRDA:15,1,1,0
BRDA:15,2,0,0
BRDA:15,2,1,0
BRDA:15,2,2,0
BRDA:30,3,0,3553
BRDA:30,3,1,0
BRDA:32,4,0,39
BRDA:32,4,1,3514
BRDA:38,5,0,3553
BRDA:38,5,1,0
BRDA:47,6,0,0
BRDA:49,7,0,117
BRDA:49,7,1,117
BRDA:51,8,0,78
BRDA:51,8,1,39
BRDA:52,9,0,78
BRDA:52,9,1,0
BRDA:88,10,0,0
BRDA:89,11,0,0
BRDA:89,11,1,0
BRDA:91,12,0,0
BRDA:91,12,1,0
BRDA:92,13,0,0
BRDA:92,13,1,0
BRF:27
BRH:9
end_of_record
TN:
SF:/Users/jlong/Documents/grapesJS/grapesjs/src/utils/extender.js
FN:3,(anonymous_0)
FN:9,(anonymous_1)
FN:13,(anonymous_2)
FN:17,(anonymous_3)
FN:56,(anonymous_4)
FN:60,(anonymous_5)
FN:72,(anonymous_6)
FN:76,(anonymous_7)
FN:80,(anonymous_8)
FN:84,(anonymous_9)
FN:89,(anonymous_10)
FN:95,(anonymous_11)
FN:102,(anonymous_12)
FN:110,(anonymous_13)
FN:128,(anonymous_14)
FN:140,(anonymous_15)
FN:144,(anonymous_16)
FN:150,(anonymous_17)
FNF:18
FNH:11
FNDA:70,(anonymous_0)
FNDA:337,(anonymous_1)
FNDA:1175,(anonymous_2)
FNDA:2,(anonymous_3)
FNDA:1665,(anonymous_4)
FNDA:0,(anonymous_5)
FNDA:187,(anonymous_6)
FNDA:185,(anonymous_7)
FNDA:185,(anonymous_8)
FNDA:370,(anonymous_9)
FNDA:0,(anonymous_10)
FNDA:0,(anonymous_11)
FNDA:0,(anonymous_12)
FNDA:0,(anonymous_13)
FNDA:370,(anonymous_14)
FNDA:185,(anonymous_15)
FNDA:0,(anonymous_16)
FNDA:0,(anonymous_17)
DA:4,70
DA:5,70
DA:9,70
DA:10,337
DA:13,70
DA:14,1175
DA:17,70
DA:18,2
DA:19,2
DA:20,2
DA:56,70
DA:57,1665
DA:60,70
DA:61,0
DA:62,0
DA:63,0
DA:66,0
DA:68,0
DA:72,70
DA:73,187
DA:76,70
DA:77,185
DA:80,70
DA:81,185
DA:84,70
DA:85,370
DA:86,185
DA:89,370
DA:90,0
DA:91,0
DA:95,70
DA:96,0
DA:97,0
DA:98,0
DA:99,0
DA:102,70
DA:103,0
DA:104,0
DA:105,0
DA:106,0
DA:109,70
DA:110,70
DA:113,0
DA:114,0
DA:115,0
DA:118,0
DA:119,0
DA:121,0
DA:122,0
DA:125,0
DA:128,70
DA:129,370
DA:131,370
DA:132,370
DA:135,370
DA:138,70
DA:140,70
DA:141,185
DA:144,70
DA:145,0
DA:146,0
DA:149,0
DA:150,0
LF:63
LH:36
BRDA:4,0,0,70
BRDA:4,0,1,0
BRDA:4,1,0,70
BRDA:4,1,1,70
BRDA:19,2,0,2
BRDA:19,2,1,2
BRDA:61,3,0,0
BRDA:61,3,1,0
BRDA:63,4,0,0
BRDA:63,4,1,0
BRDA:73,5,0,185
BRDA:73,5,1,2
BRDA:77,6,0,185
BRDA:77,6,1,0
BRDA:81,7,0,185
BRDA:81,7,1,0
BRDA:85,8,0,185
BRDA:85,8,1,185
BRDA:97,9,0,0
BRDA:97,9,1,0
BRDA:98,10,0,0
BRDA:98,10,1,0
BRDA:99,11,0,0
BRDA:99,11,1,0
BRDA:99,12,0,0
BRDA:99,12,1,0
BRDA:104,13,0,0
BRDA:104,13,1,0
BRDA:105,14,0,0
BRDA:105,14,1,0
BRDA:106,15,0,0
BRDA:106,15,1,0
BRDA:106,16,0,0
BRDA:106,16,1,0
BRDA:113,17,0,0
BRDA:113,17,1,0
BRDA:118,18,0,0
BRDA:118,18,1,0
BRDA:121,19,0,0
BRDA:121,19,1,0
BRDA:141,20,0,0
BRDA:141,20,1,185
BRDA:145,21,0,0
BRDA:145,21,1,0
BRF:44
BRH:12
end_of_record
TN:
SF:/Users/jlong/Documents/grapesJS/grapesjs/src/utils/fetch.js
FN:7,(anonymous_0)
FN:8,(anonymous_1)
FN:17,(anonymous_2)
FN:21,(anonymous_3)
FNF:4
FNH:0
FNDA:0,(anonymous_0)
FNDA:0,(anonymous_1)
FNDA:0,(anonymous_2)
FNDA:0,(anonymous_3)
DA:3,70
DA:8,0
DA:9,0
DA:10,0
DA:11,0
DA:13,0
DA:14,0
DA:17,0
DA:18,0
DA:21,0
DA:23,0
DA:26,0
DA:27,0
DA:31,0
LF:14
LH:1
BRDA:3,0,0,70
BRDA:3,0,1,0
BRDA:5,1,0,70
BRDA:5,1,1,0
BRDA:10,2,0,0
BRDA:10,2,1,0
BRDA:13,3,0,0
BRDA:13,3,1,0
BRDA:26,4,0,0
BRDA:26,4,1,0
BRDA:26,5,0,0
BRDA:26,5,1,0
BRDA:31,6,0,0
BRDA:31,6,1,0
BRF:14
BRH:2
end_of_record
TN:
SF:/Users/jlong/Documents/grapesJS/grapesjs/src/utils/index.js
FN:5,(anonymous_0)
FN:17,(anonymous_1)
FN:21,(anonymous_2)
FNF:3
FNH:3
FNDA:490,(anonymous_0)
FNDA:490,(anonymous_1)
FNDA:9,(anonymous_2)
DA:6,490
DA:18,490
LF:2
LH:2
BRF:0
BRH:0
end_of_record
TN:
SF:/Users/jlong/Documents/grapesJS/grapesjs/src/utils/mixins.js
FN:14,(anonymous_0)
FN:51,(anonymous_1)
FN:81,(anonymous_2)
FN:86,(anonymous_3)
FN:90,(anonymous_4)
FN:95,(anonymous_5)
FN:99,(anonymous_6)
FN:103,(anonymous_7)
FN:105,(anonymous_8)
FN:110,(anonymous_9)
FN:123,(anonymous_10)
FN:135,(anonymous_11)
FN:148,(anonymous_12)
FN:155,(anonymous_13)
FN:162,(anonymous_14)
FN:169,(anonymous_15)
FN:175,(anonymous_16)
FN:202,(anonymous_17)
FN:210,(anonymous_18)
FN:211,(anonymous_19)
FN:212,(anonymous_20)
FN:213,(anonymous_21)
FN:215,(anonymous_22)
FN:217,(anonymous_23)
FN:218,(anonymous_24)
FN:219,(anonymous_25)
FN:221,(anonymous_26)
FN:222,(anonymous_27)
FNF:28
FNH:15
FNDA:156,(anonymous_0)
FNDA:752,(anonymous_1)
FNDA:1665,(anonymous_2)
FNDA:2324,(anonymous_3)
FNDA:339,(anonymous_4)
FNDA:382,(anonymous_5)
FNDA:0,(anonymous_6)
FNDA:2233,(anonymous_7)
FNDA:2055,(anonymous_8)
FNDA:0,(anonymous_9)
FNDA:62,(anonymous_10)
FNDA:0,(anonymous_11)
FNDA:39,(anonymous_12)
FNDA:39,(anonymous_13)
FNDA:39,(anonymous_14)
FNDA:133,(anonymous_15)
FNDA:0,(anonymous_16)
FNDA:0,(anonymous_17)
FNDA:0,(anonymous_18)
FNDA:0,(anonymous_19)
FNDA:0,(anonymous_20)
FNDA:0,(anonymous_21)
FNDA:0,(anonymous_22)
FNDA:5493,(anonymous_23)
FNDA:0,(anonymous_24)
FNDA:0,(anonymous_25)
FNDA:0,(anonymous_26)
FNDA:947,(anonymous_27)
DA:3,70
DA:5,70
DA:14,70
DA:15,156
DA:17,156
DA:18,78
DA:20,78
DA:24,6
DA:25,6
DA:26,6
DA:27,6
DA:29,6
DA:30,6
DA:32,0
DA:36,78
DA:51,70
DA:52,752
DA:53,752
DA:55,752
DA:56,26
DA:57,26
DA:58,26
DA:60,26
DA:61,20
DA:62,16
DA:65,6
DA:70,752
DA:71,752
DA:72,752
DA:73,732
DA:78,752
DA:81,70
DA:82,1665
DA:83,1665
DA:85,1665
DA:86,2324
DA:90,70
DA:91,339
DA:92,339
DA:94,339
DA:95,391
DA:99,70
DA:100,0
DA:103,2233
DA:105,70
DA:106,2055
DA:107,2055
DA:110,70
DA:111,0
DA:112,0
DA:113,0
DA:115,0
DA:116,0
DA:117,0
DA:120,0
DA:123,70
DA:124,62
DA:135,70
DA:136,0
DA:137,0
DA:138,0
DA:139,0
DA:148,70
DA:155,70
DA:162,70
DA:169,70
DA:170,133
DA:171,133
DA:172,133
DA:175,70
DA:176,0
DA:182,0
DA:185,0
DA:186,0
DA:187,0
DA:188,0
DA:189,0
DA:192,0
DA:202,70
DA:203,0
DA:210,70
DA:211,70
DA:212,70
DA:213,70
DA:214,0
DA:215,70
DA:217,5493
DA:218,70
DA:219,70
DA:221,70
DA:222,70
DA:223,947
LF:92
LH:69
BRDA:5,0,0,70
BRDA:5,0,1,0
BRDA:5,0,2,0
BRDA:5,0,3,0
BRDA:14,1,0,78
BRDA:15,2,0,78
BRDA:15,2,1,78
BRDA:17,3,0,78
BRDA:17,3,1,78
BRDA:20,4,0,6
BRDA:20,4,1,72
BRDA:21,5,0,78
BRDA:21,5,1,78
BRDA:21,5,2,78
BRDA:29,6,0,6
BRDA:29,6,1,0
BRDA:56,7,0,26
BRDA:56,7,1,0
BRDA:60,8,0,20
BRDA:60,8,1,6
BRDA:61,9,0,16
BRDA:61,9,1,4
BRDA:71,10,0,752
BRDA:71,10,1,0
BRDA:72,11,0,732
BRDA:72,11,1,20
BRDA:83,12,0,13
BRDA:83,12,1,1652
BRDA:92,13,0,61
BRDA:92,13,1,278
BRDA:110,14,0,0
BRDA:110,15,0,0
BRDA:112,16,0,0
BRDA:112,16,1,0
BRDA:115,17,0,0
BRDA:115,17,1,0
BRDA:117,18,0,0
BRDA:117,18,1,0
BRDA:120,19,0,0
BRDA:120,19,1,0
BRDA:125,20,0,62
BRDA:125,20,1,0
BRDA:126,21,0,0
BRDA:126,21,1,0
BRDA:136,22,0,0
BRDA:136,22,1,0
BRDA:136,23,0,0
BRDA:136,23,1,0
BRDA:138,24,0,0
BRDA:138,24,1,0
BRDA:138,25,0,0
BRDA:138,25,1,0
BRDA:148,26,0,39
BRDA:148,26,1,39
BRDA:155,27,0,39
BRDA:155,27,1,39
BRDA:162,28,0,39
BRDA:162,28,1,39
BRDA:162,28,2,39
BRDA:171,29,0,133
BRDA:171,29,1,2
BRDA:182,30,0,0
BRDA:182,30,1,0
BRDA:185,31,0,0
BRDA:185,31,1,0
BRDA:193,32,0,0
BRDA:193,32,1,0
BRDA:193,33,0,0
BRDA:193,33,1,0
BRDA:203,34,0,0
BRDA:203,34,1,0
BRDA:203,35,0,0
BRDA:203,35,1,0
BRDA:210,36,0,0
BRDA:210,36,1,0
BRDA:214,37,0,0
BRDA:214,37,1,0
BRDA:214,37,2,0
BRDA:217,38,0,5493
BRDA:217,38,1,5398
BRDA:218,39,0,0
BRDA:218,39,1,0
BRDA:219,40,0,0
BRDA:219,40,1,0
BRF:84
BRH:36
end_of_record
TN:
SF:/Users/jlong/Documents/grapesJS/grapesjs/src/utils/polyfills.js
FN:6,(anonymous_0)
FN:11,(anonymous_1)
FN:33,(anonymous_2)
FNF:3
FNH:2
FNDA:70,(anonymous_0)
FNDA:70,(anonymous_1)
FNDA:0,(anonymous_2)
DA:11,70
DA:13,70
DA:14,70
DA:21,70
DA:22,280
DA:23,280
DA:24,280
DA:27,70
DA:30,70
DA:32,0
DA:33,0
DA:34,0
DA:35,0
LF:13
LH:9
BRDA:24,0,0,0
BRDA:24,0,1,280
BRDA:30,1,0,0
BRDA:30,1,1,70
BRDA:34,2,0,0
BRDA:34,2,1,0
BRF:6
BRH:2
end_of_record
TN:
SF:/Users/jlong/Documents/grapesJS/grapesjs/test/test_utils.js
FN:2,(anonymous_0)
FN:6,(anonymous_1)
FN:9,(anonymous_2)
FN:12,(anonymous_3)
FNF:4
FNH:1
FNDA:2,(anonymous_0)
FNDA:0,(anonymous_1)
FNDA:0,(anonymous_2)
FNDA:0,(anonymous_3)
DA:1,2
DA:3,2
DA:4,2
DA:7,0
DA:10,0
DA:13,0
LF:6
LH:3
BRF:0
BRH:0
end_of_record
